2026-03-05 12:01:02.011: [INFO] OnDoneLoading sync enabled: 0
2026-03-05 12:01:02.013: [INFO] RecordSyncInitDuration has_sync_been_enabled: 0 state: 0
2026-03-05 12:01:05.794: [INFO] RecordSyncInitDuration has_sync_been_enabled: 0 state: 3
2026-03-05 12:01:05.802: [INFO] Primary account changed.
2026-03-05 12:01:05.802: [INFO] OnPrimaryAccountChanged PrimaryAccountChangeEvent::Type::kSet
2026-03-05 12:01:05.836: [INFO] RecordSyncInitDuration has_sync_been_enabled: 0 state: 3
2026-03-05 12:01:07.411: [INFO] BookmarkNodeAdded, ABU: 0
2026-03-05 12:01:07.412: [INFO] BookmarkNodeAdded, ABU: 0
2026-03-05 12:01:07.412: [INFO] BookmarkNodeAdded, ABU: 0
2026-03-05 12:01:07.413: [INFO] BookmarkNodeAdded, ABU: 0
2026-03-05 12:01:07.414: [INFO] BookmarkNodeAdded, ABU: 0
2026-03-05 12:01:07.414: [INFO] BookmarkNodeAdded, ABU: 0
2026-03-05 12:01:07.415: [INFO] BookmarkNodeAdded, ABU: 0
2026-03-05 12:01:07.415: [INFO] BookmarkNodeAdded, ABU: 0
2026-03-05 12:01:07.416: [INFO] BookmarkNodeAdded, ABU: 0
2026-03-05 12:01:07.416: [INFO] BookmarkNodeAdded, ABU: 0
2026-03-05 12:01:07.417: [INFO] BookmarkNodeAdded, ABU: 0
2026-03-05 12:01:07.417: [INFO] BookmarkNodeAdded, ABU: 0
2026-03-05 12:01:07.418: [INFO] BookmarkNodeAdded, ABU: 0
2026-03-05 12:01:07.419: [INFO] BookmarkNodeAdded, ABU: 0
2026-03-05 12:01:07.419: [INFO] BookmarkNodeAdded, ABU: 0
2026-03-05 12:01:07.420: [INFO] BookmarkNodeAdded, ABU: 0
2026-03-05 12:01:12.604: [INFO] Sync initialization duration: 6553ms
2026-03-05 12:08:29.123: [INFO] OnDoneLoading sync enabled: 1
2026-03-05 12:08:30.826: [INFO] BookmarkNodeAdded, ABU: 0
2026-03-05 12:08:30.827: [INFO] BookmarkNodeAdded, ABU: 0
2026-03-05 12:08:30.827: [INFO] BookmarkNodeAdded, ABU: 0
2026-03-05 12:08:30.827: [INFO] BookmarkNodeAdded, ABU: 0
2026-03-05 12:08:30.828: [INFO] BookmarkNodeAdded, ABU: 0
2026-03-05 12:08:30.828: [INFO] BookmarkNodeAdded, ABU: 0
2026-03-05 12:08:30.829: [INFO] BookmarkNodeAdded, ABU: 0
2026-03-05 12:08:30.829: [INFO] BookmarkNodeAdded, ABU: 0
2026-03-05 12:08:30.830: [INFO] BookmarkNodeAdded, ABU: 0
2026-03-05 12:08:30.830: [INFO] BookmarkNodeAdded, ABU: 0
2026-03-05 12:08:30.831: [INFO] BookmarkNodeAdded, ABU: 0
2026-03-05 12:08:30.831: [INFO] BookmarkNodeAdded, ABU: 0
2026-03-05 12:08:30.832: [INFO] BookmarkNodeAdded, ABU: 0
2026-03-05 12:08:30.832: [INFO] BookmarkNodeAdded, ABU: 0
2026-03-05 12:08:30.833: [INFO] BookmarkNodeAdded, ABU: 0
2026-03-05 12:08:30.833: [INFO] BookmarkNodeAdded, ABU: 0
2026-03-05 12:08:30.873: [INFO] Sync initialization duration: 1617ms
2026-03-05 12:09:24.779: [INFO] OnDoneLoading sync enabled: 0
2026-03-05 12:09:25.425: [INFO] Primary account changed.
2026-03-05 12:09:25.425: [INFO] OnPrimaryAccountChanged PrimaryAccountChangeEvent::Type::kSet
2026-03-05 12:09:31.068: [INFO] Sync initialization duration: 6287ms
2026-03-05 12:09:45.910: [INFO] VisibilityChanged: 0
2026-03-05 12:16:03.957: [INFO] OnDoneLoading sync enabled: 1
2026-03-05 12:16:05.375: [INFO] Sync initialization duration: 1278ms
2026-03-05 12:42:36.078: [INFO] OnDoneLoading sync enabled: 0
2026-03-05 12:42:36.791: [INFO] Primary account changed.
2026-03-05 12:42:36.791: [INFO] OnPrimaryAccountChanged PrimaryAccountChangeEvent::Type::kSet
2026-03-05 12:42:43.101: [INFO] Sync initialization duration: 7021ms
2026-03-05 12:50:40.301: [INFO] OnDoneLoading sync enabled: 1
2026-03-05 12:50:41.717: [INFO] Sync initialization duration: 1277ms
2026-03-05 12:56:52.317: [INFO] OnDoneLoading sync enabled: 0
2026-03-05 12:56:54.953: [INFO] Primary account changed.
2026-03-05 12:56:54.953: [INFO] OnPrimaryAccountChanged PrimaryAccountChangeEvent::Type::kSet
2026-03-05 12:57:00.035: [INFO] Sync initialization duration: 7717ms
2026-03-05 13:01:35.202: [INFO] OnDoneLoading sync enabled: 1
2026-03-05 13:01:36.848: [INFO] Sync initialization duration: 1502ms
2026-03-05 13:07:04.267: [INFO] OnDoneLoading sync enabled: 0
2026-03-05 13:07:04.849: [INFO] Primary account changed.
2026-03-05 13:07:04.849: [INFO] OnPrimaryAccountChanged PrimaryAccountChangeEvent::Type::kSet
2026-03-05 13:07:09.807: [INFO] Sync initialization duration: 5538ms
2026-03-05 14:19:26.403: [INFO] VisibilityChanged: 0
2026-03-05 14:21:15.847: [INFO] VisibilityChanged: 0
