{"logTime": "0305/125041", "correlationVector":"JQvt4k7ZH7mradWD7sBPkT.1","action":"SyncServerConnectionManagerRequest", "result":"SYNC_SERVER_OK", "context":{"environment":"Prod_westeurope_prod-s01-080-eur-westeurope", "migrationStage":"NotStarted", "server":"akswtt112000002"}}
{"logTime": "0305/125041", "correlationVector":"JQvt4k7ZH7mradWD7sBPkT.2","action":"ProcessGetUpdates", "result":"Done", "context":{"dataType":"Sessions", "deleted":"0", "process_failed_to_decrypt":"0", "process_pending_decryption":"0", "process_success":"2", "total":"2"}}
{"logTime": "0305/125041", "correlationVector":"JQvt4k7ZH7mradWD7sBPkT.3","action":"ProcessGetUpdates", "result":"Done", "context":{"dataType":"Device Info", "deleted":"0", "process_failed_to_decrypt":"0", "process_pending_decryption":"0", "process_success":"1", "total":"1"}}
{"logTime": "0305/125041", "correlationVector":"JQvt4k7ZH7mradWD7sBPkT.4","action":"ProcessGetUpdates", "result":"Done", "context":{"dataType":"History", "deleted":"0", "process_failed_to_decrypt":"0", "process_pending_decryption":"0", "process_success":"1", "total":"1"}}
{"logTime": "0305/125041", "correlationVector":"JQvt4k7ZH7mradWD7sBPkT.5","action":"GetUpdates Response", "result":"Success", "context":Received 4 update(s). cV=JQvt4k7ZH7mradWD7sBPkT.0;server=akswtt112000002;cloudType=Multitenant;environment=Prod_westeurope_prod-s01-080-eur-westeurope;migrationStage=NotStarted}
{"logTime": "0305/125041", "correlationVector":"JCeYf4r5e4YwV5qBFfO4aa","action":"Commit Request", "result":"", "context":Item count: 5
Contributing types: Sessions, Device Info, History}
{"logTime": "0305/125042", "correlationVector":"JCeYf4r5e4YwV5qBFfO4aa.1","action":"SyncServerConnectionManagerRequest", "result":"SYNC_SERVER_OK", "context":{"environment":"Prod_westeurope_prod-s01-080-eur-westeurope", "migrationStage":"NotStarted", "server":"akswtt11200001h"}}
{"logTime": "0305/125042", "correlationVector":"JCeYf4r5e4YwV5qBFfO4aa.2","action":"Commit Response", "result":"Success", "context":Result: Success. cV=JCeYf4r5e4YwV5qBFfO4aa.0;server=akswtt11200001h;cloudType=Multitenant;environment=Prod_westeurope_prod-s01-080-eur-westeurope;migrationStage=NotStarted}
{"logTime": "0305/125146", "correlationVector":"j5iHC6vRd/szVSVuo9bw5g","action":"Commit Request", "result":"", "context":Item count: 2
Contributing types: Sessions, History}
{"logTime": "0305/125146", "correlationVector":"j5iHC6vRd/szVSVuo9bw5g.1","action":"SyncServerConnectionManagerRequest", "result":"SYNC_SERVER_OK", "context":{"environment":"Prod_westeurope_prod-s01-080-eur-westeurope", "migrationStage":"NotStarted", "server":"akswtt112000007"}}
{"logTime": "0305/125146", "correlationVector":"j5iHC6vRd/szVSVuo9bw5g.2","action":"Commit Response", "result":"Success", "context":Result: Success. cV=j5iHC6vRd/szVSVuo9bw5g.0;server=akswtt112000007;cloudType=Multitenant;environment=Prod_westeurope_prod-s01-080-eur-westeurope;migrationStage=NotStarted}
{"logTime": "0305/125506", "correlationVector":"86JJPJ2+uYPh8A5gFSHyrA","action":"Normal GetUpdate request", "result":"", "context":cV=86JJPJ2+uYPh8A5gFSHyrA
Notified types: Autofill, History}
{"logTime": "0305/125507", "correlationVector":"86JJPJ2+uYPh8A5gFSHyrA.1","action":"SyncServerConnectionManagerRequest", "result":"SYNC_SERVER_OK", "context":{"environment":"Prod_westeurope_prod-s01-080-eur-westeurope", "migrationStage":"NotStarted", "server":"akswtt11200000o"}}
{"logTime": "0305/125507", "correlationVector":"86JJPJ2+uYPh8A5gFSHyrA.2","action":"ProcessGetUpdates", "result":"Done", "context":{"dataType":"Autofill", "deleted":"0", "process_failed_to_decrypt":"0", "process_pending_decryption":"0", "process_success":"9", "total":"9"}}
{"logTime": "0305/125507", "correlationVector":"86JJPJ2+uYPh8A5gFSHyrA.3","action":"ProcessGetUpdates", "result":"Done", "context":{"dataType":"Sessions", "deleted":"2", "process_failed_to_decrypt":"0", "process_pending_decryption":"0", "process_success":"9", "total":"9"}}
{"logTime": "0305/125507", "correlationVector":"86JJPJ2+uYPh8A5gFSHyrA.4","action":"ProcessGetUpdates", "result":"Done", "context":{"dataType":"Device Info", "deleted":"0", "process_failed_to_decrypt":"0", "process_pending_decryption":"0", "process_success":"1", "total":"1"}}
{"logTime": "0305/125507", "correlationVector":"86JJPJ2+uYPh8A5gFSHyrA.5","action":"ProcessGetUpdates", "result":"Done", "context":{"dataType":"History", "deleted":"0", "process_failed_to_decrypt":"0", "process_pending_decryption":"0", "process_success":"8", "total":"8"}}
{"logTime": "0305/125507", "correlationVector":"86JJPJ2+uYPh8A5gFSHyrA.6","action":"GetUpdates Response", "result":"Success", "context":Received 27 update(s). cV=86JJPJ2+uYPh8A5gFSHyrA.0;server=akswtt11200000o;cloudType=Multitenant;environment=Prod_westeurope_prod-s01-080-eur-westeurope;migrationStage=NotStarted}
{"logTime": "0305/125607", "correlationVector":"KRJWwkO662QxYfMRnOX6h1","action":"Normal GetUpdate request", "result":"", "context":cV=KRJWwkO662QxYfMRnOX6h1
Notified types: History}
{"logTime": "0305/125607", "correlationVector":"KRJWwkO662QxYfMRnOX6h1.1","action":"SyncServerConnectionManagerRequest", "result":"SYNC_SERVER_OK", "context":{"environment":"Prod_westeurope_prod-s01-080-eur-westeurope", "migrationStage":"NotStarted", "server":"akswtt11200001u"}}
{"logTime": "0305/125607", "correlationVector":"KRJWwkO662QxYfMRnOX6h1.2","action":"ProcessGetUpdates", "result":"Done", "context":{"dataType":"Sessions", "deleted":"0", "process_failed_to_decrypt":"0", "process_pending_decryption":"0", "process_success":"1", "total":"1"}}
{"logTime": "0305/125607", "correlationVector":"KRJWwkO662QxYfMRnOX6h1.3","action":"ProcessGetUpdates", "result":"Done", "context":{"dataType":"History", "deleted":"0", "process_failed_to_decrypt":"0", "process_pending_decryption":"0", "process_success":"1", "total":"1"}}
{"logTime": "0305/125607", "correlationVector":"KRJWwkO662QxYfMRnOX6h1.4","action":"GetUpdates Response", "result":"Success", "context":Received 2 update(s). cV=KRJWwkO662QxYfMRnOX6h1.0;server=akswtt11200001u;cloudType=Multitenant;environment=Prod_westeurope_prod-s01-080-eur-westeurope;migrationStage=NotStarted}
{"logTime": "0305/125655", "correlationVector":"hJV2pbmNeminScVErrSp+r.1","action":"SyncServerConnectionManagerRequest", "result":"SYNC_SERVER_OK", "context":{"environment":"Prod_westeurope_prod-s01-080-eur-westeurope", "migrationStage":"NotStarted", "server":"akswtt112000001"}}
{"logTime": "0305/125655", "correlationVector":"hJV2pbmNeminScVErrSp+r.2","action":"AAD.Mip.Unpack", "result":"Success", "context":MIP_CLOUD_COMMERCIAL:Success}
{"logTime": "0305/125655", "correlationVector":"hJV2pbmNeminScVErrSp+r.3","action":"EncryptionKeysManager::SetEncryptionKeys:", "result":"Success", "context":Key names[1]:[LxgSmWbw0FPoFEW+yPUhbFFs3Qr9iqvc8gNqvC/KRfP8x4V9ncEO55xsXH6tqz0ePDWpjiYMOCdd27SsPhs/tA==]}
{"logTime": "0305/125655", "correlationVector":"hJV2pbmNeminScVErrSp+r.4","action":"AAD.GetKeyResponse", "result":"Success", "context":Keys=1.LastKeyStatus=Active. 2025-09-17 15:29:34 +02.State=None. Tags: Current_encryption_keys_tag = Nu+/vWXvv70id++/vQnvv70aHG/vv70z77+9Bzbvv71XMu+/vXUX77+9f++/vU7vv71H77+977+9, Updated_current_encryption_keys_tag = Empty. Emails: ["xd6696@engie.com"]}
{"logTime": "0305/125655", "correlationVector":"hJV2pbmNeminScVErrSp+r.5","action":"ProcessGetUpdates", "result":"Done", "context":{"dataType":"Encryption Keys", "deleted":"0", "process_failed_to_decrypt":"0", "process_pending_decryption":"0", "process_success":"1", "total":"1"}}
{"logTime": "0305/125655", "correlationVector":"hJV2pbmNeminScVErrSp+r","action":"Initial GetUpdates", "result":"", "context":Reason: NEW_CLIENT. cV=hJV2pbmNeminScVErrSp+r}
{"logTime": "0305/125655", "correlationVector":"hJV2pbmNeminScVErrSp+r.6","action":"GetUpdates Response", "result":"Success", "context":Received 1 update(s). cV=hJV2pbmNeminScVErrSp+r.0;server=akswtt112000001;cloudType=Multitenant;environment=Prod_westeurope_prod-s01-080-eur-westeurope;migrationStage=NotStarted}
{"logTime": "0305/125655", "correlationVector":"+wYVi4DYJ6XFjghV1kB0Ez","action":"Initial GetUpdates", "result":"", "context":Reason: NEWLY_SUPPORTED_DATATYPE. cV=+wYVi4DYJ6XFjghV1kB0Ez}
{"logTime": "0305/125656", "correlationVector":"+wYVi4DYJ6XFjghV1kB0Ez.1","action":"SyncServerConnectionManagerRequest", "result":"SYNC_SERVER_OK", "context":{"environment":"Prod_westeurope_prod-s01-080-eur-westeurope", "migrationStage":"NotStarted", "server":"akswtt11200001i"}}
{"logTime": "0305/125656", "correlationVector":"+wYVi4DYJ6XFjghV1kB0Ez.2","action":"ProcessGetUpdates", "result":"Done", "context":{"dataType":"Preferences", "deleted":"0", "process_failed_to_decrypt":"0", "process_pending_decryption":"0", "process_success":"42", "total":"42"}}
{"logTime": "0305/125656", "correlationVector":"+wYVi4DYJ6XFjghV1kB0Ez.3","action":"ProcessGetUpdates", "result":"Done", "context":{"dataType":"Passwords", "deleted":"0", "process_failed_to_decrypt":"0", "process_pending_decryption":"0", "process_success":"6", "total":"6"}}
{"logTime": "0305/125656", "correlationVector":"+wYVi4DYJ6XFjghV1kB0Ez.4","action":"ProcessGetUpdates", "result":"Done", "context":{"dataType":"Device Info", "deleted":"0", "process_failed_to_decrypt":"0", "process_pending_decryption":"0", "process_success":"4", "total":"4"}}
{"logTime": "0305/125656", "correlationVector":"+wYVi4DYJ6XFjghV1kB0Ez.5","action":"GetUpdates Response", "result":"Success", "context":Received 52 update(s). cV=+wYVi4DYJ6XFjghV1kB0Ez.0;server=akswtt11200001i;cloudType=Multitenant;environment=Prod_westeurope_prod-s01-080-eur-westeurope;migrationStage=NotStarted}
{"logTime": "0305/125656", "correlationVector":"qBX80aOzI+HvjC4RNNxfVV","action":"Initial GetUpdates", "result":"", "context":Reason: NEWLY_SUPPORTED_DATATYPE. cV=qBX80aOzI+HvjC4RNNxfVV}
{"logTime": "0305/125656", "correlationVector":"qBX80aOzI+HvjC4RNNxfVV.1","action":"SyncServerConnectionManagerRequest", "result":"SYNC_SERVER_OK", "context":{"environment":"Prod_westeurope_prod-s01-080-eur-westeurope", "migrationStage":"NotStarted", "server":"akswtt11200000a"}}
{"logTime": "0305/125656", "correlationVector":"qBX80aOzI+HvjC4RNNxfVV.2","action":"ProcessGetUpdates", "result":"Done", "context":{"dataType":"Bookmarks", "deleted":"3", "process_failed_to_decrypt":"0", "process_pending_decryption":"0", "process_success":"25", "total":"25"}}
{"logTime": "0305/125656", "correlationVector":"qBX80aOzI+HvjC4RNNxfVV.3","action":"GetUpdates Response", "result":"Success", "context":Received 25 update(s). cV=qBX80aOzI+HvjC4RNNxfVV.0;server=akswtt11200000a;cloudType=Multitenant;environment=Prod_westeurope_prod-s01-080-eur-westeurope;migrationStage=NotStarted}
{"logTime": "0305/125656", "correlationVector":"llFpmuswim2X0OeUIoab+o","action":"Initial GetUpdates", "result":"", "context":Reason: NEWLY_SUPPORTED_DATATYPE. cV=llFpmuswim2X0OeUIoab+o}
{"logTime": "0305/125656", "correlationVector":"llFpmuswim2X0OeUIoab+o.1","action":"SyncServerConnectionManagerRequest", "result":"SYNC_SERVER_OK", "context":{"environment":"Prod_westeurope_prod-s01-080-eur-westeurope", "migrationStage":"NotStarted", "server":"akswtt11200001u"}}
{"logTime": "0305/125656", "correlationVector":"llFpmuswim2X0OeUIoab+o.2","action":"ProcessGetUpdates", "result":"Done", "context":{"dataType":"Autofill", "deleted":"0", "process_failed_to_decrypt":"0", "process_pending_decryption":"0", "process_success":"249", "total":"249"}}
{"logTime": "0305/125656", "correlationVector":"llFpmuswim2X0OeUIoab+o.3","action":"ProcessGetUpdates", "result":"Done", "context":{"dataType":"Extensions", "deleted":"0", "process_failed_to_decrypt":"0", "process_pending_decryption":"0", "process_success":"1", "total":"1"}}
{"logTime": "0305/125656", "correlationVector":"llFpmuswim2X0OeUIoab+o.4","action":"GetUpdates Response", "result":"Success", "context":Received 250 update(s). cV=llFpmuswim2X0OeUIoab+o.0;server=akswtt11200001u;cloudType=Multitenant;environment=Prod_westeurope_prod-s01-080-eur-westeurope;migrationStage=NotStarted Some updates remain.}
{"logTime": "0305/125656", "correlationVector":"EECoM4ETBD7vyTFDW0w1SM","action":"Initial GetUpdates", "result":"", "context":Reason: NEWLY_SUPPORTED_DATATYPE. cV=EECoM4ETBD7vyTFDW0w1SM}
{"logTime": "0305/125657", "correlationVector":"EECoM4ETBD7vyTFDW0w1SM.1","action":"SyncServerConnectionManagerRequest", "result":"SYNC_SERVER_OK", "context":{"environment":"Prod_westeurope_prod-s01-080-eur-westeurope", "migrationStage":"NotStarted", "server":"akswtt11200001a"}}
{"logTime": "0305/125657", "correlationVector":"EECoM4ETBD7vyTFDW0w1SM.2","action":"ProcessGetUpdates", "result":"Done", "context":{"dataType":"Autofill Profiles", "deleted":"0", "process_failed_to_decrypt":"0", "process_pending_decryption":"0", "process_success":"2", "total":"2"}}
{"logTime": "0305/125657", "correlationVector":"EECoM4ETBD7vyTFDW0w1SM.3","action":"ProcessGetUpdates", "result":"Done", "context":{"dataType":"Autofill", "deleted":"0", "process_failed_to_decrypt":"0", "process_pending_decryption":"0", "process_success":"248", "total":"248"}}
{"logTime": "0305/125657", "correlationVector":"EECoM4ETBD7vyTFDW0w1SM.4","action":"GetUpdates Response", "result":"Success", "context":Received 250 update(s). cV=EECoM4ETBD7vyTFDW0w1SM.0;server=akswtt11200001a;cloudType=Multitenant;environment=Prod_westeurope_prod-s01-080-eur-westeurope;migrationStage=NotStarted Some updates remain.}
{"logTime": "0305/125657", "correlationVector":"GyIPO2u5wK7WrUUc7DN+2O","action":"Initial GetUpdates", "result":"", "context":Reason: NEWLY_SUPPORTED_DATATYPE. cV=GyIPO2u5wK7WrUUc7DN+2O}
{"logTime": "0305/125657", "correlationVector":"GyIPO2u5wK7WrUUc7DN+2O.1","action":"SyncServerConnectionManagerRequest", "result":"SYNC_SERVER_OK", "context":{"environment":"Prod_westeurope_prod-s01-080-eur-westeurope", "migrationStage":"NotStarted", "server":"akswtt11200001v"}}
{"logTime": "0305/125657", "correlationVector":"GyIPO2u5wK7WrUUc7DN+2O.2","action":"ProcessGetUpdates", "result":"Done", "context":{"dataType":"Autofill Profiles", "deleted":"0", "process_failed_to_decrypt":"0", "process_pending_decryption":"0", "process_success":"9", "total":"9"}}
{"logTime": "0305/125657", "correlationVector":"GyIPO2u5wK7WrUUc7DN+2O.3","action":"ProcessGetUpdates", "result":"Done", "context":{"dataType":"Autofill", "deleted":"0", "process_failed_to_decrypt":"0", "process_pending_decryption":"0", "process_success":"219", "total":"219"}}
{"logTime": "0305/125657", "correlationVector":"GyIPO2u5wK7WrUUc7DN+2O.4","action":"ProcessGetUpdates", "result":"Done", "context":{"dataType":"Sessions", "deleted":"19", "process_failed_to_decrypt":"0", "process_pending_decryption":"0", "process_success":"19", "total":"19"}}
{"logTime": "0305/125657", "correlationVector":"GyIPO2u5wK7WrUUc7DN+2O.5","action":"ProcessGetUpdates", "result":"Done", "context":{"dataType":"Saved Tab Group", "deleted":"3", "process_failed_to_decrypt":"0", "process_pending_decryption":"0", "process_success":"3", "total":"3"}}
{"logTime": "0305/125657", "correlationVector":"GyIPO2u5wK7WrUUc7DN+2O.6","action":"GetUpdates Response", "result":"Success", "context":Received 250 update(s). cV=GyIPO2u5wK7WrUUc7DN+2O.0;server=akswtt11200001v;cloudType=Multitenant;environment=Prod_westeurope_prod-s01-080-eur-westeurope;migrationStage=NotStarted Some updates remain.}
{"logTime": "0305/125657", "correlationVector":"sO6pP6rIIrRNyPTK9H2CVf","action":"Initial GetUpdates", "result":"", "context":Reason: NEWLY_SUPPORTED_DATATYPE. cV=sO6pP6rIIrRNyPTK9H2CVf}
{"logTime": "0305/125658", "correlationVector":"sO6pP6rIIrRNyPTK9H2CVf.1","action":"SyncServerConnectionManagerRequest", "result":"SYNC_SERVER_OK", "context":{"environment":"Prod_westeurope_prod-s01-080-eur-westeurope", "migrationStage":"NotStarted", "server":"akswtt11200001m"}}
{"logTime": "0305/125658", "correlationVector":"sO6pP6rIIrRNyPTK9H2CVf.2","action":"ProcessGetUpdates", "result":"Done", "context":{"dataType":"Autofill", "deleted":"0", "process_failed_to_decrypt":"0", "process_pending_decryption":"0", "process_success":"88", "total":"88"}}
{"logTime": "0305/125658", "correlationVector":"sO6pP6rIIrRNyPTK9H2CVf.3","action":"ProcessGetUpdates", "result":"Done", "context":{"dataType":"Sessions", "deleted":"162", "process_failed_to_decrypt":"0", "process_pending_decryption":"0", "process_success":"162", "total":"162"}}
{"logTime": "0305/125658", "correlationVector":"sO6pP6rIIrRNyPTK9H2CVf.4","action":"GetUpdates Response", "result":"Success", "context":Received 250 update(s). cV=sO6pP6rIIrRNyPTK9H2CVf.0;server=akswtt11200001m;cloudType=Multitenant;environment=Prod_westeurope_prod-s01-080-eur-westeurope;migrationStage=NotStarted Some updates remain.}
{"logTime": "0305/125658", "correlationVector":"S1xI50SLksZwa/OTaZIiIg","action":"Initial GetUpdates", "result":"", "context":Reason: NEWLY_SUPPORTED_DATATYPE. cV=S1xI50SLksZwa/OTaZIiIg}
{"logTime": "0305/125658", "correlationVector":"S1xI50SLksZwa/OTaZIiIg.1","action":"SyncServerConnectionManagerRequest", "result":"SYNC_SERVER_OK", "context":{"environment":"Prod_westeurope_prod-s01-080-eur-westeurope", "migrationStage":"NotStarted", "server":"akswtt11200001i"}}
{"logTime": "0305/125658", "correlationVector":"S1xI50SLksZwa/OTaZIiIg.2","action":"ProcessGetUpdates", "result":"Done", "context":{"dataType":"Autofill", "deleted":"0", "process_failed_to_decrypt":"0", "process_pending_decryption":"0", "process_success":"85", "total":"85"}}
{"logTime": "0305/125658", "correlationVector":"S1xI50SLksZwa/OTaZIiIg.3","action":"ProcessGetUpdates", "result":"Done", "context":{"dataType":"Sessions", "deleted":"161", "process_failed_to_decrypt":"0", "process_pending_decryption":"0", "process_success":"161", "total":"161"}}
{"logTime": "0305/125658", "correlationVector":"S1xI50SLksZwa/OTaZIiIg.4","action":"ProcessGetUpdates", "result":"Done", "context":{"dataType":"Edge Hub App Usage", "deleted":"3", "process_failed_to_decrypt":"0", "process_pending_decryption":"0", "process_success":"4", "total":"4"}}
{"logTime": "0305/125658", "correlationVector":"S1xI50SLksZwa/OTaZIiIg.5","action":"GetUpdates Response", "result":"Success", "context":Received 250 update(s). cV=S1xI50SLksZwa/OTaZIiIg.0;server=akswtt11200001i;cloudType=Multitenant;environment=Prod_westeurope_prod-s01-080-eur-westeurope;migrationStage=NotStarted Some updates remain.}
{"logTime": "0305/125658", "correlationVector":"Cd4ZUwP5UrjMtFqjPC+UVF","action":"Initial GetUpdates", "result":"", "context":Reason: NEWLY_SUPPORTED_DATATYPE. cV=Cd4ZUwP5UrjMtFqjPC+UVF}
{"logTime": "0305/125658", "correlationVector":"Cd4ZUwP5UrjMtFqjPC+UVF.1","action":"SyncServerConnectionManagerRequest", "result":"SYNC_SERVER_OK", "context":{"environment":"Prod_westeurope_prod-s01-080-eur-westeurope", "migrationStage":"NotStarted", "server":"akswtt11200001b"}}
{"logTime": "0305/125658", "correlationVector":"Cd4ZUwP5UrjMtFqjPC+UVF.2","action":"ProcessGetUpdates", "result":"Done", "context":{"dataType":"Autofill", "deleted":"0", "process_failed_to_decrypt":"0", "process_pending_decryption":"0", "process_success":"89", "total":"89"}}
{"logTime": "0305/125658", "correlationVector":"Cd4ZUwP5UrjMtFqjPC+UVF.3","action":"ProcessGetUpdates", "result":"Done", "context":{"dataType":"Sessions", "deleted":"161", "process_failed_to_decrypt":"0", "process_pending_decryption":"0", "process_success":"161", "total":"161"}}
{"logTime": "0305/125658", "correlationVector":"Cd4ZUwP5UrjMtFqjPC+UVF.4","action":"GetUpdates Response", "result":"Success", "context":Received 250 update(s). cV=Cd4ZUwP5UrjMtFqjPC+UVF.0;server=akswtt11200001b;cloudType=Multitenant;environment=Prod_westeurope_prod-s01-080-eur-westeurope;migrationStage=NotStarted Some updates remain.}
{"logTime": "0305/125658", "correlationVector":"TN9apRTOrEqhITgC/z/YWc","action":"Initial GetUpdates", "result":"", "context":Reason: NEWLY_SUPPORTED_DATATYPE. cV=TN9apRTOrEqhITgC/z/YWc}
{"logTime": "0305/125659", "correlationVector":"TN9apRTOrEqhITgC/z/YWc.1","action":"SyncServerConnectionManagerRequest", "result":"SYNC_SERVER_OK", "context":{"environment":"Prod_westeurope_prod-s01-080-eur-westeurope", "migrationStage":"NotStarted", "server":"akswtt11200001a"}}
{"logTime": "0305/125659", "correlationVector":"TN9apRTOrEqhITgC/z/YWc.2","action":"ProcessGetUpdates", "result":"Done", "context":{"dataType":"Autofill Profiles", "deleted":"0", "process_failed_to_decrypt":"0", "process_pending_decryption":"0", "process_success":"5", "total":"5"}}
{"logTime": "0305/125659", "correlationVector":"TN9apRTOrEqhITgC/z/YWc.3","action":"ProcessGetUpdates", "result":"Done", "context":{"dataType":"Autofill", "deleted":"0", "process_failed_to_decrypt":"0", "process_pending_decryption":"0", "process_success":"88", "total":"88"}}
{"logTime": "0305/125659", "correlationVector":"TN9apRTOrEqhITgC/z/YWc.4","action":"ProcessGetUpdates", "result":"Done", "context":{"dataType":"Sessions", "deleted":"152", "process_failed_to_decrypt":"0", "process_pending_decryption":"0", "process_success":"152", "total":"152"}}
{"logTime": "0305/125659", "correlationVector":"TN9apRTOrEqhITgC/z/YWc.5","action":"ProcessGetUpdates", "result":"Done", "context":{"dataType":"Saved Tab Group", "deleted":"1", "process_failed_to_decrypt":"0", "process_pending_decryption":"0", "process_success":"3", "total":"3"}}
{"logTime": "0305/125659", "correlationVector":"TN9apRTOrEqhITgC/z/YWc.6","action":"ProcessGetUpdates", "result":"Done", "context":{"dataType":"Edge Hub App Usage", "deleted":"1", "process_failed_to_decrypt":"0", "process_pending_decryption":"0", "process_success":"2", "total":"2"}}
{"logTime": "0305/125659", "correlationVector":"TN9apRTOrEqhITgC/z/YWc.7","action":"GetUpdates Response", "result":"Success", "context":Received 250 update(s). cV=TN9apRTOrEqhITgC/z/YWc.0;server=akswtt11200001a;cloudType=Multitenant;environment=Prod_westeurope_prod-s01-080-eur-westeurope;migrationStage=NotStarted Some updates remain.}
{"logTime": "0305/125659", "correlationVector":"I/+pZBJ6O30W4eNJ72AqxY","action":"Initial GetUpdates", "result":"", "context":Reason: NEWLY_SUPPORTED_DATATYPE. cV=I/+pZBJ6O30W4eNJ72AqxY}
{"logTime": "0305/125659", "correlationVector":"I/+pZBJ6O30W4eNJ72AqxY.1","action":"SyncServerConnectionManagerRequest", "result":"SYNC_SERVER_OK", "context":{"environment":"Prod_westeurope_prod-s01-080-eur-westeurope", "migrationStage":"NotStarted", "server":"akswtt11200000a"}}
{"logTime": "0305/125659", "correlationVector":"I/+pZBJ6O30W4eNJ72AqxY.2","action":"ProcessGetUpdates", "result":"Done", "context":{"dataType":"Autofill Profiles", "deleted":"0", "process_failed_to_decrypt":"0", "process_pending_decryption":"0", "process_success":"3", "total":"3"}}
{"logTime": "0305/125659", "correlationVector":"I/+pZBJ6O30W4eNJ72AqxY.3","action":"ProcessGetUpdates", "result":"Done", "context":{"dataType":"Autofill", "deleted":"0", "process_failed_to_decrypt":"0", "process_pending_decryption":"0", "process_success":"100", "total":"100"}}
{"logTime": "0305/125659", "correlationVector":"I/+pZBJ6O30W4eNJ72AqxY.4","action":"ProcessGetUpdates", "result":"Done", "context":{"dataType":"Sessions", "deleted":"147", "process_failed_to_decrypt":"0", "process_pending_decryption":"0", "process_success":"147", "total":"147"}}
{"logTime": "0305/125659", "correlationVector":"I/+pZBJ6O30W4eNJ72AqxY.5","action":"GetUpdates Response", "result":"Success", "context":Received 250 update(s). cV=I/+pZBJ6O30W4eNJ72AqxY.0;server=akswtt11200000a;cloudType=Multitenant;environment=Prod_westeurope_prod-s01-080-eur-westeurope;migrationStage=NotStarted Some updates remain.}
{"logTime": "0305/125659", "correlationVector":"MIOcXcf24xJqpHgM5mhKAW","action":"Initial GetUpdates", "result":"", "context":Reason: NEWLY_SUPPORTED_DATATYPE. cV=MIOcXcf24xJqpHgM5mhKAW}
{"logTime": "0305/125700", "correlationVector":"MIOcXcf24xJqpHgM5mhKAW.1","action":"SyncServerConnectionManagerRequest", "result":"SYNC_SERVER_OK", "context":{"environment":"Prod_westeurope_prod-s01-080-eur-westeurope", "migrationStage":"NotStarted", "server":"akswtt11200001c"}}
{"logTime": "0305/125700", "correlationVector":"MIOcXcf24xJqpHgM5mhKAW.2","action":"ProcessGetUpdates", "result":"Done", "context":{"dataType":"Autofill Profiles", "deleted":"0", "process_failed_to_decrypt":"0", "process_pending_decryption":"0", "process_success":"1", "total":"1"}}
{"logTime": "0305/125700", "correlationVector":"MIOcXcf24xJqpHgM5mhKAW.3","action":"ProcessGetUpdates", "result":"Done", "context":{"dataType":"Autofill", "deleted":"0", "process_failed_to_decrypt":"0", "process_pending_decryption":"0", "process_success":"31", "total":"31"}}
{"logTime": "0305/125700", "correlationVector":"MIOcXcf24xJqpHgM5mhKAW.4","action":"ProcessGetUpdates", "result":"Done", "context":{"dataType":"Sessions", "deleted":"89", "process_failed_to_decrypt":"0", "process_pending_decryption":"0", "process_success":"97", "total":"97"}}
{"logTime": "0305/125700", "correlationVector":"MIOcXcf24xJqpHgM5mhKAW.5","action":"ProcessGetUpdates", "result":"Done", "context":{"dataType":"Edge Hub App Usage", "deleted":"1", "process_failed_to_decrypt":"0", "process_pending_decryption":"0", "process_success":"1", "total":"1"}}
{"logTime": "0305/125700", "correlationVector":"MIOcXcf24xJqpHgM5mhKAW.6","action":"GetUpdates Response", "result":"Success", "context":Received 130 update(s). cV=MIOcXcf24xJqpHgM5mhKAW.0;server=akswtt11200001c;cloudType=Multitenant;environment=Prod_westeurope_prod-s01-080-eur-westeurope;migrationStage=NotStarted}
{"logTime": "0305/125700", "correlationVector":"514PlWmJx7AHexP30EdeYd","action":"Initial GetUpdates", "result":"", "context":Reason: NEWLY_SUPPORTED_DATATYPE. cV=514PlWmJx7AHexP30EdeYd}
{"logTime": "0305/125700", "correlationVector":"514PlWmJx7AHexP30EdeYd.1","action":"SyncServerConnectionManagerRequest", "result":"SYNC_SERVER_OK", "context":{"environment":"Prod_westeurope_prod-s01-080-eur-westeurope", "migrationStage":"NotStarted", "server":"akswtt11200001m"}}
{"logTime": "0305/125700", "correlationVector":"514PlWmJx7AHexP30EdeYd.2","action":"ProcessGetUpdates", "result":"Done", "context":{"dataType":"History", "deleted":"0", "process_failed_to_decrypt":"0", "process_pending_decryption":"0", "process_success":"250", "total":"250"}}
{"logTime": "0305/125700", "correlationVector":"514PlWmJx7AHexP30EdeYd.3","action":"GetUpdates Response", "result":"Success", "context":Received 250 update(s). cV=514PlWmJx7AHexP30EdeYd.0;server=akswtt11200001m;cloudType=Multitenant;environment=Prod_westeurope_prod-s01-080-eur-westeurope;migrationStage=NotStarted Some updates remain.}
{"logTime": "0305/125700", "correlationVector":"6FFlkIsIuCyMJVbaTpmTq1","action":"Initial GetUpdates", "result":"", "context":Reason: NEWLY_SUPPORTED_DATATYPE. cV=6FFlkIsIuCyMJVbaTpmTq1}
{"logTime": "0305/125700", "correlationVector":"6FFlkIsIuCyMJVbaTpmTq1.1","action":"SyncServerConnectionManagerRequest", "result":"SYNC_SERVER_OK", "context":{"environment":"Prod_westeurope_prod-s01-080-eur-westeurope", "migrationStage":"NotStarted", "server":"akswtt11200001c"}}
{"logTime": "0305/125700", "correlationVector":"6FFlkIsIuCyMJVbaTpmTq1.2","action":"ProcessGetUpdates", "result":"Done", "context":{"dataType":"History", "deleted":"0", "process_failed_to_decrypt":"0", "process_pending_decryption":"0", "process_success":"250", "total":"250"}}
{"logTime": "0305/125701", "correlationVector":"6FFlkIsIuCyMJVbaTpmTq1.3","action":"GetUpdates Response", "result":"Success", "context":Received 250 update(s). cV=6FFlkIsIuCyMJVbaTpmTq1.0;server=akswtt11200001c;cloudType=Multitenant;environment=Prod_westeurope_prod-s01-080-eur-westeurope;migrationStage=NotStarted Some updates remain.}
{"logTime": "0305/125701", "correlationVector":"SxWqEmYx/wMJzfvd51RhZF","action":"Initial GetUpdates", "result":"", "context":Reason: NEWLY_SUPPORTED_DATATYPE. cV=SxWqEmYx/wMJzfvd51RhZF}
{"logTime": "0305/125701", "correlationVector":"SxWqEmYx/wMJzfvd51RhZF.1","action":"SyncServerConnectionManagerRequest", "result":"SYNC_SERVER_OK", "context":{"environment":"Prod_westeurope_prod-s01-080-eur-westeurope", "migrationStage":"NotStarted", "server":"akswtt11200001i"}}
{"logTime": "0305/125701", "correlationVector":"SxWqEmYx/wMJzfvd51RhZF.2","action":"ProcessGetUpdates", "result":"Done", "context":{"dataType":"History", "deleted":"0", "process_failed_to_decrypt":"0", "process_pending_decryption":"0", "process_success":"250", "total":"250"}}
{"logTime": "0305/125701", "correlationVector":"SxWqEmYx/wMJzfvd51RhZF.3","action":"GetUpdates Response", "result":"Success", "context":Received 250 update(s). cV=SxWqEmYx/wMJzfvd51RhZF.0;server=akswtt11200001i;cloudType=Multitenant;environment=Prod_westeurope_prod-s01-080-eur-westeurope;migrationStage=NotStarted Some updates remain.}
{"logTime": "0305/125701", "correlationVector":"C+fOW+N5OIJvZPtuweoC+s","action":"Initial GetUpdates", "result":"", "context":Reason: NEWLY_SUPPORTED_DATATYPE. cV=C+fOW+N5OIJvZPtuweoC+s}
{"logTime": "0305/125701", "correlationVector":"C+fOW+N5OIJvZPtuweoC+s.1","action":"SyncServerConnectionManagerRequest", "result":"SYNC_SERVER_OK", "context":{"environment":"Prod_westeurope_prod-s01-080-eur-westeurope", "migrationStage":"NotStarted", "server":"akswtt11200000x"}}
{"logTime": "0305/125701", "correlationVector":"C+fOW+N5OIJvZPtuweoC+s.2","action":"ProcessGetUpdates", "result":"Done", "context":{"dataType":"History", "deleted":"0", "process_failed_to_decrypt":"0", "process_pending_decryption":"0", "process_success":"250", "total":"250"}}
{"logTime": "0305/125701", "correlationVector":"C+fOW+N5OIJvZPtuweoC+s.3","action":"GetUpdates Response", "result":"Success", "context":Received 250 update(s). cV=C+fOW+N5OIJvZPtuweoC+s.0;server=akswtt11200000x;cloudType=Multitenant;environment=Prod_westeurope_prod-s01-080-eur-westeurope;migrationStage=NotStarted Some updates remain.}
{"logTime": "0305/125701", "correlationVector":"g1XRz9eQTq/qlNUfcdT8Gk","action":"Initial GetUpdates", "result":"", "context":Reason: NEWLY_SUPPORTED_DATATYPE. cV=g1XRz9eQTq/qlNUfcdT8Gk}
{"logTime": "0305/125702", "correlationVector":"g1XRz9eQTq/qlNUfcdT8Gk.1","action":"SyncServerConnectionManagerRequest", "result":"SYNC_SERVER_OK", "context":{"environment":"Prod_westeurope_prod-s01-080-eur-westeurope", "migrationStage":"NotStarted", "server":"akswtt112000001"}}
{"logTime": "0305/125702", "correlationVector":"g1XRz9eQTq/qlNUfcdT8Gk.2","action":"ProcessGetUpdates", "result":"Done", "context":{"dataType":"History", "deleted":"0", "process_failed_to_decrypt":"0", "process_pending_decryption":"0", "process_success":"250", "total":"250"}}
{"logTime": "0305/125702", "correlationVector":"g1XRz9eQTq/qlNUfcdT8Gk.3","action":"GetUpdates Response", "result":"Success", "context":Received 250 update(s). cV=g1XRz9eQTq/qlNUfcdT8Gk.0;server=akswtt112000001;cloudType=Multitenant;environment=Prod_westeurope_prod-s01-080-eur-westeurope;migrationStage=NotStarted Some updates remain.}
{"logTime": "0305/125702", "correlationVector":"kxQLT949ZUYygMGQTkmtZy","action":"Initial GetUpdates", "result":"", "context":Reason: NEWLY_SUPPORTED_DATATYPE. cV=kxQLT949ZUYygMGQTkmtZy}
{"logTime": "0305/125702", "correlationVector":"kxQLT949ZUYygMGQTkmtZy.1","action":"SyncServerConnectionManagerRequest", "result":"SYNC_SERVER_OK", "context":{"environment":"Prod_westeurope_prod-s01-079-eur-westeurope", "migrationStage":"NotStarted", "server":"akswtt11300001u"}}
{"logTime": "0305/125702", "correlationVector":"kxQLT949ZUYygMGQTkmtZy.2","action":"ProcessGetUpdates", "result":"Done", "context":{"dataType":"History", "deleted":"0", "process_failed_to_decrypt":"0", "process_pending_decryption":"0", "process_success":"250", "total":"250"}}
{"logTime": "0305/125702", "correlationVector":"kxQLT949ZUYygMGQTkmtZy.3","action":"GetUpdates Response", "result":"Success", "context":Received 250 update(s). cV=kxQLT949ZUYygMGQTkmtZy.0;server=akswtt11300001u;cloudType=Multitenant;environment=Prod_westeurope_prod-s01-079-eur-westeurope;migrationStage=NotStarted Some updates remain.}
{"logTime": "0305/125702", "correlationVector":"PKFn19796o2iYz1Opd6rEJ","action":"Initial GetUpdates", "result":"", "context":Reason: NEWLY_SUPPORTED_DATATYPE. cV=PKFn19796o2iYz1Opd6rEJ}
{"logTime": "0305/125703", "correlationVector":"PKFn19796o2iYz1Opd6rEJ.1","action":"SyncServerConnectionManagerRequest", "result":"SYNC_SERVER_OK", "context":{"environment":"Prod_westeurope_prod-s01-079-eur-westeurope", "migrationStage":"NotStarted", "server":"akswtt11300001c"}}
{"logTime": "0305/125703", "correlationVector":"PKFn19796o2iYz1Opd6rEJ.2","action":"ProcessGetUpdates", "result":"Done", "context":{"dataType":"History", "deleted":"0", "process_failed_to_decrypt":"0", "process_pending_decryption":"0", "process_success":"250", "total":"250"}}
{"logTime": "0305/125703", "correlationVector":"PKFn19796o2iYz1Opd6rEJ.3","action":"GetUpdates Response", "result":"Success", "context":Received 250 update(s). cV=PKFn19796o2iYz1Opd6rEJ.0;server=akswtt11300001c;cloudType=Multitenant;environment=Prod_westeurope_prod-s01-079-eur-westeurope;migrationStage=NotStarted Some updates remain.}
{"logTime": "0305/125703", "correlationVector":"oQZTT2dB14du2ANpzKTsBq","action":"Initial GetUpdates", "result":"", "context":Reason: NEWLY_SUPPORTED_DATATYPE. cV=oQZTT2dB14du2ANpzKTsBq}
{"logTime": "0305/125703", "correlationVector":"oQZTT2dB14du2ANpzKTsBq.1","action":"SyncServerConnectionManagerRequest", "result":"SYNC_SERVER_OK", "context":{"environment":"Prod_westeurope_prod-s01-079-eur-westeurope", "migrationStage":"NotStarted", "server":"akswtt11300001u"}}
{"logTime": "0305/125703", "correlationVector":"oQZTT2dB14du2ANpzKTsBq.2","action":"ProcessGetUpdates", "result":"Done", "context":{"dataType":"History", "deleted":"0", "process_failed_to_decrypt":"0", "process_pending_decryption":"0", "process_success":"250", "total":"250"}}
{"logTime": "0305/125703", "correlationVector":"oQZTT2dB14du2ANpzKTsBq.3","action":"GetUpdates Response", "result":"Success", "context":Received 250 update(s). cV=oQZTT2dB14du2ANpzKTsBq.0;server=akswtt11300001u;cloudType=Multitenant;environment=Prod_westeurope_prod-s01-079-eur-westeurope;migrationStage=NotStarted Some updates remain.}
{"logTime": "0305/125703", "correlationVector":"XNkxMFI0Hb9MZGAC6bbv6w","action":"Initial GetUpdates", "result":"", "context":Reason: NEWLY_SUPPORTED_DATATYPE. cV=XNkxMFI0Hb9MZGAC6bbv6w}
{"logTime": "0305/125704", "correlationVector":"XNkxMFI0Hb9MZGAC6bbv6w.1","action":"SyncServerConnectionManagerRequest", "result":"SYNC_SERVER_OK", "context":{"environment":"Prod_westeurope_prod-s01-079-eur-westeurope", "migrationStage":"NotStarted", "server":"akswtt11300001b"}}
{"logTime": "0305/125704", "correlationVector":"XNkxMFI0Hb9MZGAC6bbv6w.2","action":"ProcessGetUpdates", "result":"Done", "context":{"dataType":"History", "deleted":"0", "process_failed_to_decrypt":"0", "process_pending_decryption":"0", "process_success":"250", "total":"250"}}
{"logTime": "0305/125704", "correlationVector":"XNkxMFI0Hb9MZGAC6bbv6w.3","action":"GetUpdates Response", "result":"Success", "context":Received 250 update(s). cV=XNkxMFI0Hb9MZGAC6bbv6w.0;server=akswtt11300001b;cloudType=Multitenant;environment=Prod_westeurope_prod-s01-079-eur-westeurope;migrationStage=NotStarted Some updates remain.}
{"logTime": "0305/125704", "correlationVector":"c02o0hIHhSV2m19JJ6OCk1","action":"Initial GetUpdates", "result":"", "context":Reason: NEWLY_SUPPORTED_DATATYPE. cV=c02o0hIHhSV2m19JJ6OCk1}
{"logTime": "0305/125704", "correlationVector":"c02o0hIHhSV2m19JJ6OCk1.1","action":"SyncServerConnectionManagerRequest", "result":"SYNC_SERVER_OK", "context":{"environment":"Prod_westeurope_prod-s01-079-eur-westeurope", "migrationStage":"NotStarted", "server":"akswtt11300001t"}}
{"logTime": "0305/125704", "correlationVector":"c02o0hIHhSV2m19JJ6OCk1.2","action":"ProcessGetUpdates", "result":"Done", "context":{"dataType":"History", "deleted":"0", "process_failed_to_decrypt":"0", "process_pending_decryption":"0", "process_success":"106", "total":"106"}}
{"logTime": "0305/125704", "correlationVector":"c02o0hIHhSV2m19JJ6OCk1.3","action":"GetUpdates Response", "result":"Success", "context":Received 106 update(s). cV=c02o0hIHhSV2m19JJ6OCk1.0;server=akswtt11300001t;cloudType=Multitenant;environment=Prod_westeurope_prod-s01-079-eur-westeurope;migrationStage=NotStarted}
{"logTime": "0305/125704", "correlationVector":"PaNup0UWWmK5qoBIbHsskP","action":"Normal GetUpdate request", "result":"", "context":cV=PaNup0UWWmK5qoBIbHsskP
Nudged types: Sessions, Device Info, History
Refresh requested types: Bookmarks, Preferences, Passwords, Autofill Profiles, Autofill, Extensions, Sessions, Extension settings, History Delete Directives, Device Info, User Consents, Send Tab To Self, Web Apps, History, Saved Tab Group, WebAuthn Credentials, Collection, Edge E Drop, Edge Hub App Usage, Edge Wallet, Edge Workspace, Encryption Keys}
{"logTime": "0305/125704", "correlationVector":"PaNup0UWWmK5qoBIbHsskP.1","action":"SyncServerConnectionManagerRequest", "result":"SYNC_SERVER_OK", "context":{"environment":"Prod_westeurope_prod-s01-079-eur-westeurope", "migrationStage":"NotStarted", "server":"akswtt11300002f"}}
{"logTime": "0305/125704", "correlationVector":"PaNup0UWWmK5qoBIbHsskP.2","action":"GetUpdates Response", "result":"Success", "context":Received 0 update(s). cV=PaNup0UWWmK5qoBIbHsskP.0;server=akswtt11300002f;cloudType=Multitenant;environment=Prod_westeurope_prod-s01-079-eur-westeurope;migrationStage=NotStarted}
{"logTime": "0305/125704", "correlationVector":"ZmOnOQe//Mn+VOVbeHJir3","action":"Commit Request", "result":"", "context":Item count: 4
Contributing types: Sessions, Device Info, History}
{"logTime": "0305/125704", "correlationVector":"ZmOnOQe//Mn+VOVbeHJir3.1","action":"SyncServerConnectionManagerRequest", "result":"SYNC_SERVER_OK", "context":{"environment":"Prod_westeurope_prod-s01-079-eur-westeurope", "migrationStage":"NotStarted", "server":"akswtt11300002m"}}
{"logTime": "0305/125704", "correlationVector":"ZmOnOQe//Mn+VOVbeHJir3.2","action":"Commit Response", "result":"Success", "context":Result: Success. cV=ZmOnOQe//Mn+VOVbeHJir3.0;server=akswtt11300002m;cloudType=Multitenant;environment=Prod_westeurope_prod-s01-079-eur-westeurope;migrationStage=NotStarted}
{"logTime": "0305/125705", "correlationVector":"WNgMywO/O53/HAwONjv6oR","action":"Commit Request", "result":"", "context":Item count: 2
Contributing types: Sessions, History}
{"logTime": "0305/125705", "correlationVector":"WNgMywO/O53/HAwONjv6oR.1","action":"SyncServerConnectionManagerRequest", "result":"SYNC_SERVER_OK", "context":{"environment":"Prod_westeurope_prod-s01-079-eur-westeurope", "migrationStage":"NotStarted", "server":"akswtt11300001u"}}
{"logTime": "0305/125705", "correlationVector":"WNgMywO/O53/HAwONjv6oR.2","action":"Commit Response", "result":"Success", "context":Result: Success. cV=WNgMywO/O53/HAwONjv6oR.0;server=akswtt11300001u;cloudType=Multitenant;environment=Prod_westeurope_prod-s01-079-eur-westeurope;migrationStage=NotStarted}
{"logTime": "0305/125805", "correlationVector":"BG5ZHkFuh7QEe5gcC+Vkcz","action":"Commit Request", "result":"", "context":Item count: 1
Contributing types: Sessions}
{"logTime": "0305/125805", "correlationVector":"BG5ZHkFuh7QEe5gcC+Vkcz.1","action":"SyncServerConnectionManagerRequest", "result":"SYNC_SERVER_OK", "context":{"environment":"Prod_westeurope_prod-s01-080-eur-westeurope", "migrationStage":"NotStarted", "server":"akswtt11200000j"}}
{"logTime": "0305/125805", "correlationVector":"BG5ZHkFuh7QEe5gcC+Vkcz.2","action":"Commit Response", "result":"Success", "context":Result: Success. cV=BG5ZHkFuh7QEe5gcC+Vkcz.0;server=akswtt11200000j;cloudType=Multitenant;environment=Prod_westeurope_prod-s01-080-eur-westeurope;migrationStage=NotStarted}
{"logTime": "0305/130135", "correlationVector":"UxwxLFHXcF9oHX0MQzPH4x.1","action":"SyncServerConnectionManagerRequest", "result":"SYNC_SERVER_OK", "context":{"environment":"Prod_westeurope_prod-s01-080-eur-westeurope", "migrationStage":"NotStarted", "server":"akswtt11200001m"}}
{"logTime": "0305/130136", "correlationVector":"UxwxLFHXcF9oHX0MQzPH4x.2","action":"AAD.Mip.Unpack", "result":"Success", "context":MIP_CLOUD_COMMERCIAL:Success}
{"logTime": "0305/130136", "correlationVector":"UxwxLFHXcF9oHX0MQzPH4x.3","action":"EncryptionKeysManager::SetEncryptionKeys:", "result":"Success", "context":Key names[1]:[LxgSmWbw0FPoFEW+yPUhbFFs3Qr9iqvc8gNqvC/KRfP8x4V9ncEO55xsXH6tqz0ePDWpjiYMOCdd27SsPhs/tA==]}
{"logTime": "0305/130136", "correlationVector":"UxwxLFHXcF9oHX0MQzPH4x.4","action":"AAD.GetKeyResponse", "result":"Success", "context":Keys=1.LastKeyStatus=Active. 2025-09-17 15:29:34 +02.State=None. Tags: Current_encryption_keys_tag = Nu+/vWXvv70id++/vQnvv70aHG/vv70z77+9Bzbvv71XMu+/vXUX77+9f++/vU7vv71H77+977+9, Updated_current_encryption_keys_tag = Empty. Emails: ["xd6696@engie.com"]}
{"logTime": "0305/130136", "correlationVector":"UxwxLFHXcF9oHX0MQzPH4x.5","action":"ProcessGetUpdates", "result":"Done", "context":{"dataType":"Encryption Keys", "deleted":"0", "process_failed_to_decrypt":"0", "process_pending_decryption":"0", "process_success":"1", "total":"1"}}
{"logTime": "0305/130136", "correlationVector":"UxwxLFHXcF9oHX0MQzPH4x","action":"Initial GetUpdates", "result":"", "context":Reason: NEW_CLIENT. cV=UxwxLFHXcF9oHX0MQzPH4x}
{"logTime": "0305/130136", "correlationVector":"UxwxLFHXcF9oHX0MQzPH4x.6","action":"GetUpdates Response", "result":"Success", "context":Received 1 update(s). cV=UxwxLFHXcF9oHX0MQzPH4x.0;server=akswtt11200001m;cloudType=Multitenant;environment=Prod_westeurope_prod-s01-080-eur-westeurope;migrationStage=NotStarted}
{"logTime": "0305/130136", "correlationVector":"XGa68kCDFfKGH8tyv7DriG","action":"Initial GetUpdates", "result":"", "context":Reason: NEWLY_SUPPORTED_DATATYPE. cV=XGa68kCDFfKGH8tyv7DriG}
{"logTime": "0305/130136", "correlationVector":"XGa68kCDFfKGH8tyv7DriG.1","action":"SyncServerConnectionManagerRequest", "result":"SYNC_SERVER_OK", "context":{"environment":"Prod_westeurope_prod-s01-080-eur-westeurope", "migrationStage":"NotStarted", "server":"akswtt11200000k"}}
{"logTime": "0305/130136", "correlationVector":"XGa68kCDFfKGH8tyv7DriG.2","action":"ProcessGetUpdates", "result":"Done", "context":{"dataType":"Passwords", "deleted":"0", "process_failed_to_decrypt":"0", "process_pending_decryption":"0", "process_success":"6", "total":"6"}}
{"logTime": "0305/130136", "correlationVector":"XGa68kCDFfKGH8tyv7DriG.3","action":"GetUpdates Response", "result":"Success", "context":Received 6 update(s). cV=XGa68kCDFfKGH8tyv7DriG.0;server=akswtt11200000k;cloudType=Multitenant;environment=Prod_westeurope_prod-s01-080-eur-westeurope;migrationStage=NotStarted}
{"logTime": "0305/130136", "correlationVector":"M2njAOUGfm9qMj4CBpthlI","action":"Normal GetUpdate request", "result":"", "context":cV=M2njAOUGfm9qMj4CBpthlI
Nudged types: Sessions, Device Info, History
Refresh requested types: Bookmarks, Preferences, Passwords, Autofill Profiles, Autofill, Extensions, Sessions, Extension settings, History Delete Directives, Device Info, User Consents, Send Tab To Self, Web Apps, History, Saved Tab Group, WebAuthn Credentials, Collection, Edge E Drop, Edge Hub App Usage, Edge Wallet, Edge Workspace, Encryption Keys}
{"logTime": "0305/130137", "correlationVector":"M2njAOUGfm9qMj4CBpthlI.1","action":"SyncServerConnectionManagerRequest", "result":"SYNC_SERVER_OK", "context":{"environment":"Prod_westeurope_prod-s01-080-eur-westeurope", "migrationStage":"NotStarted", "server":"akswtt112000001"}}
{"logTime": "0305/130137", "correlationVector":"M2njAOUGfm9qMj4CBpthlI.2","action":"ProcessGetUpdates", "result":"Done", "context":{"dataType":"Sessions", "deleted":"2", "process_failed_to_decrypt":"0", "process_pending_decryption":"0", "process_success":"4", "total":"4"}}
{"logTime": "0305/130137", "correlationVector":"M2njAOUGfm9qMj4CBpthlI.3","action":"ProcessGetUpdates", "result":"Done", "context":{"dataType":"Device Info", "deleted":"0", "process_failed_to_decrypt":"0", "process_pending_decryption":"0", "process_success":"1", "total":"1"}}
{"logTime": "0305/130137", "correlationVector":"M2njAOUGfm9qMj4CBpthlI.4","action":"ProcessGetUpdates", "result":"Done", "context":{"dataType":"History", "deleted":"0", "process_failed_to_decrypt":"0", "process_pending_decryption":"0", "process_success":"1", "total":"1"}}
{"logTime": "0305/130137", "correlationVector":"M2njAOUGfm9qMj4CBpthlI.5","action":"GetUpdates Response", "result":"Success", "context":Received 6 update(s). cV=M2njAOUGfm9qMj4CBpthlI.0;server=akswtt112000001;cloudType=Multitenant;environment=Prod_westeurope_prod-s01-080-eur-westeurope;migrationStage=NotStarted}
{"logTime": "0305/130137", "correlationVector":"ZxbinZYnLxWw6UHZABXh97","action":"Commit Request", "result":"", "context":Item count: 5
Contributing types: Sessions, Device Info, History}
{"logTime": "0305/130137", "correlationVector":"ZxbinZYnLxWw6UHZABXh97.1","action":"SyncServerConnectionManagerRequest", "result":"SYNC_SERVER_OK", "context":{"environment":"Prod_westeurope_prod-s01-080-eur-westeurope", "migrationStage":"NotStarted", "server":"akswtt11200000k"}}
{"logTime": "0305/130137", "correlationVector":"ZxbinZYnLxWw6UHZABXh97.2","action":"Commit Response", "result":"Success", "context":Result: Success. cV=ZxbinZYnLxWw6UHZABXh97.0;server=akswtt11200000k;cloudType=Multitenant;environment=Prod_westeurope_prod-s01-080-eur-westeurope;migrationStage=NotStarted}
{"logTime": "0305/130240", "correlationVector":"aW1Ayzg/1S5ij7AOOaYj66","action":"Commit Request", "result":"", "context":Item count: 2
Contributing types: Sessions, History}
{"logTime": "0305/130241", "correlationVector":"aW1Ayzg/1S5ij7AOOaYj66.1","action":"SyncServerConnectionManagerRequest", "result":"SYNC_SERVER_OK", "context":{"environment":"Prod_westeurope_prod-s01-080-eur-westeurope", "migrationStage":"NotStarted", "server":"akswtt112000008"}}
{"logTime": "0305/130241", "correlationVector":"aW1Ayzg/1S5ij7AOOaYj66.2","action":"Commit Response", "result":"Success", "context":Result: Success. cV=aW1Ayzg/1S5ij7AOOaYj66.0;server=akswtt112000008;cloudType=Multitenant;environment=Prod_westeurope_prod-s01-080-eur-westeurope;migrationStage=NotStarted}
{"logTime": "0305/130705", "correlationVector":"ofvUbMU5GV5yQH6nWnrWpp.1","action":"SyncServerConnectionManagerRequest", "result":"SYNC_SERVER_OK", "context":{"environment":"Prod_westeurope_prod-s01-080-eur-westeurope", "migrationStage":"NotStarted", "server":"akswtt11200001o"}}
{"logTime": "0305/130705", "correlationVector":"ofvUbMU5GV5yQH6nWnrWpp.2","action":"AAD.Mip.Unpack", "result":"Success", "context":MIP_CLOUD_COMMERCIAL:Success}
{"logTime": "0305/130705", "correlationVector":"ofvUbMU5GV5yQH6nWnrWpp.3","action":"EncryptionKeysManager::SetEncryptionKeys:", "result":"Success", "context":Key names[1]:[LxgSmWbw0FPoFEW+yPUhbFFs3Qr9iqvc8gNqvC/KRfP8x4V9ncEO55xsXH6tqz0ePDWpjiYMOCdd27SsPhs/tA==]}
{"logTime": "0305/130705", "correlationVector":"ofvUbMU5GV5yQH6nWnrWpp.4","action":"AAD.GetKeyResponse", "result":"Success", "context":Keys=1.LastKeyStatus=Active. 2025-09-17 15:29:34 +02.State=None. Tags: Current_encryption_keys_tag = Nu+/vWXvv70id++/vQnvv70aHG/vv70z77+9Bzbvv71XMu+/vXUX77+9f++/vU7vv71H77+977+9, Updated_current_encryption_keys_tag = Empty. Emails: ["xd6696@engie.com"]}
{"logTime": "0305/130705", "correlationVector":"ofvUbMU5GV5yQH6nWnrWpp.5","action":"ProcessGetUpdates", "result":"Done", "context":{"dataType":"Encryption Keys", "deleted":"0", "process_failed_to_decrypt":"0", "process_pending_decryption":"0", "process_success":"1", "total":"1"}}
{"logTime": "0305/130706", "correlationVector":"ofvUbMU5GV5yQH6nWnrWpp","action":"Initial GetUpdates", "result":"", "context":Reason: NEW_CLIENT. cV=ofvUbMU5GV5yQH6nWnrWpp}
{"logTime": "0305/130706", "correlationVector":"ofvUbMU5GV5yQH6nWnrWpp.6","action":"GetUpdates Response", "result":"Success", "context":Received 1 update(s). cV=ofvUbMU5GV5yQH6nWnrWpp.0;server=akswtt11200001o;cloudType=Multitenant;environment=Prod_westeurope_prod-s01-080-eur-westeurope;migrationStage=NotStarted}
{"logTime": "0305/130706", "correlationVector":"uRg+m1vm04hIxKjyVqVeHN","action":"Initial GetUpdates", "result":"", "context":Reason: NEWLY_SUPPORTED_DATATYPE. cV=uRg+m1vm04hIxKjyVqVeHN}
{"logTime": "0305/130706", "correlationVector":"uRg+m1vm04hIxKjyVqVeHN.1","action":"SyncServerConnectionManagerRequest", "result":"SYNC_SERVER_OK", "context":{"environment":"Prod_westeurope_prod-s01-080-eur-westeurope", "migrationStage":"NotStarted", "server":"akswtt11200001n"}}
{"logTime": "0305/130706", "correlationVector":"uRg+m1vm04hIxKjyVqVeHN.2","action":"ProcessGetUpdates", "result":"Done", "context":{"dataType":"Preferences", "deleted":"0", "process_failed_to_decrypt":"0", "process_pending_decryption":"0", "process_success":"42", "total":"42"}}
{"logTime": "0305/130706", "correlationVector":"uRg+m1vm04hIxKjyVqVeHN.3","action":"ProcessGetUpdates", "result":"Done", "context":{"dataType":"Passwords", "deleted":"0", "process_failed_to_decrypt":"0", "process_pending_decryption":"0", "process_success":"6", "total":"6"}}
{"logTime": "0305/130706", "correlationVector":"uRg+m1vm04hIxKjyVqVeHN.4","action":"ProcessGetUpdates", "result":"Done", "context":{"dataType":"Device Info", "deleted":"0", "process_failed_to_decrypt":"0", "process_pending_decryption":"0", "process_success":"4", "total":"4"}}
{"logTime": "0305/130706", "correlationVector":"uRg+m1vm04hIxKjyVqVeHN.5","action":"GetUpdates Response", "result":"Success", "context":Received 52 update(s). cV=uRg+m1vm04hIxKjyVqVeHN.0;server=akswtt11200001n;cloudType=Multitenant;environment=Prod_westeurope_prod-s01-080-eur-westeurope;migrationStage=NotStarted}
{"logTime": "0305/130706", "correlationVector":"72YQbZq7nL+GAyyJoC7GXz","action":"Initial GetUpdates", "result":"", "context":Reason: NEWLY_SUPPORTED_DATATYPE. cV=72YQbZq7nL+GAyyJoC7GXz}
{"logTime": "0305/130706", "correlationVector":"72YQbZq7nL+GAyyJoC7GXz.1","action":"SyncServerConnectionManagerRequest", "result":"SYNC_SERVER_OK", "context":{"environment":"Prod_westeurope_prod-s01-080-eur-westeurope", "migrationStage":"NotStarted", "server":"akswtt11200001y"}}
{"logTime": "0305/130706", "correlationVector":"72YQbZq7nL+GAyyJoC7GXz.2","action":"ProcessGetUpdates", "result":"Done", "context":{"dataType":"Bookmarks", "deleted":"3", "process_failed_to_decrypt":"0", "process_pending_decryption":"0", "process_success":"25", "total":"25"}}
{"logTime": "0305/130706", "correlationVector":"72YQbZq7nL+GAyyJoC7GXz.3","action":"GetUpdates Response", "result":"Success", "context":Received 25 update(s). cV=72YQbZq7nL+GAyyJoC7GXz.0;server=akswtt11200001y;cloudType=Multitenant;environment=Prod_westeurope_prod-s01-080-eur-westeurope;migrationStage=NotStarted}
{"logTime": "0305/130706", "correlationVector":"bO+gq7I0/WvYDsiGLtia9V","action":"Initial GetUpdates", "result":"", "context":Reason: NEWLY_SUPPORTED_DATATYPE. cV=bO+gq7I0/WvYDsiGLtia9V}
{"logTime": "0305/130706", "correlationVector":"bO+gq7I0/WvYDsiGLtia9V.1","action":"SyncServerConnectionManagerRequest", "result":"SYNC_SERVER_OK", "context":{"environment":"Prod_westeurope_prod-s01-080-eur-westeurope", "migrationStage":"NotStarted", "server":"akswtt11200001b"}}
{"logTime": "0305/130706", "correlationVector":"bO+gq7I0/WvYDsiGLtia9V.2","action":"ProcessGetUpdates", "result":"Done", "context":{"dataType":"Autofill", "deleted":"0", "process_failed_to_decrypt":"0", "process_pending_decryption":"0", "process_success":"249", "total":"249"}}
{"logTime": "0305/130706", "correlationVector":"bO+gq7I0/WvYDsiGLtia9V.3","action":"ProcessGetUpdates", "result":"Done", "context":{"dataType":"Extensions", "deleted":"0", "process_failed_to_decrypt":"0", "process_pending_decryption":"0", "process_success":"1", "total":"1"}}
{"logTime": "0305/130706", "correlationVector":"bO+gq7I0/WvYDsiGLtia9V.4","action":"GetUpdates Response", "result":"Success", "context":Received 250 update(s). cV=bO+gq7I0/WvYDsiGLtia9V.0;server=akswtt11200001b;cloudType=Multitenant;environment=Prod_westeurope_prod-s01-080-eur-westeurope;migrationStage=NotStarted Some updates remain.}
{"logTime": "0305/130706", "correlationVector":"95gQhkDeUehkgN76ezqJYL","action":"Initial GetUpdates", "result":"", "context":Reason: NEWLY_SUPPORTED_DATATYPE. cV=95gQhkDeUehkgN76ezqJYL}
{"logTime": "0305/130707", "correlationVector":"95gQhkDeUehkgN76ezqJYL.1","action":"SyncServerConnectionManagerRequest", "result":"SYNC_SERVER_OK", "context":{"environment":"Prod_westeurope_prod-s01-080-eur-westeurope", "migrationStage":"NotStarted", "server":"akswtt11200001i"}}
{"logTime": "0305/130707", "correlationVector":"95gQhkDeUehkgN76ezqJYL.2","action":"ProcessGetUpdates", "result":"Done", "context":{"dataType":"Autofill Profiles", "deleted":"0", "process_failed_to_decrypt":"0", "process_pending_decryption":"0", "process_success":"2", "total":"2"}}
{"logTime": "0305/130707", "correlationVector":"95gQhkDeUehkgN76ezqJYL.3","action":"ProcessGetUpdates", "result":"Done", "context":{"dataType":"Autofill", "deleted":"0", "process_failed_to_decrypt":"0", "process_pending_decryption":"0", "process_success":"248", "total":"248"}}
{"logTime": "0305/130707", "correlationVector":"95gQhkDeUehkgN76ezqJYL.4","action":"GetUpdates Response", "result":"Success", "context":Received 250 update(s). cV=95gQhkDeUehkgN76ezqJYL.0;server=akswtt11200001i;cloudType=Multitenant;environment=Prod_westeurope_prod-s01-080-eur-westeurope;migrationStage=NotStarted Some updates remain.}
{"logTime": "0305/130707", "correlationVector":"YURDYxUiFqWixtlw7fE1Lk","action":"Initial GetUpdates", "result":"", "context":Reason: NEWLY_SUPPORTED_DATATYPE. cV=YURDYxUiFqWixtlw7fE1Lk}
{"logTime": "0305/130707", "correlationVector":"YURDYxUiFqWixtlw7fE1Lk.1","action":"SyncServerConnectionManagerRequest", "result":"SYNC_SERVER_OK", "context":{"environment":"Prod_westeurope_prod-s01-080-eur-westeurope", "migrationStage":"NotStarted", "server":"akswtt11200000o"}}
{"logTime": "0305/130707", "correlationVector":"YURDYxUiFqWixtlw7fE1Lk.2","action":"ProcessGetUpdates", "result":"Done", "context":{"dataType":"Autofill Profiles", "deleted":"0", "process_failed_to_decrypt":"0", "process_pending_decryption":"0", "process_success":"9", "total":"9"}}
{"logTime": "0305/130707", "correlationVector":"YURDYxUiFqWixtlw7fE1Lk.3","action":"ProcessGetUpdates", "result":"Done", "context":{"dataType":"Autofill", "deleted":"0", "process_failed_to_decrypt":"0", "process_pending_decryption":"0", "process_success":"219", "total":"219"}}
{"logTime": "0305/130707", "correlationVector":"YURDYxUiFqWixtlw7fE1Lk.4","action":"ProcessGetUpdates", "result":"Done", "context":{"dataType":"Sessions", "deleted":"19", "process_failed_to_decrypt":"0", "process_pending_decryption":"0", "process_success":"19", "total":"19"}}
{"logTime": "0305/130707", "correlationVector":"YURDYxUiFqWixtlw7fE1Lk.5","action":"ProcessGetUpdates", "result":"Done", "context":{"dataType":"Saved Tab Group", "deleted":"3", "process_failed_to_decrypt":"0", "process_pending_decryption":"0", "process_success":"3", "total":"3"}}
{"logTime": "0305/130707", "correlationVector":"YURDYxUiFqWixtlw7fE1Lk.6","action":"GetUpdates Response", "result":"Success", "context":Received 250 update(s). cV=YURDYxUiFqWixtlw7fE1Lk.0;server=akswtt11200000o;cloudType=Multitenant;environment=Prod_westeurope_prod-s01-080-eur-westeurope;migrationStage=NotStarted Some updates remain.}
{"logTime": "0305/130707", "correlationVector":"6lDYvfOvVP0YESe4e/Tx2o","action":"Initial GetUpdates", "result":"", "context":Reason: NEWLY_SUPPORTED_DATATYPE. cV=6lDYvfOvVP0YESe4e/Tx2o}
{"logTime": "0305/130708", "correlationVector":"6lDYvfOvVP0YESe4e/Tx2o.1","action":"SyncServerConnectionManagerRequest", "result":"SYNC_SERVER_OK", "context":{"environment":"Prod_westeurope_prod-s01-080-eur-westeurope", "migrationStage":"NotStarted", "server":"akswtt112000002"}}
{"logTime": "0305/130708", "correlationVector":"6lDYvfOvVP0YESe4e/Tx2o.2","action":"ProcessGetUpdates", "result":"Done", "context":{"dataType":"Autofill", "deleted":"0", "process_failed_to_decrypt":"0", "process_pending_decryption":"0", "process_success":"88", "total":"88"}}
{"logTime": "0305/130708", "correlationVector":"6lDYvfOvVP0YESe4e/Tx2o.3","action":"ProcessGetUpdates", "result":"Done", "context":{"dataType":"Sessions", "deleted":"162", "process_failed_to_decrypt":"0", "process_pending_decryption":"0", "process_success":"162", "total":"162"}}
{"logTime": "0305/130708", "correlationVector":"6lDYvfOvVP0YESe4e/Tx2o.4","action":"GetUpdates Response", "result":"Success", "context":Received 250 update(s). cV=6lDYvfOvVP0YESe4e/Tx2o.0;server=akswtt112000002;cloudType=Multitenant;environment=Prod_westeurope_prod-s01-080-eur-westeurope;migrationStage=NotStarted Some updates remain.}
{"logTime": "0305/130708", "correlationVector":"/F/RO964eEcH7a223QJPwc","action":"Initial GetUpdates", "result":"", "context":Reason: NEWLY_SUPPORTED_DATATYPE. cV=/F/RO964eEcH7a223QJPwc}
{"logTime": "0305/130708", "correlationVector":"/F/RO964eEcH7a223QJPwc.1","action":"SyncServerConnectionManagerRequest", "result":"SYNC_SERVER_OK", "context":{"environment":"Prod_westeurope_prod-s01-080-eur-westeurope", "migrationStage":"NotStarted", "server":"akswtt11200001i"}}
{"logTime": "0305/130708", "correlationVector":"/F/RO964eEcH7a223QJPwc.2","action":"ProcessGetUpdates", "result":"Done", "context":{"dataType":"Autofill", "deleted":"0", "process_failed_to_decrypt":"0", "process_pending_decryption":"0", "process_success":"85", "total":"85"}}
{"logTime": "0305/130708", "correlationVector":"/F/RO964eEcH7a223QJPwc.3","action":"ProcessGetUpdates", "result":"Done", "context":{"dataType":"Sessions", "deleted":"161", "process_failed_to_decrypt":"0", "process_pending_decryption":"0", "process_success":"161", "total":"161"}}
{"logTime": "0305/130708", "correlationVector":"/F/RO964eEcH7a223QJPwc.4","action":"ProcessGetUpdates", "result":"Done", "context":{"dataType":"Edge Hub App Usage", "deleted":"3", "process_failed_to_decrypt":"0", "process_pending_decryption":"0", "process_success":"4", "total":"4"}}
{"logTime": "0305/130708", "correlationVector":"/F/RO964eEcH7a223QJPwc.5","action":"GetUpdates Response", "result":"Success", "context":Received 250 update(s). cV=/F/RO964eEcH7a223QJPwc.0;server=akswtt11200001i;cloudType=Multitenant;environment=Prod_westeurope_prod-s01-080-eur-westeurope;migrationStage=NotStarted Some updates remain.}
{"logTime": "0305/130708", "correlationVector":"j8HbpospN3EueSdzP3WWai","action":"Initial GetUpdates", "result":"", "context":Reason: NEWLY_SUPPORTED_DATATYPE. cV=j8HbpospN3EueSdzP3WWai}
{"logTime": "0305/130708", "correlationVector":"j8HbpospN3EueSdzP3WWai.1","action":"SyncServerConnectionManagerRequest", "result":"SYNC_SERVER_OK", "context":{"environment":"Prod_westeurope_prod-s01-080-eur-westeurope", "migrationStage":"NotStarted", "server":"akswtt11200001o"}}
{"logTime": "0305/130708", "correlationVector":"j8HbpospN3EueSdzP3WWai.2","action":"ProcessGetUpdates", "result":"Done", "context":{"dataType":"Autofill", "deleted":"0", "process_failed_to_decrypt":"0", "process_pending_decryption":"0", "process_success":"89", "total":"89"}}
{"logTime": "0305/130708", "correlationVector":"j8HbpospN3EueSdzP3WWai.3","action":"ProcessGetUpdates", "result":"Done", "context":{"dataType":"Sessions", "deleted":"161", "process_failed_to_decrypt":"0", "process_pending_decryption":"0", "process_success":"161", "total":"161"}}
{"logTime": "0305/130708", "correlationVector":"j8HbpospN3EueSdzP3WWai.4","action":"GetUpdates Response", "result":"Success", "context":Received 250 update(s). cV=j8HbpospN3EueSdzP3WWai.0;server=akswtt11200001o;cloudType=Multitenant;environment=Prod_westeurope_prod-s01-080-eur-westeurope;migrationStage=NotStarted Some updates remain.}
{"logTime": "0305/130708", "correlationVector":"PIa+GmWEDUvRCDgoYI1kNT","action":"Initial GetUpdates", "result":"", "context":Reason: NEWLY_SUPPORTED_DATATYPE. cV=PIa+GmWEDUvRCDgoYI1kNT}
{"logTime": "0305/130709", "correlationVector":"PIa+GmWEDUvRCDgoYI1kNT.1","action":"SyncServerConnectionManagerRequest", "result":"SYNC_SERVER_OK", "context":{"environment":"Prod_westeurope_prod-s01-080-eur-westeurope", "migrationStage":"NotStarted", "server":"akswtt11200000a"}}
{"logTime": "0305/130709", "correlationVector":"PIa+GmWEDUvRCDgoYI1kNT.2","action":"ProcessGetUpdates", "result":"Done", "context":{"dataType":"Autofill Profiles", "deleted":"0", "process_failed_to_decrypt":"0", "process_pending_decryption":"0", "process_success":"5", "total":"5"}}
{"logTime": "0305/130709", "correlationVector":"PIa+GmWEDUvRCDgoYI1kNT.3","action":"ProcessGetUpdates", "result":"Done", "context":{"dataType":"Autofill", "deleted":"0", "process_failed_to_decrypt":"0", "process_pending_decryption":"0", "process_success":"88", "total":"88"}}
{"logTime": "0305/130709", "correlationVector":"PIa+GmWEDUvRCDgoYI1kNT.4","action":"ProcessGetUpdates", "result":"Done", "context":{"dataType":"Sessions", "deleted":"152", "process_failed_to_decrypt":"0", "process_pending_decryption":"0", "process_success":"152", "total":"152"}}
{"logTime": "0305/130709", "correlationVector":"PIa+GmWEDUvRCDgoYI1kNT.5","action":"ProcessGetUpdates", "result":"Done", "context":{"dataType":"Saved Tab Group", "deleted":"1", "process_failed_to_decrypt":"0", "process_pending_decryption":"0", "process_success":"3", "total":"3"}}
{"logTime": "0305/130709", "correlationVector":"PIa+GmWEDUvRCDgoYI1kNT.6","action":"ProcessGetUpdates", "result":"Done", "context":{"dataType":"Edge Hub App Usage", "deleted":"1", "process_failed_to_decrypt":"0", "process_pending_decryption":"0", "process_success":"2", "total":"2"}}
{"logTime": "0305/130709", "correlationVector":"PIa+GmWEDUvRCDgoYI1kNT.7","action":"GetUpdates Response", "result":"Success", "context":Received 250 update(s). cV=PIa+GmWEDUvRCDgoYI1kNT.0;server=akswtt11200000a;cloudType=Multitenant;environment=Prod_westeurope_prod-s01-080-eur-westeurope;migrationStage=NotStarted Some updates remain.}
{"logTime": "0305/130709", "correlationVector":"80l/cK+odoJs/ewn1CRqIh","action":"Initial GetUpdates", "result":"", "context":Reason: NEWLY_SUPPORTED_DATATYPE. cV=80l/cK+odoJs/ewn1CRqIh}
{"logTime": "0305/130709", "correlationVector":"80l/cK+odoJs/ewn1CRqIh.1","action":"SyncServerConnectionManagerRequest", "result":"SYNC_SERVER_OK", "context":{"environment":"Prod_westeurope_prod-s01-080-eur-westeurope", "migrationStage":"NotStarted", "server":"akswtt11200001c"}}
{"logTime": "0305/130709", "correlationVector":"80l/cK+odoJs/ewn1CRqIh.2","action":"ProcessGetUpdates", "result":"Done", "context":{"dataType":"Autofill Profiles", "deleted":"0", "process_failed_to_decrypt":"0", "process_pending_decryption":"0", "process_success":"3", "total":"3"}}
{"logTime": "0305/130709", "correlationVector":"80l/cK+odoJs/ewn1CRqIh.3","action":"ProcessGetUpdates", "result":"Done", "context":{"dataType":"Autofill", "deleted":"0", "process_failed_to_decrypt":"0", "process_pending_decryption":"0", "process_success":"100", "total":"100"}}
{"logTime": "0305/130709", "correlationVector":"80l/cK+odoJs/ewn1CRqIh.4","action":"ProcessGetUpdates", "result":"Done", "context":{"dataType":"Sessions", "deleted":"147", "process_failed_to_decrypt":"0", "process_pending_decryption":"0", "process_success":"147", "total":"147"}}
{"logTime": "0305/130709", "correlationVector":"80l/cK+odoJs/ewn1CRqIh.5","action":"GetUpdates Response", "result":"Success", "context":Received 250 update(s). cV=80l/cK+odoJs/ewn1CRqIh.0;server=akswtt11200001c;cloudType=Multitenant;environment=Prod_westeurope_prod-s01-080-eur-westeurope;migrationStage=NotStarted Some updates remain.}
{"logTime": "0305/130709", "correlationVector":"homH6i5L8no4XdCx3E05oF","action":"Initial GetUpdates", "result":"", "context":Reason: NEWLY_SUPPORTED_DATATYPE. cV=homH6i5L8no4XdCx3E05oF}
{"logTime": "0305/130709", "correlationVector":"homH6i5L8no4XdCx3E05oF.1","action":"SyncServerConnectionManagerRequest", "result":"SYNC_SERVER_OK", "context":{"environment":"Prod_westeurope_prod-s01-080-eur-westeurope", "migrationStage":"NotStarted", "server":"akswtt112000002"}}
{"logTime": "0305/130709", "correlationVector":"homH6i5L8no4XdCx3E05oF.2","action":"ProcessGetUpdates", "result":"Done", "context":{"dataType":"Autofill Profiles", "deleted":"0", "process_failed_to_decrypt":"0", "process_pending_decryption":"0", "process_success":"1", "total":"1"}}
{"logTime": "0305/130709", "correlationVector":"homH6i5L8no4XdCx3E05oF.3","action":"ProcessGetUpdates", "result":"Done", "context":{"dataType":"Autofill", "deleted":"0", "process_failed_to_decrypt":"0", "process_pending_decryption":"0", "process_success":"31", "total":"31"}}
{"logTime": "0305/130709", "correlationVector":"homH6i5L8no4XdCx3E05oF.4","action":"ProcessGetUpdates", "result":"Done", "context":{"dataType":"Sessions", "deleted":"91", "process_failed_to_decrypt":"0", "process_pending_decryption":"0", "process_success":"97", "total":"97"}}
{"logTime": "0305/130709", "correlationVector":"homH6i5L8no4XdCx3E05oF.5","action":"ProcessGetUpdates", "result":"Done", "context":{"dataType":"Edge Hub App Usage", "deleted":"1", "process_failed_to_decrypt":"0", "process_pending_decryption":"0", "process_success":"1", "total":"1"}}
{"logTime": "0305/130709", "correlationVector":"homH6i5L8no4XdCx3E05oF.6","action":"GetUpdates Response", "result":"Success", "context":Received 130 update(s). cV=homH6i5L8no4XdCx3E05oF.0;server=akswtt112000002;cloudType=Multitenant;environment=Prod_westeurope_prod-s01-080-eur-westeurope;migrationStage=NotStarted}
{"logTime": "0305/130709", "correlationVector":"THl9X/sYCwzr5C8JYYK3zI","action":"Initial GetUpdates", "result":"", "context":Reason: NEWLY_SUPPORTED_DATATYPE. cV=THl9X/sYCwzr5C8JYYK3zI}
{"logTime": "0305/130710", "correlationVector":"THl9X/sYCwzr5C8JYYK3zI.1","action":"SyncServerConnectionManagerRequest", "result":"SYNC_SERVER_OK", "context":{"environment":"Prod_westeurope_prod-s01-080-eur-westeurope", "migrationStage":"NotStarted", "server":"akswtt11200000h"}}
{"logTime": "0305/130710", "correlationVector":"THl9X/sYCwzr5C8JYYK3zI.2","action":"ProcessGetUpdates", "result":"Done", "context":{"dataType":"History", "deleted":"0", "process_failed_to_decrypt":"0", "process_pending_decryption":"0", "process_success":"250", "total":"250"}}
{"logTime": "0305/130710", "correlationVector":"THl9X/sYCwzr5C8JYYK3zI.3","action":"GetUpdates Response", "result":"Success", "context":Received 250 update(s). cV=THl9X/sYCwzr5C8JYYK3zI.0;server=akswtt11200000h;cloudType=Multitenant;environment=Prod_westeurope_prod-s01-080-eur-westeurope;migrationStage=NotStarted Some updates remain.}
{"logTime": "0305/130710", "correlationVector":"4Zsur4MQrZc/pf0FCU6Rn+","action":"Initial GetUpdates", "result":"", "context":Reason: NEWLY_SUPPORTED_DATATYPE. cV=4Zsur4MQrZc/pf0FCU6Rn+}
{"logTime": "0305/130710", "correlationVector":"4Zsur4MQrZc/pf0FCU6Rn+.1","action":"SyncServerConnectionManagerRequest", "result":"SYNC_SERVER_OK", "context":{"environment":"Prod_westeurope_prod-s01-080-eur-westeurope", "migrationStage":"NotStarted", "server":"akswtt11200001i"}}
{"logTime": "0305/130710", "correlationVector":"4Zsur4MQrZc/pf0FCU6Rn+.2","action":"ProcessGetUpdates", "result":"Done", "context":{"dataType":"History", "deleted":"0", "process_failed_to_decrypt":"0", "process_pending_decryption":"0", "process_success":"250", "total":"250"}}
{"logTime": "0305/130710", "correlationVector":"4Zsur4MQrZc/pf0FCU6Rn+.3","action":"GetUpdates Response", "result":"Success", "context":Received 250 update(s). cV=4Zsur4MQrZc/pf0FCU6Rn+.0;server=akswtt11200001i;cloudType=Multitenant;environment=Prod_westeurope_prod-s01-080-eur-westeurope;migrationStage=NotStarted Some updates remain.}
{"logTime": "0305/130710", "correlationVector":"ZHtJCiMEjlMC754RA8ca+N","action":"Initial GetUpdates", "result":"", "context":Reason: NEWLY_SUPPORTED_DATATYPE. cV=ZHtJCiMEjlMC754RA8ca+N}
{"logTime": "0305/130711", "correlationVector":"ZHtJCiMEjlMC754RA8ca+N.1","action":"SyncServerConnectionManagerRequest", "result":"SYNC_SERVER_OK", "context":{"environment":"Prod_westeurope_prod-s01-080-eur-westeurope", "migrationStage":"NotStarted", "server":"akswtt11200001u"}}
{"logTime": "0305/130711", "correlationVector":"ZHtJCiMEjlMC754RA8ca+N.2","action":"ProcessGetUpdates", "result":"Done", "context":{"dataType":"History", "deleted":"0", "process_failed_to_decrypt":"0", "process_pending_decryption":"0", "process_success":"250", "total":"250"}}
{"logTime": "0305/130711", "correlationVector":"ZHtJCiMEjlMC754RA8ca+N.3","action":"GetUpdates Response", "result":"Success", "context":Received 250 update(s). cV=ZHtJCiMEjlMC754RA8ca+N.0;server=akswtt11200001u;cloudType=Multitenant;environment=Prod_westeurope_prod-s01-080-eur-westeurope;migrationStage=NotStarted Some updates remain.}
{"logTime": "0305/130711", "correlationVector":"/DoNN4KnMp7jOUpjuX2PNl","action":"Initial GetUpdates", "result":"", "context":Reason: NEWLY_SUPPORTED_DATATYPE. cV=/DoNN4KnMp7jOUpjuX2PNl}
{"logTime": "0305/130711", "correlationVector":"/DoNN4KnMp7jOUpjuX2PNl.1","action":"SyncServerConnectionManagerRequest", "result":"SYNC_SERVER_OK", "context":{"environment":"Prod_westeurope_prod-s01-080-eur-westeurope", "migrationStage":"NotStarted", "server":"akswtt112000005"}}
{"logTime": "0305/130711", "correlationVector":"/DoNN4KnMp7jOUpjuX2PNl.2","action":"ProcessGetUpdates", "result":"Done", "context":{"dataType":"History", "deleted":"0", "process_failed_to_decrypt":"0", "process_pending_decryption":"0", "process_success":"250", "total":"250"}}
{"logTime": "0305/130711", "correlationVector":"/DoNN4KnMp7jOUpjuX2PNl.3","action":"GetUpdates Response", "result":"Success", "context":Received 250 update(s). cV=/DoNN4KnMp7jOUpjuX2PNl.0;server=akswtt112000005;cloudType=Multitenant;environment=Prod_westeurope_prod-s01-080-eur-westeurope;migrationStage=NotStarted Some updates remain.}
{"logTime": "0305/130711", "correlationVector":"2Xd38tJIlWdJXI+lB3GPtY","action":"Initial GetUpdates", "result":"", "context":Reason: NEWLY_SUPPORTED_DATATYPE. cV=2Xd38tJIlWdJXI+lB3GPtY}
{"logTime": "0305/130712", "correlationVector":"2Xd38tJIlWdJXI+lB3GPtY.1","action":"SyncServerConnectionManagerRequest", "result":"SYNC_SERVER_OK", "context":{"environment":"Prod_westeurope_prod-s01-080-eur-westeurope", "migrationStage":"NotStarted", "server":"akswtt11200001j"}}
{"logTime": "0305/130712", "correlationVector":"2Xd38tJIlWdJXI+lB3GPtY.2","action":"ProcessGetUpdates", "result":"Done", "context":{"dataType":"History", "deleted":"0", "process_failed_to_decrypt":"0", "process_pending_decryption":"0", "process_success":"250", "total":"250"}}
{"logTime": "0305/130712", "correlationVector":"2Xd38tJIlWdJXI+lB3GPtY.3","action":"GetUpdates Response", "result":"Success", "context":Received 250 update(s). cV=2Xd38tJIlWdJXI+lB3GPtY.0;server=akswtt11200001j;cloudType=Multitenant;environment=Prod_westeurope_prod-s01-080-eur-westeurope;migrationStage=NotStarted Some updates remain.}
{"logTime": "0305/130712", "correlationVector":"HgD01ilGOm/XXx6Wck9mWh","action":"Initial GetUpdates", "result":"", "context":Reason: NEWLY_SUPPORTED_DATATYPE. cV=HgD01ilGOm/XXx6Wck9mWh}
{"logTime": "0305/130712", "correlationVector":"HgD01ilGOm/XXx6Wck9mWh.1","action":"SyncServerConnectionManagerRequest", "result":"SYNC_SERVER_OK", "context":{"environment":"Prod_westeurope_prod-s01-080-eur-westeurope", "migrationStage":"NotStarted", "server":"akswtt112000018"}}
{"logTime": "0305/130712", "correlationVector":"HgD01ilGOm/XXx6Wck9mWh.2","action":"ProcessGetUpdates", "result":"Done", "context":{"dataType":"History", "deleted":"0", "process_failed_to_decrypt":"0", "process_pending_decryption":"0", "process_success":"250", "total":"250"}}
{"logTime": "0305/130712", "correlationVector":"HgD01ilGOm/XXx6Wck9mWh.3","action":"GetUpdates Response", "result":"Success", "context":Received 250 update(s). cV=HgD01ilGOm/XXx6Wck9mWh.0;server=akswtt112000018;cloudType=Multitenant;environment=Prod_westeurope_prod-s01-080-eur-westeurope;migrationStage=NotStarted Some updates remain.}
{"logTime": "0305/130712", "correlationVector":"WPDJaRgQ+BjrJp19Scp1Vr","action":"Initial GetUpdates", "result":"", "context":Reason: NEWLY_SUPPORTED_DATATYPE. cV=WPDJaRgQ+BjrJp19Scp1Vr}
{"logTime": "0305/130713", "correlationVector":"WPDJaRgQ+BjrJp19Scp1Vr.1","action":"SyncServerConnectionManagerRequest", "result":"SYNC_SERVER_OK", "context":{"environment":"Prod_westeurope_prod-s01-080-eur-westeurope", "migrationStage":"NotStarted", "server":"akswtt112000019"}}
{"logTime": "0305/130713", "correlationVector":"WPDJaRgQ+BjrJp19Scp1Vr.2","action":"ProcessGetUpdates", "result":"Done", "context":{"dataType":"History", "deleted":"0", "process_failed_to_decrypt":"0", "process_pending_decryption":"0", "process_success":"250", "total":"250"}}
{"logTime": "0305/130713", "correlationVector":"WPDJaRgQ+BjrJp19Scp1Vr.3","action":"GetUpdates Response", "result":"Success", "context":Received 250 update(s). cV=WPDJaRgQ+BjrJp19Scp1Vr.0;server=akswtt112000019;cloudType=Multitenant;environment=Prod_westeurope_prod-s01-080-eur-westeurope;migrationStage=NotStarted Some updates remain.}
{"logTime": "0305/130713", "correlationVector":"hMUfB2xSl7tldY3jmIRXVG","action":"Initial GetUpdates", "result":"", "context":Reason: NEWLY_SUPPORTED_DATATYPE. cV=hMUfB2xSl7tldY3jmIRXVG}
{"logTime": "0305/130713", "correlationVector":"hMUfB2xSl7tldY3jmIRXVG.1","action":"SyncServerConnectionManagerRequest", "result":"SYNC_SERVER_OK", "context":{"environment":"Prod_westeurope_prod-s01-080-eur-westeurope", "migrationStage":"NotStarted", "server":"akswtt11200001o"}}
{"logTime": "0305/130713", "correlationVector":"hMUfB2xSl7tldY3jmIRXVG.2","action":"ProcessGetUpdates", "result":"Done", "context":{"dataType":"History", "deleted":"0", "process_failed_to_decrypt":"0", "process_pending_decryption":"0", "process_success":"250", "total":"250"}}
{"logTime": "0305/130713", "correlationVector":"hMUfB2xSl7tldY3jmIRXVG.3","action":"GetUpdates Response", "result":"Success", "context":Received 250 update(s). cV=hMUfB2xSl7tldY3jmIRXVG.0;server=akswtt11200001o;cloudType=Multitenant;environment=Prod_westeurope_prod-s01-080-eur-westeurope;migrationStage=NotStarted Some updates remain.}
{"logTime": "0305/130713", "correlationVector":"d9GcSn7pU546trLtzok5Fn","action":"Initial GetUpdates", "result":"", "context":Reason: NEWLY_SUPPORTED_DATATYPE. cV=d9GcSn7pU546trLtzok5Fn}
{"logTime": "0305/130714", "correlationVector":"d9GcSn7pU546trLtzok5Fn.1","action":"SyncServerConnectionManagerRequest", "result":"SYNC_SERVER_OK", "context":{"environment":"Prod_westeurope_prod-s01-080-eur-westeurope", "migrationStage":"NotStarted", "server":"akswtt11200001v"}}
{"logTime": "0305/130714", "correlationVector":"d9GcSn7pU546trLtzok5Fn.2","action":"ProcessGetUpdates", "result":"Done", "context":{"dataType":"History", "deleted":"0", "process_failed_to_decrypt":"0", "process_pending_decryption":"0", "process_success":"250", "total":"250"}}
{"logTime": "0305/130714", "correlationVector":"d9GcSn7pU546trLtzok5Fn.3","action":"GetUpdates Response", "result":"Success", "context":Received 250 update(s). cV=d9GcSn7pU546trLtzok5Fn.0;server=akswtt11200001v;cloudType=Multitenant;environment=Prod_westeurope_prod-s01-080-eur-westeurope;migrationStage=NotStarted Some updates remain.}
{"logTime": "0305/130714", "correlationVector":"bntlomP0xZ8ZAMevOoktWd","action":"Initial GetUpdates", "result":"", "context":Reason: NEWLY_SUPPORTED_DATATYPE. cV=bntlomP0xZ8ZAMevOoktWd}
{"logTime": "0305/130714", "correlationVector":"bntlomP0xZ8ZAMevOoktWd.1","action":"SyncServerConnectionManagerRequest", "result":"SYNC_SERVER_OK", "context":{"environment":"Prod_westeurope_prod-s01-080-eur-westeurope", "migrationStage":"NotStarted", "server":"akswtt11200000a"}}
{"logTime": "0305/130714", "correlationVector":"bntlomP0xZ8ZAMevOoktWd.2","action":"ProcessGetUpdates", "result":"Done", "context":{"dataType":"History", "deleted":"0", "process_failed_to_decrypt":"0", "process_pending_decryption":"0", "process_success":"108", "total":"108"}}
{"logTime": "0305/130714", "correlationVector":"bntlomP0xZ8ZAMevOoktWd.3","action":"GetUpdates Response", "result":"Success", "context":Received 108 update(s). cV=bntlomP0xZ8ZAMevOoktWd.0;server=akswtt11200000a;cloudType=Multitenant;environment=Prod_westeurope_prod-s01-080-eur-westeurope;migrationStage=NotStarted}
{"logTime": "0305/130714", "correlationVector":"rnfMLuiXvD/JrtYF8e92SQ","action":"Normal GetUpdate request", "result":"", "context":cV=rnfMLuiXvD/JrtYF8e92SQ
Nudged types: Sessions, Device Info, History
Refresh requested types: Bookmarks, Preferences, Passwords, Autofill Profiles, Autofill, Extensions, Sessions, Extension settings, History Delete Directives, Device Info, User Consents, Send Tab To Self, Web Apps, History, Saved Tab Group, WebAuthn Credentials, Collection, Edge E Drop, Edge Hub App Usage, Edge Wallet, Edge Workspace, Encryption Keys}
{"logTime": "0305/130714", "correlationVector":"rnfMLuiXvD/JrtYF8e92SQ.1","action":"SyncServerConnectionManagerRequest", "result":"SYNC_SERVER_OK", "context":{"environment":"Prod_westeurope_prod-s01-080-eur-westeurope", "migrationStage":"NotStarted", "server":"akswtt11200001y"}}
{"logTime": "0305/130714", "correlationVector":"rnfMLuiXvD/JrtYF8e92SQ.2","action":"GetUpdates Response", "result":"Success", "context":Received 0 update(s). cV=rnfMLuiXvD/JrtYF8e92SQ.0;server=akswtt11200001y;cloudType=Multitenant;environment=Prod_westeurope_prod-s01-080-eur-westeurope;migrationStage=NotStarted}
{"logTime": "0305/130714", "correlationVector":"XVKSp45iNckNdUKLd4ZZnj","action":"Commit Request", "result":"", "context":Item count: 4
Contributing types: Sessions, Device Info, History}
{"logTime": "0305/130714", "correlationVector":"XVKSp45iNckNdUKLd4ZZnj.1","action":"SyncServerConnectionManagerRequest", "result":"SYNC_SERVER_OK", "context":{"environment":"Prod_westeurope_prod-s01-080-eur-westeurope", "migrationStage":"NotStarted", "server":"akswtt11200001y"}}
{"logTime": "0305/130714", "correlationVector":"XVKSp45iNckNdUKLd4ZZnj.2","action":"Commit Response", "result":"Success", "context":Result: Success. cV=XVKSp45iNckNdUKLd4ZZnj.0;server=akswtt11200001y;cloudType=Multitenant;environment=Prod_westeurope_prod-s01-080-eur-westeurope;migrationStage=NotStarted}
{"logTime": "0305/130715", "correlationVector":"ZpW8uweKxHkI1kl1C50dYW","action":"Commit Request", "result":"", "context":Item count: 2
Contributing types: Sessions, History}
{"logTime": "0305/130715", "correlationVector":"ZpW8uweKxHkI1kl1C50dYW.1","action":"SyncServerConnectionManagerRequest", "result":"SYNC_SERVER_OK", "context":{"environment":"Prod_westeurope_prod-s01-080-eur-westeurope", "migrationStage":"NotStarted", "server":"akswtt11200001v"}}
{"logTime": "0305/130715", "correlationVector":"ZpW8uweKxHkI1kl1C50dYW.2","action":"Commit Response", "result":"Success", "context":Result: Success. cV=ZpW8uweKxHkI1kl1C50dYW.0;server=akswtt11200001v;cloudType=Multitenant;environment=Prod_westeurope_prod-s01-080-eur-westeurope;migrationStage=NotStarted}
{"logTime": "0305/133122", "correlationVector":"o0nKeD8XsbKYc40gHw0LDs","action":"Commit Request", "result":"", "context":Item count: 5
Contributing types: Bookmarks, Sessions, History}
{"logTime": "0305/133123", "correlationVector":"o0nKeD8XsbKYc40gHw0LDs.1","action":"SyncServerConnectionManagerRequest", "result":"SYNC_SERVER_OK", "context":{"environment":"Prod_westeurope_prod-s01-080-eur-westeurope", "migrationStage":"NotStarted", "server":"akswtt11200001v"}}
{"logTime": "0305/133123", "correlationVector":"o0nKeD8XsbKYc40gHw0LDs.2","action":"Commit Response", "result":"Success", "context":Result: Success. cV=o0nKeD8XsbKYc40gHw0LDs.0;server=akswtt11200001v;cloudType=Multitenant;environment=Prod_westeurope_prod-s01-080-eur-westeurope;migrationStage=NotStarted}
{"logTime": "0305/133225", "correlationVector":"QQ2eHZjnpjbev98Ox6FnGm","action":"Commit Request", "result":"", "context":Item count: 2
Contributing types: Sessions, History}
{"logTime": "0305/133225", "correlationVector":"QQ2eHZjnpjbev98Ox6FnGm.1","action":"SyncServerConnectionManagerRequest", "result":"SYNC_SERVER_OK", "context":{"environment":"Prod_westeurope_prod-s01-080-eur-westeurope", "migrationStage":"NotStarted", "server":"akswtt11200001h"}}
{"logTime": "0305/133225", "correlationVector":"QQ2eHZjnpjbev98Ox6FnGm.2","action":"Commit Response", "result":"Success", "context":Result: Success. cV=QQ2eHZjnpjbev98Ox6FnGm.0;server=akswtt11200001h;cloudType=Multitenant;environment=Prod_westeurope_prod-s01-080-eur-westeurope;migrationStage=NotStarted}
{"logTime": "0305/133624", "correlationVector":"HtkEGy+slUyONRhm8j04HE","action":"Commit Request", "result":"", "context":Item count: 1
Contributing types: Sessions}
{"logTime": "0305/133624", "correlationVector":"HtkEGy+slUyONRhm8j04HE.1","action":"SyncServerConnectionManagerRequest", "result":"SYNC_SERVER_OK", "context":{"environment":"Prod_westeurope_prod-s01-080-eur-westeurope", "migrationStage":"NotStarted", "server":"akswtt11200001b"}}
{"logTime": "0305/133624", "correlationVector":"HtkEGy+slUyONRhm8j04HE.2","action":"Commit Response", "result":"Success", "context":Result: Success. cV=HtkEGy+slUyONRhm8j04HE.0;server=akswtt11200001b;cloudType=Multitenant;environment=Prod_westeurope_prod-s01-080-eur-westeurope;migrationStage=NotStarted}
{"logTime": "0305/134443", "correlationVector":"XoDmfwi6c83BK62LyJN9e7","action":"Commit Request", "result":"", "context":Item count: 3
Contributing types: Sessions}
{"logTime": "0305/134445", "correlationVector":"XoDmfwi6c83BK62LyJN9e7.1","action":"SyncServerConnectionManagerRequest", "result":"SYNC_SERVER_OK", "context":{"environment":"Prod_westeurope_prod-s01-080-eur-westeurope", "migrationStage":"NotStarted", "server":"akswtt11200001g"}}
{"logTime": "0305/134445", "correlationVector":"XoDmfwi6c83BK62LyJN9e7.2","action":"Commit Response", "result":"Success", "context":Result: Success. cV=XoDmfwi6c83BK62LyJN9e7.0;server=akswtt11200001g;cloudType=Multitenant;environment=Prod_westeurope_prod-s01-080-eur-westeurope;migrationStage=NotStarted}
{"logTime": "0305/135642", "correlationVector":"N08fSRuJ6jGQHnMyoV6Drc","action":"Normal GetUpdate request", "result":"", "context":cV=N08fSRuJ6jGQHnMyoV6Drc
Notified types: History}
{"logTime": "0305/135643", "correlationVector":"N08fSRuJ6jGQHnMyoV6Drc.1","action":"SyncServerConnectionManagerRequest", "result":"SYNC_SERVER_OK", "context":{"environment":"Prod_westeurope_prod-s01-080-eur-westeurope", "migrationStage":"NotStarted", "server":"akswtt112000007"}}
{"logTime": "0305/135643", "correlationVector":"N08fSRuJ6jGQHnMyoV6Drc.2","action":"ProcessGetUpdates", "result":"Done", "context":{"dataType":"Bookmarks", "deleted":"0", "process_failed_to_decrypt":"0", "process_pending_decryption":"0", "process_success":"1", "total":"1"}}
{"logTime": "0305/135643", "correlationVector":"N08fSRuJ6jGQHnMyoV6Drc.3","action":"ProcessGetUpdates", "result":"Done", "context":{"dataType":"Sessions", "deleted":"0", "process_failed_to_decrypt":"0", "process_pending_decryption":"0", "process_success":"4", "total":"4"}}
{"logTime": "0305/135643", "correlationVector":"N08fSRuJ6jGQHnMyoV6Drc.4","action":"ProcessGetUpdates", "result":"Done", "context":{"dataType":"Device Info", "deleted":"0", "process_failed_to_decrypt":"0", "process_pending_decryption":"0", "process_success":"1", "total":"1"}}
{"logTime": "0305/135643", "correlationVector":"N08fSRuJ6jGQHnMyoV6Drc.5","action":"ProcessGetUpdates", "result":"Done", "context":{"dataType":"History", "deleted":"0", "process_failed_to_decrypt":"0", "process_pending_decryption":"0", "process_success":"7", "total":"7"}}
{"logTime": "0305/135643", "correlationVector":"N08fSRuJ6jGQHnMyoV6Drc.6","action":"GetUpdates Response", "result":"Success", "context":Received 13 update(s). cV=N08fSRuJ6jGQHnMyoV6Drc.0;server=akswtt112000007;cloudType=Multitenant;environment=Prod_westeurope_prod-s01-080-eur-westeurope;migrationStage=NotStarted}
{"logTime": "0305/141951", "correlationVector":"aI1lLUwLFGUtXuhah2D6cq","action":"Commit Request", "result":"", "context":Item count: 3
Contributing types: Sessions, History}
{"logTime": "0305/141951", "correlationVector":"aI1lLUwLFGUtXuhah2D6cq.1","action":"SyncServerConnectionManagerRequest", "result":"SYNC_AUTH_ERROR", "context":{"environment":"Prod_westeurope_prod-s01-080-eur-westeurope", "migrationStage":"NotStarted", "server":"akswtt11200001a"}}
{"logTime": "0305/141951", "correlationVector":"aI1lLUwLFGUtXuhah2D6cq.2","action":"Commit Response", "result":"HTTP error (401)", "context":Result: HTTP error (401). cV=aI1lLUwLFGUtXuhah2D6cq.0;server=akswtt11200001a;cloudType=Undetermined;environment=Prod_westeurope_prod-s01-080-eur-westeurope;migrationStage=NotStarted}
{"logTime": "0305/141952", "correlationVector":"iELYk919uV3A6H9NNP0vM+","action":"Commit Request", "result":"", "context":Item count: 3
Contributing types: Sessions, History}
{"logTime": "0305/141953", "correlationVector":"iELYk919uV3A6H9NNP0vM+.1","action":"SyncServerConnectionManagerRequest", "result":"SYNC_SERVER_OK", "context":{"environment":"Prod_westeurope_prod-s01-080-eur-westeurope", "migrationStage":"NotStarted", "server":"akswtt11200001e"}}
{"logTime": "0305/141953", "correlationVector":"iELYk919uV3A6H9NNP0vM+.2","action":"Commit Response", "result":"Success", "context":Result: Success. cV=iELYk919uV3A6H9NNP0vM+.0;server=akswtt11200001e;cloudType=Multitenant;environment=Prod_westeurope_prod-s01-080-eur-westeurope;migrationStage=NotStarted}
{"logTime": "0305/141954", "correlationVector":"W+TQvOSnDZlJ7m1fL7jVhZ","action":"Normal GetUpdate request", "result":"", "context":cV=W+TQvOSnDZlJ7m1fL7jVhZ
Notified types: History}
{"logTime": "0305/141954", "correlationVector":"W+TQvOSnDZlJ7m1fL7jVhZ.1","action":"SyncServerConnectionManagerRequest", "result":"SYNC_SERVER_OK", "context":{"environment":"Prod_westeurope_prod-s01-080-eur-westeurope", "migrationStage":"NotStarted", "server":"akswtt11200000a"}}
{"logTime": "0305/141954", "correlationVector":"W+TQvOSnDZlJ7m1fL7jVhZ.2","action":"ProcessGetUpdates", "result":"Done", "context":{"dataType":"Sessions", "deleted":"1", "process_failed_to_decrypt":"0", "process_pending_decryption":"0", "process_success":"5", "total":"5"}}
{"logTime": "0305/141954", "correlationVector":"W+TQvOSnDZlJ7m1fL7jVhZ.3","action":"ProcessGetUpdates", "result":"Done", "context":{"dataType":"History", "deleted":"0", "process_failed_to_decrypt":"0", "process_pending_decryption":"0", "process_success":"6", "total":"6"}}
{"logTime": "0305/141954", "correlationVector":"W+TQvOSnDZlJ7m1fL7jVhZ.4","action":"GetUpdates Response", "result":"Success", "context":Received 11 update(s). cV=W+TQvOSnDZlJ7m1fL7jVhZ.0;server=akswtt11200000a;cloudType=Multitenant;environment=Prod_westeurope_prod-s01-080-eur-westeurope;migrationStage=NotStarted}
{"logTime": "0305/142055", "correlationVector":"QKenlwAPv0gTK3xFrFgB/Y","action":"Normal GetUpdate request", "result":"", "context":cV=QKenlwAPv0gTK3xFrFgB/Y
Nudged types: Sessions
Notified types: History}
{"logTime": "0305/142055", "correlationVector":"QKenlwAPv0gTK3xFrFgB/Y.1","action":"SyncServerConnectionManagerRequest", "result":"SYNC_SERVER_OK", "context":{"environment":"Prod_westeurope_prod-s01-080-eur-westeurope", "migrationStage":"NotStarted", "server":"akswtt11200001v"}}
{"logTime": "0305/142055", "correlationVector":"QKenlwAPv0gTK3xFrFgB/Y.2","action":"ProcessGetUpdates", "result":"Done", "context":{"dataType":"Sessions", "deleted":"0", "process_failed_to_decrypt":"0", "process_pending_decryption":"0", "process_success":"1", "total":"1"}}
{"logTime": "0305/142055", "correlationVector":"QKenlwAPv0gTK3xFrFgB/Y.3","action":"ProcessGetUpdates", "result":"Done", "context":{"dataType":"History", "deleted":"0", "process_failed_to_decrypt":"0", "process_pending_decryption":"0", "process_success":"4", "total":"4"}}
{"logTime": "0305/142055", "correlationVector":"QKenlwAPv0gTK3xFrFgB/Y.4","action":"GetUpdates Response", "result":"Success", "context":Received 5 update(s). cV=QKenlwAPv0gTK3xFrFgB/Y.0;server=akswtt11200001v;cloudType=Multitenant;environment=Prod_westeurope_prod-s01-080-eur-westeurope;migrationStage=NotStarted}
{"logTime": "0305/142055", "correlationVector":"xAnRedxrCR1HEJNl0TRuFV","action":"Commit Request", "result":"", "context":Item count: 2
Contributing types: Sessions}
{"logTime": "0305/142055", "correlationVector":"xAnRedxrCR1HEJNl0TRuFV.1","action":"SyncServerConnectionManagerRequest", "result":"SYNC_SERVER_OK", "context":{"environment":"Prod_westeurope_prod-s01-080-eur-westeurope", "migrationStage":"NotStarted", "server":"akswtt11200001o"}}
{"logTime": "0305/142055", "correlationVector":"xAnRedxrCR1HEJNl0TRuFV.3","action":"Commit.Sessions", "result":"Success", "context":{"id":"255b4d07-01f5-4ece-90aa-8722ae72058a", "isDeleted":"true", "size":"0", "version":"1772720393718"}}
{"logTime": "0305/142055", "correlationVector":"xAnRedxrCR1HEJNl0TRuFV.2","action":"Commit Response", "result":"Success", "context":Result: Success. cV=xAnRedxrCR1HEJNl0TRuFV.0;server=akswtt11200001o;cloudType=Multitenant;environment=Prod_westeurope_prod-s01-080-eur-westeurope;migrationStage=NotStarted}
