2026-03-05 12:01:01.863: [INFO][Sync] Reset engine, reason: 8
2026-03-05 12:01:01.863: [INFO][Sync] Stopped: Bookmarks
2026-03-05 12:01:01.863: [INFO][Sync] Stopped: Preferences
2026-03-05 12:01:01.863: [INFO][Sync] Stopped: Passwords
2026-03-05 12:01:01.863: [INFO][Sync] Stopped: Autofill Profiles
2026-03-05 12:01:01.863: [INFO][Sync] Stopped: Autofill
2026-03-05 12:01:01.863: [INFO][Sync] Stopped: Extensions
2026-03-05 12:01:01.863: [INFO][Sync] Stopped: Sessions
2026-03-05 12:01:01.863: [INFO][Sync] Stopped: Extension settings
2026-03-05 12:01:01.863: [INFO][Sync] Stopped: History Delete Directives
2026-03-05 12:01:01.863: [INFO][Sync] Stopped: Device Info
2026-03-05 12:01:01.863: [INFO][Sync] Stopped: User Consents
2026-03-05 12:01:01.863: [INFO][Sync] Stopped: Send Tab To Self
2026-03-05 12:01:01.863: [INFO][Sync] Stopped: Web Apps
2026-03-05 12:01:01.863: [INFO][Sync] Stopped: History
2026-03-05 12:01:01.863: [INFO][Sync] Stopped: Saved Tab Group
2026-03-05 12:01:01.863: [INFO][Sync] Stopped: WebAuthn Credentials
2026-03-05 12:01:01.863: [INFO][Sync] Stopped: Collection
2026-03-05 12:01:01.863: [INFO][Sync] Stopped: Edge E Drop
2026-03-05 12:01:01.863: [INFO][Sync] Stopped: Edge Hub App Usage
2026-03-05 12:01:01.863: [INFO][Sync] Stopped: Edge Wallet
2026-03-05 12:01:01.863: [INFO][Sync] Stopped: Edge Workspace
2026-03-05 12:01:01.863: [INFO][Sync] SyncState after authenticated was: NotSignedIn
2026-03-05 12:01:02.013: [INFO][Sync] Reset engine, reason: 8
2026-03-05 12:01:02.013: [INFO][Sync] Stopped: Bookmarks
2026-03-05 12:01:02.013: [INFO][Sync] Stopped: Preferences
2026-03-05 12:01:02.013: [INFO][Sync] Stopped: Passwords
2026-03-05 12:01:02.013: [INFO][Sync] Stopped: Autofill Profiles
2026-03-05 12:01:02.013: [INFO][Sync] Stopped: Autofill
2026-03-05 12:01:02.013: [INFO][Sync] Stopped: Extensions
2026-03-05 12:01:02.013: [INFO][Sync] Stopped: Sessions
2026-03-05 12:01:02.013: [INFO][Sync] Stopped: Extension settings
2026-03-05 12:01:02.013: [INFO][Sync] Stopped: History Delete Directives
2026-03-05 12:01:02.013: [INFO][Sync] Stopped: Device Info
2026-03-05 12:01:02.013: [INFO][Sync] Stopped: User Consents
2026-03-05 12:01:02.013: [INFO][Sync] Stopped: Send Tab To Self
2026-03-05 12:01:02.013: [INFO][Sync] Stopped: Web Apps
2026-03-05 12:01:02.013: [INFO][Sync] Stopped: History
2026-03-05 12:01:02.013: [INFO][Sync] Stopped: Saved Tab Group
2026-03-05 12:01:02.013: [INFO][Sync] Stopped: WebAuthn Credentials
2026-03-05 12:01:02.013: [INFO][Sync] Stopped: Collection
2026-03-05 12:01:02.013: [INFO][Sync] Stopped: Edge E Drop
2026-03-05 12:01:02.013: [INFO][Sync] Stopped: Edge Hub App Usage
2026-03-05 12:01:02.013: [INFO][Sync] Stopped: Edge Wallet
2026-03-05 12:01:02.013: [INFO][Sync] Stopped: Edge Workspace
2026-03-05 12:01:05.793: [INFO][Sync] Try to start sync engine
2026-03-05 12:01:05.795: [INFO][SyncManagerImpl::NudgeForInitialDownload] Initial download nudge for Encryption Keys
2026-03-05 12:01:05.795: [INFO][SyncEngineBackend::LoadAndConnectNigoriController] Load and connect Nigori controller
2026-03-05 12:01:05.795: [INFO][SyncEngineBackend::DoInitialize] Control Types added: Encryption Keys
2026-03-05 12:01:05.795: [INFO][SyncManagerImpl::ConfigureSyncer] Types to download: Encryption Keys with reason: 3
2026-03-05 12:01:05.796: [INFO][SyncSchedulerImpl::DoConfigurationSyncCycleJob] Configure job was blocked
2026-03-05 12:01:05.835: [INFO][SyncAuthManager::SetLastAuthError] Current auth error: None
2026-03-05 12:01:05.835: [INFO][SyncAuthManager::EdgeLogTokenErrorState] Token error with: None for account type: AAD
2026-03-05 12:01:05.835: [INFO][Sync] Credentials changed for: EdgeSyncScopeNew
2026-03-05 12:01:05.843: [INFO][SyncAuthManager::SetLastAuthError] Current auth error: None
2026-03-05 12:01:05.843: [INFO][SyncAuthManager::EdgeLogTokenErrorState] Token error with: None for account type: AAD
2026-03-05 12:01:05.843: [INFO][Sync] Credentials changed for: EdgeSyncKeyDataScope
2026-03-05 12:01:05.843: [INFO][SyncEngineBackend::DoUpdateKeyDataCredentials] Update key data credentials
2026-03-05 12:01:05.843: [INFO][SyncEngineBackend::DoUpdateCredentials] Update credentials
2026-03-05 12:01:05.844: [INFO][SyncSchedulerImpl::DoConfigurationSyncCycleJob] Blocked types:  and types to download: Encryption Keys
2026-03-05 12:01:06.842: [INFO][Sync] Started DataTypeManager configuration, reason: 4
2026-03-05 12:01:06.842: [INFO][Sync] Configuring for: Bookmarks, Preferences, Passwords, Autofill Profiles, Autofill, Extensions, Sessions, Extension settings, History Delete Directives, Device Info, User Consents, Send Tab To Self, Web Apps, History, Saved Tab Group, WebAuthn Credentials, Collection, Edge E Drop, Edge Hub App Usage, Edge Wallet, Edge Workspace, Encryption Keys, reason: 3, current state: 0
2026-03-05 12:01:06.842: [INFO][SyncEngineBackend::DoStartConfiguration] Start configuration
2026-03-05 12:01:06.843: [INFO][Sync] Configure, desired: Bookmarks, Preferences, Passwords, Autofill Profiles, Autofill, Extensions, Sessions, Extension settings, History Delete Directives, Device Info, User Consents, Send Tab To Self, Web Apps, History, Saved Tab Group, WebAuthn Credentials, Collection, Edge E Drop, Edge Hub App Usage, Edge Wallet, Edge Workspace, Encryption Keys; Allow fail: 
2026-03-05 12:01:06.843: [INFO][Sync] Loading: Bookmarks
2026-03-05 12:01:06.843: [INFO][Sync] Loading: Preferences
2026-03-05 12:01:06.843: [INFO][Sync] Loading: Passwords
2026-03-05 12:01:06.843: [INFO][Sync] Loading: Autofill Profiles
2026-03-05 12:01:06.843: [INFO][Sync] Loading: Autofill
2026-03-05 12:01:06.843: [INFO][Sync] Loading: Extensions
2026-03-05 12:01:06.843: [INFO][Sync] Loading: Sessions
2026-03-05 12:01:06.844: [INFO][Sync] Loading: Extension settings
2026-03-05 12:01:06.844: [INFO][Sync] Loading: History Delete Directives
2026-03-05 12:01:06.844: [INFO][Sync] Loading: Device Info
2026-03-05 12:01:06.844: [INFO][Sync] Loading: User Consents
2026-03-05 12:01:06.844: [INFO][Sync] Loading: Send Tab To Self
2026-03-05 12:01:06.844: [INFO][Sync] Loading: Web Apps
2026-03-05 12:01:06.844: [INFO][Sync] Loading: History
2026-03-05 12:01:06.844: [INFO][Sync] Loading: Saved Tab Group
2026-03-05 12:01:06.844: [INFO][Sync] Loading: WebAuthn Credentials
2026-03-05 12:01:06.844: [INFO][Sync] Loading: Collection
2026-03-05 12:01:06.844: [INFO][Sync] Loading: Edge E Drop
2026-03-05 12:01:06.844: [INFO][Sync] Loading: Edge Hub App Usage
2026-03-05 12:01:06.844: [INFO][Sync] Loading: Edge Wallet
2026-03-05 12:01:06.844: [INFO][Sync] Loading: Edge Workspace
2026-03-05 12:01:06.851: [INFO][Sync] All data types are ready for configure.
2026-03-05 12:01:06.851: [INFO][SyncManagerImpl::NudgeForInitialDownload] Initial download nudge for Bookmarks
2026-03-05 12:01:06.851: [INFO][SyncManagerImpl::NudgeForInitialDownload] Initial download nudge for Preferences
2026-03-05 12:01:06.851: [INFO][SyncManagerImpl::NudgeForInitialDownload] Initial download nudge for Passwords
2026-03-05 12:01:06.851: [INFO][SyncManagerImpl::NudgeForInitialDownload] Initial download nudge for Autofill Profiles
2026-03-05 12:01:06.851: [INFO][SyncManagerImpl::NudgeForInitialDownload] Initial download nudge for Autofill
2026-03-05 12:01:06.851: [INFO][SyncManagerImpl::NudgeForInitialDownload] Initial download nudge for Extensions
2026-03-05 12:01:06.851: [INFO][SyncManagerImpl::NudgeForInitialDownload] Initial download nudge for Sessions
2026-03-05 12:01:06.851: [INFO][SyncManagerImpl::NudgeForInitialDownload] Initial download nudge for Extension settings
2026-03-05 12:01:06.851: [INFO][SyncManagerImpl::NudgeForInitialDownload] Initial download nudge for History Delete Directives
2026-03-05 12:01:06.851: [INFO][SyncManagerImpl::NudgeForInitialDownload] Initial download nudge for Device Info
2026-03-05 12:01:06.851: [INFO][SyncManagerImpl::NudgeForInitialDownload] Initial download nudge for Send Tab To Self
2026-03-05 12:01:06.851: [INFO][SyncManagerImpl::NudgeForInitialDownload] Initial download nudge for Web Apps
2026-03-05 12:01:06.851: [INFO][SyncManagerImpl::NudgeForInitialDownload] Initial download nudge for History
2026-03-05 12:01:06.851: [INFO][SyncManagerImpl::NudgeForInitialDownload] Initial download nudge for Saved Tab Group
2026-03-05 12:01:06.851: [INFO][SyncManagerImpl::NudgeForInitialDownload] Initial download nudge for WebAuthn Credentials
2026-03-05 12:01:06.851: [INFO][SyncManagerImpl::NudgeForInitialDownload] Initial download nudge for Collection
2026-03-05 12:01:06.851: [INFO][SyncManagerImpl::NudgeForInitialDownload] Initial download nudge for Edge E Drop
2026-03-05 12:01:06.851: [INFO][SyncManagerImpl::NudgeForInitialDownload] Initial download nudge for Edge Hub App Usage
2026-03-05 12:01:06.851: [INFO][SyncManagerImpl::NudgeForInitialDownload] Initial download nudge for Edge Wallet
2026-03-05 12:01:06.851: [INFO][SyncManagerImpl::NudgeForInitialDownload] Initial download nudge for Edge Workspace
2026-03-05 12:01:06.851: [INFO][SyncManagerImpl::ConfigureSyncer] Types to download:  with reason: 3
2026-03-05 12:01:06.851: [INFO][SyncEngineBackend::DoFinishConfigureDataTypes] Failed to download types:  and succeeded types: 
2026-03-05 12:01:06.852: [INFO][Sync] ConfigurationDone, failed: , succeeded: , remaining count: 4
2026-03-05 12:01:06.852: [INFO][Sync] Prepare to configure types: Preferences, Passwords, Device Info, Send Tab To Self, Edge E Drop, Encryption Keys
2026-03-05 12:01:06.852: [INFO][SyncManagerImpl::ConfigureSyncer] Types to download: Preferences, Passwords, Device Info, Send Tab To Self, Edge E Drop, Encryption Keys with reason: 3
2026-03-05 12:01:06.852: [INFO][SyncSchedulerImpl::DoConfigurationSyncCycleJob] Blocked types:  and types to download: Preferences, Passwords, Device Info, Send Tab To Self, Edge E Drop, Encryption Keys
2026-03-05 12:01:07.224: [INFO][SyncEngineBackend::DoFinishConfigureDataTypes] Failed to download types:  and succeeded types: Preferences, Passwords, Device Info, Send Tab To Self, Edge E Drop, Encryption Keys
2026-03-05 12:01:07.225: [INFO][Sync] ConfigurationDone, failed: , succeeded: Preferences, Passwords, Device Info, Send Tab To Self, Edge E Drop, Encryption Keys, remaining count: 3
2026-03-05 12:01:07.225: [INFO][Sync] Prepare to configure types: Bookmarks, Encryption Keys
2026-03-05 12:01:07.225: [INFO][SyncManagerImpl::ConfigureSyncer] Types to download: Bookmarks, Encryption Keys with reason: 3
2026-03-05 12:01:07.225: [INFO][SyncSchedulerImpl::DoConfigurationSyncCycleJob] Blocked types:  and types to download: Bookmarks, Encryption Keys
2026-03-05 12:01:07.419: [INFO][SyncEngineBackend::DoFinishConfigureDataTypes] Failed to download types:  and succeeded types: Bookmarks, Encryption Keys
2026-03-05 12:01:07.423: [INFO][Sync] ConfigurationDone, failed: , succeeded: Bookmarks, Encryption Keys, remaining count: 2
2026-03-05 12:01:07.423: [INFO][Sync] Prepare to configure types: Autofill Profiles, Autofill, Extensions, Sessions, Extension settings, History Delete Directives, Web Apps, Saved Tab Group, WebAuthn Credentials, Collection, Edge Hub App Usage, Edge Wallet, Edge Workspace, Encryption Keys
2026-03-05 12:01:07.423: [INFO][SyncManagerImpl::ConfigureSyncer] Types to download: Autofill Profiles, Autofill, Extensions, Sessions, Extension settings, History Delete Directives, Web Apps, Saved Tab Group, WebAuthn Credentials, Collection, Edge Hub App Usage, Edge Wallet, Edge Workspace, Encryption Keys with reason: 3
2026-03-05 12:01:07.423: [INFO][SyncSchedulerImpl::DoConfigurationSyncCycleJob] Blocked types:  and types to download: Autofill Profiles, Autofill, Extensions, Sessions, Extension settings, History Delete Directives, Web Apps, Saved Tab Group, WebAuthn Credentials, Collection, Edge Hub App Usage, Edge Wallet, Edge Workspace, Encryption Keys
2026-03-05 12:01:12.602: [INFO][SyncEngineBackend::DoFinishConfigureDataTypes] Failed to download types:  and succeeded types: Autofill Profiles, Autofill, Extensions, Sessions, Extension settings, History Delete Directives, Web Apps, Saved Tab Group, WebAuthn Credentials, Collection, Edge Hub App Usage, Edge Wallet, Edge Workspace, Encryption Keys
2026-03-05 12:01:12.603: [INFO][Sync] ConfigurationDone, failed: , succeeded: Autofill Profiles, Autofill, Extensions, Sessions, Extension settings, History Delete Directives, Web Apps, Saved Tab Group, WebAuthn Credentials, Collection, Edge Hub App Usage, Edge Wallet, Edge Workspace, Encryption Keys, remaining count: 1
2026-03-05 12:01:12.605: [INFO][Sync] Prepare to configure types: History, Encryption Keys
2026-03-05 12:01:12.605: [INFO][SyncManagerImpl::ConfigureSyncer] Types to download: History, Encryption Keys with reason: 3
2026-03-05 12:01:12.605: [INFO][SyncSchedulerImpl::DoConfigurationSyncCycleJob] Blocked types:  and types to download: History, Encryption Keys
2026-03-05 12:01:19.249: [INFO][SyncEngineBackend::DoFinishConfigureDataTypes] Failed to download types:  and succeeded types: History, Encryption Keys
2026-03-05 12:01:19.257: [INFO][Sync] ConfigurationDone, failed: , succeeded: History, Encryption Keys, remaining count: 0
2026-03-05 12:01:19.260: [INFO][Sync]     Configuration completed, state: 3
2026-03-05 12:01:19.260: [INFO][Sync] Configured DataTypeManager: Ok
2026-03-05 12:01:19.263: [INFO][SyncEngineBackend::DoStartSyncing] Start syncing
2026-03-05 12:08:00.357: [INFO][Sync] Reset engine, reason: 0
2026-03-05 12:08:00.357: [INFO][Sync] Reset engine with reason: 0
2026-03-05 12:08:28.830: [INFO][Sync] SyncState after authenticated was: FeatureCanStart
2026-03-05 12:08:29.189: [INFO][SyncAuthManager::SetLastAuthError] Current auth error: None
2026-03-05 12:08:29.189: [INFO][SyncAuthManager::EdgeLogTokenErrorState] Token error with: None for account type: AAD
2026-03-05 12:08:29.189: [INFO][Sync] Credentials changed for: EdgeSyncKeyDataScope
2026-03-05 12:08:29.189: [INFO][Sync] Try to start sync engine
2026-03-05 12:08:29.191: [INFO][SyncManagerImpl::NudgeForInitialDownload] Initial download nudge for Encryption Keys
2026-03-05 12:08:29.191: [INFO][SyncEngineBackend::LoadAndConnectNigoriController] Load and connect Nigori controller
2026-03-05 12:08:29.191: [INFO][SyncEngineBackend::DoInitialize] Control Types added: Encryption Keys
2026-03-05 12:08:29.191: [INFO][SyncManagerImpl::ConfigureSyncer] Types to download: Encryption Keys with reason: 3
2026-03-05 12:08:29.191: [INFO][SyncEngineBackend::DoUpdateKeyDataCredentials] Update key data credentials
2026-03-05 12:08:29.191: [INFO][SyncSchedulerImpl::DoConfigurationSyncCycleJob] Configure job was blocked
2026-03-05 12:08:29.251: [INFO][SyncAuthManager::SetLastAuthError] Current auth error: None
2026-03-05 12:08:29.251: [INFO][SyncAuthManager::EdgeLogTokenErrorState] Token error with: None for account type: AAD
2026-03-05 12:08:29.251: [INFO][Sync] Credentials changed for: EdgeSyncScopeNew
2026-03-05 12:08:29.251: [INFO][SyncEngineBackend::DoUpdateCredentials] Update credentials
2026-03-05 12:08:29.251: [INFO][SyncEngineBackend::DoUpdateKeyDataCredentials] Update key data credentials
2026-03-05 12:08:29.251: [INFO][SyncSchedulerImpl::DoConfigurationSyncCycleJob] Blocked types:  and types to download: Encryption Keys
2026-03-05 12:08:30.388: [INFO][Sync] Started DataTypeManager configuration, reason: 4
2026-03-05 12:08:30.388: [INFO][Sync] Configuring for: Bookmarks, Preferences, Passwords, Autofill Profiles, Autofill, Extensions, Sessions, Extension settings, History Delete Directives, Device Info, User Consents, Send Tab To Self, Web Apps, History, Saved Tab Group, WebAuthn Credentials, Collection, Edge E Drop, Edge Hub App Usage, Edge Wallet, Edge Workspace, Encryption Keys, reason: 4, current state: 0
2026-03-05 12:08:30.388: [INFO][SyncEngineBackend::DoStartConfiguration] Start configuration
2026-03-05 12:08:30.391: [INFO][Sync] Configure, desired: Bookmarks, Preferences, Passwords, Autofill Profiles, Autofill, Extensions, Sessions, Extension settings, History Delete Directives, Device Info, User Consents, Send Tab To Self, Web Apps, History, Saved Tab Group, WebAuthn Credentials, Collection, Edge E Drop, Edge Hub App Usage, Edge Wallet, Edge Workspace, Encryption Keys; Allow fail: 
2026-03-05 12:08:30.391: [INFO][Sync] Loading: Bookmarks
2026-03-05 12:08:30.391: [INFO][Sync] Loading: Preferences
2026-03-05 12:08:30.391: [INFO][Sync] Loading: Passwords
2026-03-05 12:08:30.391: [INFO][Sync] Loading: Autofill Profiles
2026-03-05 12:08:30.391: [INFO][Sync] Loading: Autofill
2026-03-05 12:08:30.391: [INFO][Sync] Loading: Extensions
2026-03-05 12:08:30.392: [INFO][Sync] Loading: Sessions
2026-03-05 12:08:30.392: [INFO][Sync] Loading: Extension settings
2026-03-05 12:08:30.392: [INFO][Sync] Loading: History Delete Directives
2026-03-05 12:08:30.392: [INFO][Sync] Loading: Device Info
2026-03-05 12:08:30.392: [INFO][Sync] Loading: User Consents
2026-03-05 12:08:30.392: [INFO][Sync] Loading: Send Tab To Self
2026-03-05 12:08:30.392: [INFO][Sync] Loading: Web Apps
2026-03-05 12:08:30.392: [INFO][Sync] Loading: History
2026-03-05 12:08:30.392: [INFO][Sync] Loading: Saved Tab Group
2026-03-05 12:08:30.392: [INFO][Sync] Loading: WebAuthn Credentials
2026-03-05 12:08:30.392: [INFO][Sync] Loading: Collection
2026-03-05 12:08:30.392: [INFO][Sync] Loading: Edge E Drop
2026-03-05 12:08:30.392: [INFO][Sync] Loading: Edge Hub App Usage
2026-03-05 12:08:30.392: [INFO][Sync] Loading: Edge Wallet
2026-03-05 12:08:30.392: [INFO][Sync] Loading: Edge Workspace
2026-03-05 12:08:30.402: [INFO][Sync] All data types are ready for configure.
2026-03-05 12:08:30.402: [INFO][SyncManagerImpl::NudgeForInitialDownload] Initial download nudge for Bookmarks
2026-03-05 12:08:30.402: [INFO][SyncManagerImpl::NudgeForInitialDownload] Initial download nudge for Passwords
2026-03-05 12:08:30.402: [INFO][SyncManagerImpl::ConfigureSyncer] Types to download:  with reason: 4
2026-03-05 12:08:30.402: [INFO][SyncEngineBackend::DoFinishConfigureDataTypes] Failed to download types:  and succeeded types: 
2026-03-05 12:08:30.403: [INFO][Sync] ConfigurationDone, failed: , succeeded: , remaining count: 4
2026-03-05 12:08:30.403: [INFO][Sync] Prepare to configure types: Passwords, Encryption Keys
2026-03-05 12:08:30.403: [INFO][SyncManagerImpl::ConfigureSyncer] Types to download: Passwords, Encryption Keys with reason: 4
2026-03-05 12:08:30.403: [INFO][SyncSchedulerImpl::DoConfigurationSyncCycleJob] Blocked types:  and types to download: Passwords, Encryption Keys
2026-03-05 12:08:30.636: [INFO][SyncEngineBackend::DoFinishConfigureDataTypes] Failed to download types:  and succeeded types: Passwords, Encryption Keys
2026-03-05 12:08:30.640: [INFO][Sync] ConfigurationDone, failed: , succeeded: Passwords, Encryption Keys, remaining count: 3
2026-03-05 12:08:30.640: [INFO][Sync] Prepare to configure types: Bookmarks, Encryption Keys
2026-03-05 12:08:30.640: [INFO][SyncManagerImpl::ConfigureSyncer] Types to download: Bookmarks, Encryption Keys with reason: 4
2026-03-05 12:08:30.640: [INFO][SyncSchedulerImpl::DoConfigurationSyncCycleJob] Blocked types:  and types to download: Bookmarks, Encryption Keys
2026-03-05 12:08:30.834: [INFO][SyncEngineBackend::DoFinishConfigureDataTypes] Failed to download types:  and succeeded types: Bookmarks, Encryption Keys
2026-03-05 12:08:30.859: [INFO][Sync] ConfigurationDone, failed: , succeeded: Bookmarks, Encryption Keys, remaining count: 2
2026-03-05 12:08:30.859: [INFO][SyncManagerImpl::ConfigureSyncer] Types to download:  with reason: 4
2026-03-05 12:08:30.859: [INFO][SyncEngineBackend::DoFinishConfigureDataTypes] Failed to download types:  and succeeded types: 
2026-03-05 12:08:30.868: [INFO][Sync] ConfigurationDone, failed: , succeeded: , remaining count: 1
2026-03-05 12:08:30.873: [INFO][SyncManagerImpl::ConfigureSyncer] Types to download:  with reason: 4
2026-03-05 12:08:30.873: [INFO][SyncEngineBackend::DoFinishConfigureDataTypes] Failed to download types:  and succeeded types: 
2026-03-05 12:08:30.874: [INFO][Sync] ConfigurationDone, failed: , succeeded: , remaining count: 0
2026-03-05 12:08:30.879: [INFO][Sync]     Configuration completed, state: 3
2026-03-05 12:08:30.879: [INFO][Sync] Configured DataTypeManager: Ok
2026-03-05 12:08:30.885: [INFO][SyncEngineBackend::DoStartSyncing] Start syncing
2026-03-05 12:08:51.571: [INFO][Sync] Reset engine, reason: 0
2026-03-05 12:08:51.571: [INFO][Sync] Reset engine with reason: 0
2026-03-05 12:09:24.624: [INFO][Sync] Reset engine, reason: 8
2026-03-05 12:09:24.624: [INFO][Sync] Stopped: Bookmarks
2026-03-05 12:09:24.624: [INFO][Sync] Stopped: Preferences
2026-03-05 12:09:24.624: [INFO][Sync] Stopped: Passwords
2026-03-05 12:09:24.624: [INFO][Sync] Stopped: Autofill Profiles
2026-03-05 12:09:24.624: [INFO][Sync] Stopped: Autofill
2026-03-05 12:09:24.624: [INFO][Sync] Stopped: Extensions
2026-03-05 12:09:24.624: [INFO][Sync] Stopped: Sessions
2026-03-05 12:09:24.624: [INFO][Sync] Stopped: Extension settings
2026-03-05 12:09:24.624: [INFO][Sync] Stopped: History Delete Directives
2026-03-05 12:09:24.624: [INFO][Sync] Stopped: Device Info
2026-03-05 12:09:24.624: [INFO][Sync] Stopped: User Consents
2026-03-05 12:09:24.624: [INFO][Sync] Stopped: Send Tab To Self
2026-03-05 12:09:24.624: [INFO][Sync] Stopped: Web Apps
2026-03-05 12:09:24.624: [INFO][Sync] Stopped: History
2026-03-05 12:09:24.624: [INFO][Sync] Stopped: Saved Tab Group
2026-03-05 12:09:24.624: [INFO][Sync] Stopped: WebAuthn Credentials
2026-03-05 12:09:24.624: [INFO][Sync] Stopped: Collection
2026-03-05 12:09:24.624: [INFO][Sync] Stopped: Edge E Drop
2026-03-05 12:09:24.624: [INFO][Sync] Stopped: Edge Hub App Usage
2026-03-05 12:09:24.624: [INFO][Sync] Stopped: Edge Wallet
2026-03-05 12:09:24.624: [INFO][Sync] Stopped: Edge Workspace
2026-03-05 12:09:24.624: [INFO][Sync] SyncState after authenticated was: NotSignedIn
2026-03-05 12:09:24.780: [INFO][Sync] Reset engine, reason: 8
2026-03-05 12:09:24.780: [INFO][Sync] Stopped: Bookmarks
2026-03-05 12:09:24.780: [INFO][Sync] Stopped: Preferences
2026-03-05 12:09:24.780: [INFO][Sync] Stopped: Passwords
2026-03-05 12:09:24.780: [INFO][Sync] Stopped: Autofill Profiles
2026-03-05 12:09:24.780: [INFO][Sync] Stopped: Autofill
2026-03-05 12:09:24.780: [INFO][Sync] Stopped: Extensions
2026-03-05 12:09:24.780: [INFO][Sync] Stopped: Sessions
2026-03-05 12:09:24.780: [INFO][Sync] Stopped: Extension settings
2026-03-05 12:09:24.780: [INFO][Sync] Stopped: History Delete Directives
2026-03-05 12:09:24.780: [INFO][Sync] Stopped: Device Info
2026-03-05 12:09:24.780: [INFO][Sync] Stopped: User Consents
2026-03-05 12:09:24.780: [INFO][Sync] Stopped: Send Tab To Self
2026-03-05 12:09:24.780: [INFO][Sync] Stopped: Web Apps
2026-03-05 12:09:24.780: [INFO][Sync] Stopped: History
2026-03-05 12:09:24.780: [INFO][Sync] Stopped: Saved Tab Group
2026-03-05 12:09:24.780: [INFO][Sync] Stopped: WebAuthn Credentials
2026-03-05 12:09:24.780: [INFO][Sync] Stopped: Collection
2026-03-05 12:09:24.780: [INFO][Sync] Stopped: Edge E Drop
2026-03-05 12:09:24.780: [INFO][Sync] Stopped: Edge Hub App Usage
2026-03-05 12:09:24.780: [INFO][Sync] Stopped: Edge Wallet
2026-03-05 12:09:24.780: [INFO][Sync] Stopped: Edge Workspace
2026-03-05 12:09:25.416: [INFO][Sync] Try to start sync engine
2026-03-05 12:09:25.417: [INFO][SyncManagerImpl::NudgeForInitialDownload] Initial download nudge for Encryption Keys
2026-03-05 12:09:25.417: [INFO][SyncEngineBackend::LoadAndConnectNigoriController] Load and connect Nigori controller
2026-03-05 12:09:25.417: [INFO][SyncEngineBackend::DoInitialize] Control Types added: Encryption Keys
2026-03-05 12:09:25.417: [INFO][SyncManagerImpl::ConfigureSyncer] Types to download: Encryption Keys with reason: 3
2026-03-05 12:09:25.417: [INFO][SyncSchedulerImpl::DoConfigurationSyncCycleJob] Configure job was blocked
2026-03-05 12:09:25.455: [INFO][SyncAuthManager::SetLastAuthError] Current auth error: None
2026-03-05 12:09:25.455: [INFO][SyncAuthManager::EdgeLogTokenErrorState] Token error with: None for account type: AAD
2026-03-05 12:09:25.455: [INFO][Sync] Credentials changed for: EdgeSyncScopeNew
2026-03-05 12:09:25.459: [INFO][SyncAuthManager::SetLastAuthError] Current auth error: None
2026-03-05 12:09:25.459: [INFO][SyncAuthManager::EdgeLogTokenErrorState] Token error with: None for account type: AAD
2026-03-05 12:09:25.459: [INFO][Sync] Credentials changed for: EdgeSyncKeyDataScope
2026-03-05 12:09:25.459: [INFO][SyncEngineBackend::DoUpdateKeyDataCredentials] Update key data credentials
2026-03-05 12:09:25.459: [INFO][SyncEngineBackend::DoUpdateCredentials] Update credentials
2026-03-05 12:09:25.459: [INFO][SyncSchedulerImpl::DoConfigurationSyncCycleJob] Blocked types:  and types to download: Encryption Keys
2026-03-05 12:09:26.640: [INFO][Sync] Started DataTypeManager configuration, reason: 4
2026-03-05 12:09:26.640: [INFO][Sync] Configuring for: Bookmarks, Preferences, Passwords, Autofill Profiles, Autofill, Extensions, Sessions, Extension settings, History Delete Directives, Device Info, User Consents, Send Tab To Self, Web Apps, History, Saved Tab Group, WebAuthn Credentials, Collection, Edge E Drop, Edge Hub App Usage, Edge Wallet, Edge Workspace, Encryption Keys, reason: 4, current state: 0
2026-03-05 12:09:26.640: [INFO][SyncEngineBackend::DoStartConfiguration] Start configuration
2026-03-05 12:09:26.643: [INFO][Sync] Configure, desired: Bookmarks, Preferences, Passwords, Autofill Profiles, Autofill, Extensions, Sessions, Extension settings, History Delete Directives, Device Info, User Consents, Send Tab To Self, Web Apps, History, Saved Tab Group, WebAuthn Credentials, Collection, Edge E Drop, Edge Hub App Usage, Edge Wallet, Edge Workspace, Encryption Keys; Allow fail: 
2026-03-05 12:09:26.644: [INFO][Sync] Loading: Bookmarks
2026-03-05 12:09:26.644: [INFO][Sync] Loading: Preferences
2026-03-05 12:09:26.644: [INFO][Sync] Loading: Passwords
2026-03-05 12:09:26.644: [INFO][Sync] Loading: Autofill Profiles
2026-03-05 12:09:26.644: [INFO][Sync] Loading: Autofill
2026-03-05 12:09:26.644: [INFO][Sync] Loading: Extensions
2026-03-05 12:09:26.644: [INFO][Sync] Loading: Sessions
2026-03-05 12:09:26.644: [INFO][Sync] Loading: Extension settings
2026-03-05 12:09:26.644: [INFO][Sync] Loading: History Delete Directives
2026-03-05 12:09:26.644: [INFO][Sync] Loading: Device Info
2026-03-05 12:09:26.644: [INFO][Sync] Loading: User Consents
2026-03-05 12:09:26.644: [INFO][Sync] Loading: Send Tab To Self
2026-03-05 12:09:26.644: [INFO][Sync] Loading: Web Apps
2026-03-05 12:09:26.644: [INFO][Sync] Loading: History
2026-03-05 12:09:26.644: [INFO][Sync] Loading: Saved Tab Group
2026-03-05 12:09:26.644: [INFO][Sync] Loading: WebAuthn Credentials
2026-03-05 12:09:26.644: [INFO][Sync] Loading: Collection
2026-03-05 12:09:26.644: [INFO][Sync] Loading: Edge E Drop
2026-03-05 12:09:26.644: [INFO][Sync] Loading: Edge Hub App Usage
2026-03-05 12:09:26.644: [INFO][Sync] Loading: Edge Wallet
2026-03-05 12:09:26.644: [INFO][Sync] Loading: Edge Workspace
2026-03-05 12:09:26.654: [INFO][Sync] All data types are ready for configure.
2026-03-05 12:09:26.654: [INFO][SyncManagerImpl::NudgeForInitialDownload] Initial download nudge for Bookmarks
2026-03-05 12:09:26.654: [INFO][SyncManagerImpl::NudgeForInitialDownload] Initial download nudge for Preferences
2026-03-05 12:09:26.654: [INFO][SyncManagerImpl::NudgeForInitialDownload] Initial download nudge for Passwords
2026-03-05 12:09:26.654: [INFO][SyncManagerImpl::NudgeForInitialDownload] Initial download nudge for Autofill Profiles
2026-03-05 12:09:26.654: [INFO][SyncManagerImpl::NudgeForInitialDownload] Initial download nudge for Autofill
2026-03-05 12:09:26.654: [INFO][SyncManagerImpl::NudgeForInitialDownload] Initial download nudge for Extensions
2026-03-05 12:09:26.654: [INFO][SyncManagerImpl::NudgeForInitialDownload] Initial download nudge for Sessions
2026-03-05 12:09:26.654: [INFO][SyncManagerImpl::NudgeForInitialDownload] Initial download nudge for Extension settings
2026-03-05 12:09:26.654: [INFO][SyncManagerImpl::NudgeForInitialDownload] Initial download nudge for History Delete Directives
2026-03-05 12:09:26.654: [INFO][SyncManagerImpl::NudgeForInitialDownload] Initial download nudge for Device Info
2026-03-05 12:09:26.654: [INFO][SyncManagerImpl::NudgeForInitialDownload] Initial download nudge for Send Tab To Self
2026-03-05 12:09:26.654: [INFO][SyncManagerImpl::NudgeForInitialDownload] Initial download nudge for Web Apps
2026-03-05 12:09:26.654: [INFO][SyncManagerImpl::NudgeForInitialDownload] Initial download nudge for History
2026-03-05 12:09:26.654: [INFO][SyncManagerImpl::NudgeForInitialDownload] Initial download nudge for Saved Tab Group
2026-03-05 12:09:26.654: [INFO][SyncManagerImpl::NudgeForInitialDownload] Initial download nudge for WebAuthn Credentials
2026-03-05 12:09:26.654: [INFO][SyncManagerImpl::NudgeForInitialDownload] Initial download nudge for Collection
2026-03-05 12:09:26.654: [INFO][SyncManagerImpl::NudgeForInitialDownload] Initial download nudge for Edge E Drop
2026-03-05 12:09:26.654: [INFO][SyncManagerImpl::NudgeForInitialDownload] Initial download nudge for Edge Hub App Usage
2026-03-05 12:09:26.654: [INFO][SyncManagerImpl::NudgeForInitialDownload] Initial download nudge for Edge Wallet
2026-03-05 12:09:26.654: [INFO][SyncManagerImpl::NudgeForInitialDownload] Initial download nudge for Edge Workspace
2026-03-05 12:09:26.654: [INFO][SyncManagerImpl::ConfigureSyncer] Types to download:  with reason: 4
2026-03-05 12:09:26.654: [INFO][SyncEngineBackend::DoFinishConfigureDataTypes] Failed to download types:  and succeeded types: 
2026-03-05 12:09:26.655: [INFO][Sync] ConfigurationDone, failed: , succeeded: , remaining count: 4
2026-03-05 12:09:26.655: [INFO][Sync] Prepare to configure types: Preferences, Passwords, Device Info, Send Tab To Self, Edge E Drop, Encryption Keys
2026-03-05 12:09:26.655: [INFO][SyncManagerImpl::ConfigureSyncer] Types to download: Preferences, Passwords, Device Info, Send Tab To Self, Edge E Drop, Encryption Keys with reason: 4
2026-03-05 12:09:26.655: [INFO][SyncSchedulerImpl::DoConfigurationSyncCycleJob] Blocked types:  and types to download: Preferences, Passwords, Device Info, Send Tab To Self, Edge E Drop, Encryption Keys
2026-03-05 12:09:27.081: [INFO][SyncEngineBackend::DoFinishConfigureDataTypes] Failed to download types:  and succeeded types: Preferences, Passwords, Device Info, Send Tab To Self, Edge E Drop, Encryption Keys
2026-03-05 12:09:27.086: [INFO][Sync] ConfigurationDone, failed: , succeeded: Preferences, Passwords, Device Info, Send Tab To Self, Edge E Drop, Encryption Keys, remaining count: 3
2026-03-05 12:09:27.086: [INFO][Sync] Prepare to configure types: Bookmarks, Encryption Keys
2026-03-05 12:09:27.086: [INFO][SyncManagerImpl::ConfigureSyncer] Types to download: Bookmarks, Encryption Keys with reason: 4
2026-03-05 12:09:27.086: [INFO][SyncSchedulerImpl::DoConfigurationSyncCycleJob] Blocked types:  and types to download: Bookmarks, Encryption Keys
2026-03-05 12:09:27.353: [INFO][SyncEngineBackend::DoFinishConfigureDataTypes] Failed to download types:  and succeeded types: Bookmarks, Encryption Keys
2026-03-05 12:09:27.357: [INFO][Sync] ConfigurationDone, failed: , succeeded: Bookmarks, Encryption Keys, remaining count: 2
2026-03-05 12:09:27.357: [INFO][Sync] Prepare to configure types: Autofill Profiles, Autofill, Extensions, Sessions, Extension settings, History Delete Directives, Web Apps, Saved Tab Group, WebAuthn Credentials, Collection, Edge Hub App Usage, Edge Wallet, Edge Workspace, Encryption Keys
2026-03-05 12:09:27.357: [INFO][SyncManagerImpl::ConfigureSyncer] Types to download: Autofill Profiles, Autofill, Extensions, Sessions, Extension settings, History Delete Directives, Web Apps, Saved Tab Group, WebAuthn Credentials, Collection, Edge Hub App Usage, Edge Wallet, Edge Workspace, Encryption Keys with reason: 4
2026-03-05 12:09:27.357: [INFO][SyncSchedulerImpl::DoConfigurationSyncCycleJob] Blocked types:  and types to download: Autofill Profiles, Autofill, Extensions, Sessions, Extension settings, History Delete Directives, Web Apps, Saved Tab Group, WebAuthn Credentials, Collection, Edge Hub App Usage, Edge Wallet, Edge Workspace, Encryption Keys
2026-03-05 12:09:31.061: [INFO][SyncEngineBackend::DoFinishConfigureDataTypes] Failed to download types:  and succeeded types: Autofill Profiles, Autofill, Extensions, Sessions, Extension settings, History Delete Directives, Web Apps, Saved Tab Group, WebAuthn Credentials, Collection, Edge Hub App Usage, Edge Wallet, Edge Workspace, Encryption Keys
2026-03-05 12:09:31.065: [INFO][Sync] ConfigurationDone, failed: , succeeded: Autofill Profiles, Autofill, Extensions, Sessions, Extension settings, History Delete Directives, Web Apps, Saved Tab Group, WebAuthn Credentials, Collection, Edge Hub App Usage, Edge Wallet, Edge Workspace, Encryption Keys, remaining count: 1
2026-03-05 12:09:31.069: [INFO][Sync] Prepare to configure types: History, Encryption Keys
2026-03-05 12:09:31.069: [INFO][SyncManagerImpl::ConfigureSyncer] Types to download: History, Encryption Keys with reason: 4
2026-03-05 12:09:31.069: [INFO][SyncSchedulerImpl::DoConfigurationSyncCycleJob] Blocked types:  and types to download: History, Encryption Keys
2026-03-05 12:09:35.418: [INFO][SyncEngineBackend::DoFinishConfigureDataTypes] Failed to download types:  and succeeded types: History, Encryption Keys
2026-03-05 12:09:35.426: [INFO][Sync] ConfigurationDone, failed: , succeeded: History, Encryption Keys, remaining count: 0
2026-03-05 12:09:35.429: [INFO][Sync]     Configuration completed, state: 3
2026-03-05 12:09:35.429: [INFO][Sync] Configured DataTypeManager: Ok
2026-03-05 12:09:35.434: [INFO][SyncEngineBackend::DoStartSyncing] Start syncing
2026-03-05 12:09:46.075: [INFO][Sync] Reset engine, reason: 0
2026-03-05 12:09:46.075: [INFO][Sync] Reset engine with reason: 0
2026-03-05 12:16:03.646: [INFO][Sync] SyncState after authenticated was: FeatureCanStart
2026-03-05 12:16:04.044: [INFO][SyncAuthManager::SetLastAuthError] Current auth error: None
2026-03-05 12:16:04.044: [INFO][SyncAuthManager::EdgeLogTokenErrorState] Token error with: None for account type: AAD
2026-03-05 12:16:04.044: [INFO][Sync] Credentials changed for: EdgeSyncKeyDataScope
2026-03-05 12:16:04.044: [INFO][Sync] Try to start sync engine
2026-03-05 12:16:04.045: [INFO][SyncManagerImpl::NudgeForInitialDownload] Initial download nudge for Encryption Keys
2026-03-05 12:16:04.045: [INFO][SyncEngineBackend::LoadAndConnectNigoriController] Load and connect Nigori controller
2026-03-05 12:16:04.045: [INFO][SyncEngineBackend::DoInitialize] Control Types added: Encryption Keys
2026-03-05 12:16:04.045: [INFO][SyncManagerImpl::ConfigureSyncer] Types to download: Encryption Keys with reason: 3
2026-03-05 12:16:04.045: [INFO][SyncEngineBackend::DoUpdateKeyDataCredentials] Update key data credentials
2026-03-05 12:16:04.045: [INFO][SyncSchedulerImpl::DoConfigurationSyncCycleJob] Configure job was blocked
2026-03-05 12:16:04.093: [INFO][SyncAuthManager::SetLastAuthError] Current auth error: None
2026-03-05 12:16:04.093: [INFO][SyncAuthManager::EdgeLogTokenErrorState] Token error with: None for account type: AAD
2026-03-05 12:16:04.093: [INFO][Sync] Credentials changed for: EdgeSyncScopeNew
2026-03-05 12:16:04.093: [INFO][SyncEngineBackend::DoUpdateCredentials] Update credentials
2026-03-05 12:16:04.093: [INFO][SyncEngineBackend::DoUpdateKeyDataCredentials] Update key data credentials
2026-03-05 12:16:04.093: [INFO][SyncSchedulerImpl::DoConfigurationSyncCycleJob] Blocked types:  and types to download: Encryption Keys
2026-03-05 12:16:05.133: [INFO][Sync] Started DataTypeManager configuration, reason: 4
2026-03-05 12:16:05.133: [INFO][Sync] Configuring for: Bookmarks, Preferences, Passwords, Autofill Profiles, Autofill, Extensions, Sessions, Extension settings, History Delete Directives, Device Info, User Consents, Send Tab To Self, Web Apps, History, Saved Tab Group, WebAuthn Credentials, Collection, Edge E Drop, Edge Hub App Usage, Edge Wallet, Edge Workspace, Encryption Keys, reason: 4, current state: 0
2026-03-05 12:16:05.133: [INFO][SyncEngineBackend::DoStartConfiguration] Start configuration
2026-03-05 12:16:05.136: [INFO][Sync] Configure, desired: Bookmarks, Preferences, Passwords, Autofill Profiles, Autofill, Extensions, Sessions, Extension settings, History Delete Directives, Device Info, User Consents, Send Tab To Self, Web Apps, History, Saved Tab Group, WebAuthn Credentials, Collection, Edge E Drop, Edge Hub App Usage, Edge Wallet, Edge Workspace, Encryption Keys; Allow fail: 
2026-03-05 12:16:05.136: [INFO][Sync] Loading: Bookmarks
2026-03-05 12:16:05.136: [INFO][Sync] Loading: Preferences
2026-03-05 12:16:05.136: [INFO][Sync] Loading: Passwords
2026-03-05 12:16:05.136: [INFO][Sync] Loading: Autofill Profiles
2026-03-05 12:16:05.136: [INFO][Sync] Loading: Autofill
2026-03-05 12:16:05.136: [INFO][Sync] Loading: Extensions
2026-03-05 12:16:05.136: [INFO][Sync] Loading: Sessions
2026-03-05 12:16:05.136: [INFO][Sync] Loading: Extension settings
2026-03-05 12:16:05.136: [INFO][Sync] Loading: History Delete Directives
2026-03-05 12:16:05.136: [INFO][Sync] Loading: Device Info
2026-03-05 12:16:05.136: [INFO][Sync] Loading: User Consents
2026-03-05 12:16:05.136: [INFO][Sync] Loading: Send Tab To Self
2026-03-05 12:16:05.136: [INFO][Sync] Loading: Web Apps
2026-03-05 12:16:05.136: [INFO][Sync] Loading: History
2026-03-05 12:16:05.136: [INFO][Sync] Loading: Saved Tab Group
2026-03-05 12:16:05.136: [INFO][Sync] Loading: WebAuthn Credentials
2026-03-05 12:16:05.136: [INFO][Sync] Loading: Collection
2026-03-05 12:16:05.136: [INFO][Sync] Loading: Edge E Drop
2026-03-05 12:16:05.136: [INFO][Sync] Loading: Edge Hub App Usage
2026-03-05 12:16:05.136: [INFO][Sync] Loading: Edge Wallet
2026-03-05 12:16:05.136: [INFO][Sync] Loading: Edge Workspace
2026-03-05 12:16:05.147: [INFO][Sync] All data types are ready for configure.
2026-03-05 12:16:05.147: [INFO][SyncManagerImpl::NudgeForInitialDownload] Initial download nudge for Passwords
2026-03-05 12:16:05.147: [INFO][SyncManagerImpl::ConfigureSyncer] Types to download:  with reason: 4
2026-03-05 12:16:05.147: [INFO][SyncEngineBackend::DoFinishConfigureDataTypes] Failed to download types:  and succeeded types: 
2026-03-05 12:16:05.148: [INFO][Sync] ConfigurationDone, failed: , succeeded: , remaining count: 4
2026-03-05 12:16:05.148: [INFO][Sync] Prepare to configure types: Passwords, Encryption Keys
2026-03-05 12:16:05.148: [INFO][SyncManagerImpl::ConfigureSyncer] Types to download: Passwords, Encryption Keys with reason: 4
2026-03-05 12:16:05.148: [INFO][SyncSchedulerImpl::DoConfigurationSyncCycleJob] Blocked types:  and types to download: Passwords, Encryption Keys
2026-03-05 12:16:05.364: [INFO][SyncEngineBackend::DoFinishConfigureDataTypes] Failed to download types:  and succeeded types: Passwords, Encryption Keys
2026-03-05 12:16:05.367: [INFO][Sync] ConfigurationDone, failed: , succeeded: Passwords, Encryption Keys, remaining count: 3
2026-03-05 12:16:05.368: [INFO][SyncManagerImpl::ConfigureSyncer] Types to download:  with reason: 4
2026-03-05 12:16:05.368: [INFO][SyncEngineBackend::DoFinishConfigureDataTypes] Failed to download types:  and succeeded types: 
2026-03-05 12:16:05.371: [INFO][Sync] ConfigurationDone, failed: , succeeded: , remaining count: 2
2026-03-05 12:16:05.371: [INFO][SyncManagerImpl::ConfigureSyncer] Types to download:  with reason: 4
2026-03-05 12:16:05.371: [INFO][SyncEngineBackend::DoFinishConfigureDataTypes] Failed to download types:  and succeeded types: 
2026-03-05 12:16:05.371: [INFO][Sync] ConfigurationDone, failed: , succeeded: , remaining count: 1
2026-03-05 12:16:05.376: [INFO][SyncManagerImpl::ConfigureSyncer] Types to download:  with reason: 4
2026-03-05 12:16:05.376: [INFO][SyncEngineBackend::DoFinishConfigureDataTypes] Failed to download types:  and succeeded types: 
2026-03-05 12:16:05.376: [INFO][Sync] ConfigurationDone, failed: , succeeded: , remaining count: 0
2026-03-05 12:16:05.379: [INFO][Sync]     Configuration completed, state: 3
2026-03-05 12:16:05.379: [INFO][Sync] Configured DataTypeManager: Ok
2026-03-05 12:16:05.382: [INFO][SyncEngineBackend::DoStartSyncing] Start syncing
2026-03-05 12:41:47.763: [INFO][Sync] Reset engine, reason: 0
2026-03-05 12:41:47.763: [INFO][Sync] Reset engine with reason: 0
2026-03-05 12:42:35.911: [INFO][Sync] Reset engine, reason: 8
2026-03-05 12:42:35.911: [INFO][Sync] Stopped: Bookmarks
2026-03-05 12:42:35.911: [INFO][Sync] Stopped: Preferences
2026-03-05 12:42:35.911: [INFO][Sync] Stopped: Passwords
2026-03-05 12:42:35.911: [INFO][Sync] Stopped: Autofill Profiles
2026-03-05 12:42:35.911: [INFO][Sync] Stopped: Autofill
2026-03-05 12:42:35.911: [INFO][Sync] Stopped: Extensions
2026-03-05 12:42:35.911: [INFO][Sync] Stopped: Sessions
2026-03-05 12:42:35.911: [INFO][Sync] Stopped: Extension settings
2026-03-05 12:42:35.911: [INFO][Sync] Stopped: History Delete Directives
2026-03-05 12:42:35.911: [INFO][Sync] Stopped: Device Info
2026-03-05 12:42:35.911: [INFO][Sync] Stopped: User Consents
2026-03-05 12:42:35.911: [INFO][Sync] Stopped: Send Tab To Self
2026-03-05 12:42:35.911: [INFO][Sync] Stopped: Web Apps
2026-03-05 12:42:35.911: [INFO][Sync] Stopped: History
2026-03-05 12:42:35.911: [INFO][Sync] Stopped: Saved Tab Group
2026-03-05 12:42:35.911: [INFO][Sync] Stopped: WebAuthn Credentials
2026-03-05 12:42:35.911: [INFO][Sync] Stopped: Collection
2026-03-05 12:42:35.911: [INFO][Sync] Stopped: Edge E Drop
2026-03-05 12:42:35.911: [INFO][Sync] Stopped: Edge Hub App Usage
2026-03-05 12:42:35.911: [INFO][Sync] Stopped: Edge Wallet
2026-03-05 12:42:35.911: [INFO][Sync] Stopped: Edge Workspace
2026-03-05 12:42:35.911: [INFO][Sync] SyncState after authenticated was: NotSignedIn
2026-03-05 12:42:36.079: [INFO][Sync] Reset engine, reason: 8
2026-03-05 12:42:36.079: [INFO][Sync] Stopped: Bookmarks
2026-03-05 12:42:36.079: [INFO][Sync] Stopped: Preferences
2026-03-05 12:42:36.079: [INFO][Sync] Stopped: Passwords
2026-03-05 12:42:36.079: [INFO][Sync] Stopped: Autofill Profiles
2026-03-05 12:42:36.079: [INFO][Sync] Stopped: Autofill
2026-03-05 12:42:36.079: [INFO][Sync] Stopped: Extensions
2026-03-05 12:42:36.079: [INFO][Sync] Stopped: Sessions
2026-03-05 12:42:36.079: [INFO][Sync] Stopped: Extension settings
2026-03-05 12:42:36.079: [INFO][Sync] Stopped: History Delete Directives
2026-03-05 12:42:36.079: [INFO][Sync] Stopped: Device Info
2026-03-05 12:42:36.079: [INFO][Sync] Stopped: User Consents
2026-03-05 12:42:36.079: [INFO][Sync] Stopped: Send Tab To Self
2026-03-05 12:42:36.079: [INFO][Sync] Stopped: Web Apps
2026-03-05 12:42:36.079: [INFO][Sync] Stopped: History
2026-03-05 12:42:36.079: [INFO][Sync] Stopped: Saved Tab Group
2026-03-05 12:42:36.079: [INFO][Sync] Stopped: WebAuthn Credentials
2026-03-05 12:42:36.079: [INFO][Sync] Stopped: Collection
2026-03-05 12:42:36.079: [INFO][Sync] Stopped: Edge E Drop
2026-03-05 12:42:36.079: [INFO][Sync] Stopped: Edge Hub App Usage
2026-03-05 12:42:36.079: [INFO][Sync] Stopped: Edge Wallet
2026-03-05 12:42:36.079: [INFO][Sync] Stopped: Edge Workspace
2026-03-05 12:42:36.783: [INFO][Sync] Try to start sync engine
2026-03-05 12:42:36.784: [INFO][SyncManagerImpl::NudgeForInitialDownload] Initial download nudge for Encryption Keys
2026-03-05 12:42:36.784: [INFO][SyncEngineBackend::LoadAndConnectNigoriController] Load and connect Nigori controller
2026-03-05 12:42:36.784: [INFO][SyncEngineBackend::DoInitialize] Control Types added: Encryption Keys
2026-03-05 12:42:36.784: [INFO][SyncManagerImpl::ConfigureSyncer] Types to download: Encryption Keys with reason: 3
2026-03-05 12:42:36.784: [INFO][SyncSchedulerImpl::DoConfigurationSyncCycleJob] Configure job was blocked
2026-03-05 12:42:36.822: [INFO][SyncAuthManager::SetLastAuthError] Current auth error: None
2026-03-05 12:42:36.822: [INFO][SyncAuthManager::EdgeLogTokenErrorState] Token error with: None for account type: AAD
2026-03-05 12:42:36.822: [INFO][Sync] Credentials changed for: EdgeSyncScopeNew
2026-03-05 12:42:38.196: [INFO][SyncAuthManager::SetLastAuthError] Current auth error: None
2026-03-05 12:42:38.196: [INFO][SyncAuthManager::EdgeLogTokenErrorState] Token error with: None for account type: AAD
2026-03-05 12:42:38.196: [INFO][Sync] Credentials changed for: EdgeSyncKeyDataScope
2026-03-05 12:42:38.196: [INFO][SyncEngineBackend::DoUpdateKeyDataCredentials] Update key data credentials
2026-03-05 12:42:38.196: [INFO][SyncEngineBackend::DoUpdateCredentials] Update credentials
2026-03-05 12:42:38.196: [INFO][SyncSchedulerImpl::DoConfigurationSyncCycleJob] Blocked types:  and types to download: Encryption Keys
2026-03-05 12:42:39.115: [INFO][Sync] Started DataTypeManager configuration, reason: 4
2026-03-05 12:42:39.115: [INFO][Sync] Configuring for: Bookmarks, Preferences, Passwords, Autofill Profiles, Autofill, Extensions, Sessions, Extension settings, History Delete Directives, Device Info, User Consents, Send Tab To Self, Web Apps, History, Saved Tab Group, WebAuthn Credentials, Collection, Edge E Drop, Edge Hub App Usage, Edge Wallet, Edge Workspace, Encryption Keys, reason: 4, current state: 0
2026-03-05 12:42:39.115: [INFO][SyncEngineBackend::DoStartConfiguration] Start configuration
2026-03-05 12:42:39.120: [INFO][Sync] Configure, desired: Bookmarks, Preferences, Passwords, Autofill Profiles, Autofill, Extensions, Sessions, Extension settings, History Delete Directives, Device Info, User Consents, Send Tab To Self, Web Apps, History, Saved Tab Group, WebAuthn Credentials, Collection, Edge E Drop, Edge Hub App Usage, Edge Wallet, Edge Workspace, Encryption Keys; Allow fail: 
2026-03-05 12:42:39.120: [INFO][Sync] Loading: Bookmarks
2026-03-05 12:42:39.120: [INFO][Sync] Loading: Preferences
2026-03-05 12:42:39.120: [INFO][Sync] Loading: Passwords
2026-03-05 12:42:39.120: [INFO][Sync] Loading: Autofill Profiles
2026-03-05 12:42:39.120: [INFO][Sync] Loading: Autofill
2026-03-05 12:42:39.120: [INFO][Sync] Loading: Extensions
2026-03-05 12:42:39.120: [INFO][Sync] Loading: Sessions
2026-03-05 12:42:39.120: [INFO][Sync] Loading: Extension settings
2026-03-05 12:42:39.120: [INFO][Sync] Loading: History Delete Directives
2026-03-05 12:42:39.120: [INFO][Sync] Loading: Device Info
2026-03-05 12:42:39.120: [INFO][Sync] Loading: User Consents
2026-03-05 12:42:39.120: [INFO][Sync] Loading: Send Tab To Self
2026-03-05 12:42:39.120: [INFO][Sync] Loading: Web Apps
2026-03-05 12:42:39.120: [INFO][Sync] Loading: History
2026-03-05 12:42:39.120: [INFO][Sync] Loading: Saved Tab Group
2026-03-05 12:42:39.120: [INFO][Sync] Loading: WebAuthn Credentials
2026-03-05 12:42:39.120: [INFO][Sync] Loading: Collection
2026-03-05 12:42:39.120: [INFO][Sync] Loading: Edge E Drop
2026-03-05 12:42:39.120: [INFO][Sync] Loading: Edge Hub App Usage
2026-03-05 12:42:39.120: [INFO][Sync] Loading: Edge Wallet
2026-03-05 12:42:39.120: [INFO][Sync] Loading: Edge Workspace
2026-03-05 12:42:39.134: [INFO][Sync] All data types are ready for configure.
2026-03-05 12:42:39.134: [INFO][SyncManagerImpl::NudgeForInitialDownload] Initial download nudge for Bookmarks
2026-03-05 12:42:39.134: [INFO][SyncManagerImpl::NudgeForInitialDownload] Initial download nudge for Preferences
2026-03-05 12:42:39.134: [INFO][SyncManagerImpl::NudgeForInitialDownload] Initial download nudge for Passwords
2026-03-05 12:42:39.134: [INFO][SyncManagerImpl::NudgeForInitialDownload] Initial download nudge for Autofill Profiles
2026-03-05 12:42:39.134: [INFO][SyncManagerImpl::NudgeForInitialDownload] Initial download nudge for Autofill
2026-03-05 12:42:39.134: [INFO][SyncManagerImpl::NudgeForInitialDownload] Initial download nudge for Extensions
2026-03-05 12:42:39.134: [INFO][SyncManagerImpl::NudgeForInitialDownload] Initial download nudge for Sessions
2026-03-05 12:42:39.134: [INFO][SyncManagerImpl::NudgeForInitialDownload] Initial download nudge for Extension settings
2026-03-05 12:42:39.134: [INFO][SyncManagerImpl::NudgeForInitialDownload] Initial download nudge for History Delete Directives
2026-03-05 12:42:39.134: [INFO][SyncManagerImpl::NudgeForInitialDownload] Initial download nudge for Device Info
2026-03-05 12:42:39.134: [INFO][SyncManagerImpl::NudgeForInitialDownload] Initial download nudge for Send Tab To Self
2026-03-05 12:42:39.134: [INFO][SyncManagerImpl::NudgeForInitialDownload] Initial download nudge for Web Apps
2026-03-05 12:42:39.134: [INFO][SyncManagerImpl::NudgeForInitialDownload] Initial download nudge for History
2026-03-05 12:42:39.134: [INFO][SyncManagerImpl::NudgeForInitialDownload] Initial download nudge for Saved Tab Group
2026-03-05 12:42:39.134: [INFO][SyncManagerImpl::NudgeForInitialDownload] Initial download nudge for WebAuthn Credentials
2026-03-05 12:42:39.134: [INFO][SyncManagerImpl::NudgeForInitialDownload] Initial download nudge for Collection
2026-03-05 12:42:39.134: [INFO][SyncManagerImpl::NudgeForInitialDownload] Initial download nudge for Edge E Drop
2026-03-05 12:42:39.134: [INFO][SyncManagerImpl::NudgeForInitialDownload] Initial download nudge for Edge Hub App Usage
2026-03-05 12:42:39.134: [INFO][SyncManagerImpl::NudgeForInitialDownload] Initial download nudge for Edge Wallet
2026-03-05 12:42:39.134: [INFO][SyncManagerImpl::NudgeForInitialDownload] Initial download nudge for Edge Workspace
2026-03-05 12:42:39.134: [INFO][SyncManagerImpl::ConfigureSyncer] Types to download:  with reason: 4
2026-03-05 12:42:39.134: [INFO][SyncEngineBackend::DoFinishConfigureDataTypes] Failed to download types:  and succeeded types: 
2026-03-05 12:42:39.134: [INFO][Sync] ConfigurationDone, failed: , succeeded: , remaining count: 4
2026-03-05 12:42:39.134: [INFO][Sync] Prepare to configure types: Preferences, Passwords, Device Info, Send Tab To Self, Edge E Drop, Encryption Keys
2026-03-05 12:42:39.134: [INFO][SyncManagerImpl::ConfigureSyncer] Types to download: Preferences, Passwords, Device Info, Send Tab To Self, Edge E Drop, Encryption Keys with reason: 4
2026-03-05 12:42:39.134: [INFO][SyncSchedulerImpl::DoConfigurationSyncCycleJob] Blocked types:  and types to download: Preferences, Passwords, Device Info, Send Tab To Self, Edge E Drop, Encryption Keys
2026-03-05 12:42:39.316: [INFO][SyncEngineBackend::DoFinishConfigureDataTypes] Failed to download types:  and succeeded types: Preferences, Passwords, Device Info, Send Tab To Self, Edge E Drop, Encryption Keys
2026-03-05 12:42:39.322: [INFO][Sync] ConfigurationDone, failed: , succeeded: Preferences, Passwords, Device Info, Send Tab To Self, Edge E Drop, Encryption Keys, remaining count: 3
2026-03-05 12:42:39.322: [INFO][Sync] Prepare to configure types: Bookmarks, Encryption Keys
2026-03-05 12:42:39.322: [INFO][SyncManagerImpl::ConfigureSyncer] Types to download: Bookmarks, Encryption Keys with reason: 4
2026-03-05 12:42:39.322: [INFO][SyncSchedulerImpl::DoConfigurationSyncCycleJob] Blocked types:  and types to download: Bookmarks, Encryption Keys
2026-03-05 12:42:39.575: [INFO][SyncEngineBackend::DoFinishConfigureDataTypes] Failed to download types:  and succeeded types: Bookmarks, Encryption Keys
2026-03-05 12:42:39.580: [INFO][Sync] ConfigurationDone, failed: , succeeded: Bookmarks, Encryption Keys, remaining count: 2
2026-03-05 12:42:39.581: [INFO][Sync] Prepare to configure types: Autofill Profiles, Autofill, Extensions, Sessions, Extension settings, History Delete Directives, Web Apps, Saved Tab Group, WebAuthn Credentials, Collection, Edge Hub App Usage, Edge Wallet, Edge Workspace, Encryption Keys
2026-03-05 12:42:39.581: [INFO][SyncManagerImpl::ConfigureSyncer] Types to download: Autofill Profiles, Autofill, Extensions, Sessions, Extension settings, History Delete Directives, Web Apps, Saved Tab Group, WebAuthn Credentials, Collection, Edge Hub App Usage, Edge Wallet, Edge Workspace, Encryption Keys with reason: 4
2026-03-05 12:42:39.581: [INFO][SyncSchedulerImpl::DoConfigurationSyncCycleJob] Blocked types:  and types to download: Autofill Profiles, Autofill, Extensions, Sessions, Extension settings, History Delete Directives, Web Apps, Saved Tab Group, WebAuthn Credentials, Collection, Edge Hub App Usage, Edge Wallet, Edge Workspace, Encryption Keys
2026-03-05 12:42:43.092: [INFO][SyncEngineBackend::DoFinishConfigureDataTypes] Failed to download types:  and succeeded types: Autofill Profiles, Autofill, Extensions, Sessions, Extension settings, History Delete Directives, Web Apps, Saved Tab Group, WebAuthn Credentials, Collection, Edge Hub App Usage, Edge Wallet, Edge Workspace, Encryption Keys
2026-03-05 12:42:43.097: [INFO][Sync] ConfigurationDone, failed: , succeeded: Autofill Profiles, Autofill, Extensions, Sessions, Extension settings, History Delete Directives, Web Apps, Saved Tab Group, WebAuthn Credentials, Collection, Edge Hub App Usage, Edge Wallet, Edge Workspace, Encryption Keys, remaining count: 1
2026-03-05 12:42:43.103: [INFO][Sync] Prepare to configure types: History, Encryption Keys
2026-03-05 12:42:43.103: [INFO][SyncManagerImpl::ConfigureSyncer] Types to download: History, Encryption Keys with reason: 4
2026-03-05 12:42:43.103: [INFO][SyncSchedulerImpl::DoConfigurationSyncCycleJob] Blocked types:  and types to download: History, Encryption Keys
2026-03-05 12:42:47.615: [INFO][SyncEngineBackend::DoFinishConfigureDataTypes] Failed to download types:  and succeeded types: History, Encryption Keys
2026-03-05 12:42:47.628: [INFO][Sync] ConfigurationDone, failed: , succeeded: History, Encryption Keys, remaining count: 0
2026-03-05 12:42:47.633: [INFO][Sync]     Configuration completed, state: 3
2026-03-05 12:42:47.633: [INFO][Sync] Configured DataTypeManager: Ok
2026-03-05 12:42:47.638: [INFO][SyncEngineBackend::DoStartSyncing] Start syncing
2026-03-05 12:50:03.168: [INFO][Sync] Reset engine, reason: 0
2026-03-05 12:50:03.168: [INFO][Sync] Reset engine with reason: 0
2026-03-05 12:50:39.989: [INFO][Sync] SyncState after authenticated was: FeatureCanStart
2026-03-05 12:50:40.397: [INFO][SyncAuthManager::SetLastAuthError] Current auth error: None
2026-03-05 12:50:40.397: [INFO][SyncAuthManager::EdgeLogTokenErrorState] Token error with: None for account type: AAD
2026-03-05 12:50:40.397: [INFO][Sync] Credentials changed for: EdgeSyncKeyDataScope
2026-03-05 12:50:40.397: [INFO][Sync] Try to start sync engine
2026-03-05 12:50:40.399: [INFO][SyncManagerImpl::NudgeForInitialDownload] Initial download nudge for Encryption Keys
2026-03-05 12:50:40.399: [INFO][SyncEngineBackend::LoadAndConnectNigoriController] Load and connect Nigori controller
2026-03-05 12:50:40.399: [INFO][SyncEngineBackend::DoInitialize] Control Types added: Encryption Keys
2026-03-05 12:50:40.399: [INFO][SyncManagerImpl::ConfigureSyncer] Types to download: Encryption Keys with reason: 3
2026-03-05 12:50:40.399: [INFO][SyncEngineBackend::DoUpdateKeyDataCredentials] Update key data credentials
2026-03-05 12:50:40.399: [INFO][SyncSchedulerImpl::DoConfigurationSyncCycleJob] Configure job was blocked
2026-03-05 12:50:40.434: [INFO][SyncAuthManager::SetLastAuthError] Current auth error: None
2026-03-05 12:50:40.434: [INFO][SyncAuthManager::EdgeLogTokenErrorState] Token error with: None for account type: AAD
2026-03-05 12:50:40.434: [INFO][Sync] Credentials changed for: EdgeSyncScopeNew
2026-03-05 12:50:40.434: [INFO][SyncEngineBackend::DoUpdateCredentials] Update credentials
2026-03-05 12:50:40.434: [INFO][SyncSchedulerImpl::DoConfigurationSyncCycleJob] Blocked types:  and types to download: Encryption Keys
2026-03-05 12:50:41.455: [INFO][SyncEngineBackend::DoUpdateKeyDataCredentials] Update key data credentials
2026-03-05 12:50:41.461: [INFO][Sync] Started DataTypeManager configuration, reason: 4
2026-03-05 12:50:41.461: [INFO][Sync] Configuring for: Bookmarks, Preferences, Passwords, Autofill Profiles, Autofill, Extensions, Sessions, Extension settings, History Delete Directives, Device Info, User Consents, Send Tab To Self, Web Apps, History, Saved Tab Group, WebAuthn Credentials, Collection, Edge E Drop, Edge Hub App Usage, Edge Wallet, Edge Workspace, Encryption Keys, reason: 4, current state: 0
2026-03-05 12:50:41.462: [INFO][SyncEngineBackend::DoStartConfiguration] Start configuration
2026-03-05 12:50:41.464: [INFO][Sync] Configure, desired: Bookmarks, Preferences, Passwords, Autofill Profiles, Autofill, Extensions, Sessions, Extension settings, History Delete Directives, Device Info, User Consents, Send Tab To Self, Web Apps, History, Saved Tab Group, WebAuthn Credentials, Collection, Edge E Drop, Edge Hub App Usage, Edge Wallet, Edge Workspace, Encryption Keys; Allow fail: 
2026-03-05 12:50:41.464: [INFO][Sync] Loading: Bookmarks
2026-03-05 12:50:41.464: [INFO][Sync] Loading: Preferences
2026-03-05 12:50:41.464: [INFO][Sync] Loading: Passwords
2026-03-05 12:50:41.464: [INFO][Sync] Loading: Autofill Profiles
2026-03-05 12:50:41.464: [INFO][Sync] Loading: Autofill
2026-03-05 12:50:41.464: [INFO][Sync] Loading: Extensions
2026-03-05 12:50:41.464: [INFO][Sync] Loading: Sessions
2026-03-05 12:50:41.464: [INFO][Sync] Loading: Extension settings
2026-03-05 12:50:41.464: [INFO][Sync] Loading: History Delete Directives
2026-03-05 12:50:41.465: [INFO][Sync] Loading: Device Info
2026-03-05 12:50:41.465: [INFO][Sync] Loading: User Consents
2026-03-05 12:50:41.465: [INFO][Sync] Loading: Send Tab To Self
2026-03-05 12:50:41.465: [INFO][Sync] Loading: Web Apps
2026-03-05 12:50:41.465: [INFO][Sync] Loading: History
2026-03-05 12:50:41.465: [INFO][Sync] Loading: Saved Tab Group
2026-03-05 12:50:41.465: [INFO][Sync] Loading: WebAuthn Credentials
2026-03-05 12:50:41.465: [INFO][Sync] Loading: Collection
2026-03-05 12:50:41.465: [INFO][Sync] Loading: Edge E Drop
2026-03-05 12:50:41.465: [INFO][Sync] Loading: Edge Hub App Usage
2026-03-05 12:50:41.465: [INFO][Sync] Loading: Edge Wallet
2026-03-05 12:50:41.465: [INFO][Sync] Loading: Edge Workspace
2026-03-05 12:50:41.474: [INFO][Sync] All data types are ready for configure.
2026-03-05 12:50:41.474: [INFO][SyncManagerImpl::NudgeForInitialDownload] Initial download nudge for Passwords
2026-03-05 12:50:41.474: [INFO][SyncManagerImpl::ConfigureSyncer] Types to download:  with reason: 4
2026-03-05 12:50:41.474: [INFO][SyncEngineBackend::DoFinishConfigureDataTypes] Failed to download types:  and succeeded types: 
2026-03-05 12:50:41.475: [INFO][Sync] ConfigurationDone, failed: , succeeded: , remaining count: 4
2026-03-05 12:50:41.475: [INFO][Sync] Prepare to configure types: Passwords, Encryption Keys
2026-03-05 12:50:41.475: [INFO][SyncManagerImpl::ConfigureSyncer] Types to download: Passwords, Encryption Keys with reason: 4
2026-03-05 12:50:41.475: [INFO][SyncSchedulerImpl::DoConfigurationSyncCycleJob] Blocked types:  and types to download: Passwords, Encryption Keys
2026-03-05 12:50:41.709: [INFO][SyncEngineBackend::DoFinishConfigureDataTypes] Failed to download types:  and succeeded types: Passwords, Encryption Keys
2026-03-05 12:50:41.713: [INFO][Sync] ConfigurationDone, failed: , succeeded: Passwords, Encryption Keys, remaining count: 3
2026-03-05 12:50:41.713: [INFO][SyncManagerImpl::ConfigureSyncer] Types to download:  with reason: 4
2026-03-05 12:50:41.713: [INFO][SyncEngineBackend::DoFinishConfigureDataTypes] Failed to download types:  and succeeded types: 
2026-03-05 12:50:41.713: [INFO][Sync] ConfigurationDone, failed: , succeeded: , remaining count: 2
2026-03-05 12:50:41.713: [INFO][SyncManagerImpl::ConfigureSyncer] Types to download:  with reason: 4
2026-03-05 12:50:41.713: [INFO][SyncEngineBackend::DoFinishConfigureDataTypes] Failed to download types:  and succeeded types: 
2026-03-05 12:50:41.713: [INFO][Sync] ConfigurationDone, failed: , succeeded: , remaining count: 1
2026-03-05 12:50:41.717: [INFO][SyncManagerImpl::ConfigureSyncer] Types to download:  with reason: 4
2026-03-05 12:50:41.717: [INFO][SyncEngineBackend::DoFinishConfigureDataTypes] Failed to download types:  and succeeded types: 
2026-03-05 12:50:41.717: [INFO][Sync] ConfigurationDone, failed: , succeeded: , remaining count: 0
2026-03-05 12:50:41.722: [INFO][Sync]     Configuration completed, state: 3
2026-03-05 12:50:41.722: [INFO][Sync] Configured DataTypeManager: Ok
2026-03-05 12:50:41.728: [INFO][SyncEngineBackend::DoStartSyncing] Start syncing
2026-03-05 12:56:19.184: [INFO][Sync] Reset engine, reason: 0
2026-03-05 12:56:19.184: [INFO][Sync] Reset engine with reason: 0
2026-03-05 12:56:52.150: [INFO][Sync] Reset engine, reason: 8
2026-03-05 12:56:52.150: [INFO][Sync] Stopped: Bookmarks
2026-03-05 12:56:52.150: [INFO][Sync] Stopped: Preferences
2026-03-05 12:56:52.150: [INFO][Sync] Stopped: Passwords
2026-03-05 12:56:52.150: [INFO][Sync] Stopped: Autofill Profiles
2026-03-05 12:56:52.150: [INFO][Sync] Stopped: Autofill
2026-03-05 12:56:52.150: [INFO][Sync] Stopped: Extensions
2026-03-05 12:56:52.150: [INFO][Sync] Stopped: Sessions
2026-03-05 12:56:52.150: [INFO][Sync] Stopped: Extension settings
2026-03-05 12:56:52.150: [INFO][Sync] Stopped: History Delete Directives
2026-03-05 12:56:52.150: [INFO][Sync] Stopped: Device Info
2026-03-05 12:56:52.150: [INFO][Sync] Stopped: User Consents
2026-03-05 12:56:52.150: [INFO][Sync] Stopped: Send Tab To Self
2026-03-05 12:56:52.150: [INFO][Sync] Stopped: Web Apps
2026-03-05 12:56:52.150: [INFO][Sync] Stopped: History
2026-03-05 12:56:52.150: [INFO][Sync] Stopped: Saved Tab Group
2026-03-05 12:56:52.150: [INFO][Sync] Stopped: WebAuthn Credentials
2026-03-05 12:56:52.150: [INFO][Sync] Stopped: Collection
2026-03-05 12:56:52.150: [INFO][Sync] Stopped: Edge E Drop
2026-03-05 12:56:52.150: [INFO][Sync] Stopped: Edge Hub App Usage
2026-03-05 12:56:52.150: [INFO][Sync] Stopped: Edge Wallet
2026-03-05 12:56:52.150: [INFO][Sync] Stopped: Edge Workspace
2026-03-05 12:56:52.150: [INFO][Sync] SyncState after authenticated was: NotSignedIn
2026-03-05 12:56:52.318: [INFO][Sync] Reset engine, reason: 8
2026-03-05 12:56:52.318: [INFO][Sync] Stopped: Bookmarks
2026-03-05 12:56:52.318: [INFO][Sync] Stopped: Preferences
2026-03-05 12:56:52.318: [INFO][Sync] Stopped: Passwords
2026-03-05 12:56:52.318: [INFO][Sync] Stopped: Autofill Profiles
2026-03-05 12:56:52.318: [INFO][Sync] Stopped: Autofill
2026-03-05 12:56:52.318: [INFO][Sync] Stopped: Extensions
2026-03-05 12:56:52.318: [INFO][Sync] Stopped: Sessions
2026-03-05 12:56:52.318: [INFO][Sync] Stopped: Extension settings
2026-03-05 12:56:52.318: [INFO][Sync] Stopped: History Delete Directives
2026-03-05 12:56:52.318: [INFO][Sync] Stopped: Device Info
2026-03-05 12:56:52.318: [INFO][Sync] Stopped: User Consents
2026-03-05 12:56:52.318: [INFO][Sync] Stopped: Send Tab To Self
2026-03-05 12:56:52.318: [INFO][Sync] Stopped: Web Apps
2026-03-05 12:56:52.318: [INFO][Sync] Stopped: History
2026-03-05 12:56:52.318: [INFO][Sync] Stopped: Saved Tab Group
2026-03-05 12:56:52.318: [INFO][Sync] Stopped: WebAuthn Credentials
2026-03-05 12:56:52.318: [INFO][Sync] Stopped: Collection
2026-03-05 12:56:52.318: [INFO][Sync] Stopped: Edge E Drop
2026-03-05 12:56:52.318: [INFO][Sync] Stopped: Edge Hub App Usage
2026-03-05 12:56:52.318: [INFO][Sync] Stopped: Edge Wallet
2026-03-05 12:56:52.318: [INFO][Sync] Stopped: Edge Workspace
2026-03-05 12:56:54.945: [INFO][Sync] Try to start sync engine
2026-03-05 12:56:54.946: [INFO][SyncManagerImpl::NudgeForInitialDownload] Initial download nudge for Encryption Keys
2026-03-05 12:56:54.946: [INFO][SyncEngineBackend::LoadAndConnectNigoriController] Load and connect Nigori controller
2026-03-05 12:56:54.946: [INFO][SyncEngineBackend::DoInitialize] Control Types added: Encryption Keys
2026-03-05 12:56:54.946: [INFO][SyncManagerImpl::ConfigureSyncer] Types to download: Encryption Keys with reason: 3
2026-03-05 12:56:54.946: [INFO][SyncSchedulerImpl::DoConfigurationSyncCycleJob] Configure job was blocked
2026-03-05 12:56:54.987: [INFO][SyncAuthManager::SetLastAuthError] Current auth error: None
2026-03-05 12:56:54.987: [INFO][SyncAuthManager::EdgeLogTokenErrorState] Token error with: None for account type: AAD
2026-03-05 12:56:54.987: [INFO][Sync] Credentials changed for: EdgeSyncScopeNew
2026-03-05 12:56:54.992: [INFO][SyncAuthManager::SetLastAuthError] Current auth error: None
2026-03-05 12:56:54.992: [INFO][SyncAuthManager::EdgeLogTokenErrorState] Token error with: None for account type: AAD
2026-03-05 12:56:54.992: [INFO][Sync] Credentials changed for: EdgeSyncKeyDataScope
2026-03-05 12:56:54.992: [INFO][SyncEngineBackend::DoUpdateKeyDataCredentials] Update key data credentials
2026-03-05 12:56:54.993: [INFO][SyncEngineBackend::DoUpdateCredentials] Update credentials
2026-03-05 12:56:54.993: [INFO][SyncSchedulerImpl::DoConfigurationSyncCycleJob] Blocked types:  and types to download: Encryption Keys
2026-03-05 12:56:55.821: [INFO][Sync] Started DataTypeManager configuration, reason: 4
2026-03-05 12:56:55.821: [INFO][Sync] Configuring for: Bookmarks, Preferences, Passwords, Autofill Profiles, Autofill, Extensions, Sessions, Extension settings, History Delete Directives, Device Info, User Consents, Send Tab To Self, Web Apps, History, Saved Tab Group, WebAuthn Credentials, Collection, Edge E Drop, Edge Hub App Usage, Edge Wallet, Edge Workspace, Encryption Keys, reason: 4, current state: 0
2026-03-05 12:56:55.821: [INFO][SyncEngineBackend::DoStartConfiguration] Start configuration
2026-03-05 12:56:55.825: [INFO][Sync] Configure, desired: Bookmarks, Preferences, Passwords, Autofill Profiles, Autofill, Extensions, Sessions, Extension settings, History Delete Directives, Device Info, User Consents, Send Tab To Self, Web Apps, History, Saved Tab Group, WebAuthn Credentials, Collection, Edge E Drop, Edge Hub App Usage, Edge Wallet, Edge Workspace, Encryption Keys; Allow fail: 
2026-03-05 12:56:55.825: [INFO][Sync] Loading: Bookmarks
2026-03-05 12:56:55.825: [INFO][Sync] Loading: Preferences
2026-03-05 12:56:55.825: [INFO][Sync] Loading: Passwords
2026-03-05 12:56:55.825: [INFO][Sync] Loading: Autofill Profiles
2026-03-05 12:56:55.825: [INFO][Sync] Loading: Autofill
2026-03-05 12:56:55.825: [INFO][Sync] Loading: Extensions
2026-03-05 12:56:55.825: [INFO][Sync] Loading: Sessions
2026-03-05 12:56:55.825: [INFO][Sync] Loading: Extension settings
2026-03-05 12:56:55.825: [INFO][Sync] Loading: History Delete Directives
2026-03-05 12:56:55.825: [INFO][Sync] Loading: Device Info
2026-03-05 12:56:55.825: [INFO][Sync] Loading: User Consents
2026-03-05 12:56:55.825: [INFO][Sync] Loading: Send Tab To Self
2026-03-05 12:56:55.825: [INFO][Sync] Loading: Web Apps
2026-03-05 12:56:55.825: [INFO][Sync] Loading: History
2026-03-05 12:56:55.825: [INFO][Sync] Loading: Saved Tab Group
2026-03-05 12:56:55.825: [INFO][Sync] Loading: WebAuthn Credentials
2026-03-05 12:56:55.825: [INFO][Sync] Loading: Collection
2026-03-05 12:56:55.825: [INFO][Sync] Loading: Edge E Drop
2026-03-05 12:56:55.825: [INFO][Sync] Loading: Edge Hub App Usage
2026-03-05 12:56:55.825: [INFO][Sync] Loading: Edge Wallet
2026-03-05 12:56:55.825: [INFO][Sync] Loading: Edge Workspace
2026-03-05 12:56:55.830: [INFO][Sync] All data types are ready for configure.
2026-03-05 12:56:55.830: [INFO][SyncManagerImpl::NudgeForInitialDownload] Initial download nudge for Bookmarks
2026-03-05 12:56:55.830: [INFO][SyncManagerImpl::NudgeForInitialDownload] Initial download nudge for Preferences
2026-03-05 12:56:55.830: [INFO][SyncManagerImpl::NudgeForInitialDownload] Initial download nudge for Passwords
2026-03-05 12:56:55.830: [INFO][SyncManagerImpl::NudgeForInitialDownload] Initial download nudge for Autofill Profiles
2026-03-05 12:56:55.830: [INFO][SyncManagerImpl::NudgeForInitialDownload] Initial download nudge for Autofill
2026-03-05 12:56:55.830: [INFO][SyncManagerImpl::NudgeForInitialDownload] Initial download nudge for Extensions
2026-03-05 12:56:55.830: [INFO][SyncManagerImpl::NudgeForInitialDownload] Initial download nudge for Sessions
2026-03-05 12:56:55.830: [INFO][SyncManagerImpl::NudgeForInitialDownload] Initial download nudge for Extension settings
2026-03-05 12:56:55.830: [INFO][SyncManagerImpl::NudgeForInitialDownload] Initial download nudge for History Delete Directives
2026-03-05 12:56:55.830: [INFO][SyncManagerImpl::NudgeForInitialDownload] Initial download nudge for Device Info
2026-03-05 12:56:55.830: [INFO][SyncManagerImpl::NudgeForInitialDownload] Initial download nudge for Send Tab To Self
2026-03-05 12:56:55.830: [INFO][SyncManagerImpl::NudgeForInitialDownload] Initial download nudge for Web Apps
2026-03-05 12:56:55.830: [INFO][SyncManagerImpl::NudgeForInitialDownload] Initial download nudge for History
2026-03-05 12:56:55.830: [INFO][SyncManagerImpl::NudgeForInitialDownload] Initial download nudge for Saved Tab Group
2026-03-05 12:56:55.830: [INFO][SyncManagerImpl::NudgeForInitialDownload] Initial download nudge for WebAuthn Credentials
2026-03-05 12:56:55.830: [INFO][SyncManagerImpl::NudgeForInitialDownload] Initial download nudge for Collection
2026-03-05 12:56:55.830: [INFO][SyncManagerImpl::NudgeForInitialDownload] Initial download nudge for Edge E Drop
2026-03-05 12:56:55.830: [INFO][SyncManagerImpl::NudgeForInitialDownload] Initial download nudge for Edge Hub App Usage
2026-03-05 12:56:55.830: [INFO][SyncManagerImpl::NudgeForInitialDownload] Initial download nudge for Edge Wallet
2026-03-05 12:56:55.830: [INFO][SyncManagerImpl::NudgeForInitialDownload] Initial download nudge for Edge Workspace
2026-03-05 12:56:55.830: [INFO][SyncManagerImpl::ConfigureSyncer] Types to download:  with reason: 4
2026-03-05 12:56:55.830: [INFO][SyncEngineBackend::DoFinishConfigureDataTypes] Failed to download types:  and succeeded types: 
2026-03-05 12:56:55.835: [INFO][Sync] ConfigurationDone, failed: , succeeded: , remaining count: 4
2026-03-05 12:56:55.835: [INFO][Sync] Prepare to configure types: Preferences, Passwords, Device Info, Send Tab To Self, Edge E Drop, Encryption Keys
2026-03-05 12:56:55.835: [INFO][SyncManagerImpl::ConfigureSyncer] Types to download: Preferences, Passwords, Device Info, Send Tab To Self, Edge E Drop, Encryption Keys with reason: 4
2026-03-05 12:56:55.835: [INFO][SyncSchedulerImpl::DoConfigurationSyncCycleJob] Blocked types:  and types to download: Preferences, Passwords, Device Info, Send Tab To Self, Edge E Drop, Encryption Keys
2026-03-05 12:56:56.158: [INFO][SyncEngineBackend::DoFinishConfigureDataTypes] Failed to download types:  and succeeded types: Preferences, Passwords, Device Info, Send Tab To Self, Edge E Drop, Encryption Keys
2026-03-05 12:56:56.162: [INFO][Sync] ConfigurationDone, failed: , succeeded: Preferences, Passwords, Device Info, Send Tab To Self, Edge E Drop, Encryption Keys, remaining count: 3
2026-03-05 12:56:56.162: [INFO][Sync] Prepare to configure types: Bookmarks, Encryption Keys
2026-03-05 12:56:56.162: [INFO][SyncManagerImpl::ConfigureSyncer] Types to download: Bookmarks, Encryption Keys with reason: 4
2026-03-05 12:56:56.163: [INFO][SyncSchedulerImpl::DoConfigurationSyncCycleJob] Blocked types:  and types to download: Bookmarks, Encryption Keys
2026-03-05 12:56:56.305: [INFO][SyncEngineBackend::DoFinishConfigureDataTypes] Failed to download types:  and succeeded types: Bookmarks, Encryption Keys
2026-03-05 12:56:56.309: [INFO][Sync] ConfigurationDone, failed: , succeeded: Bookmarks, Encryption Keys, remaining count: 2
2026-03-05 12:56:56.310: [INFO][Sync] Prepare to configure types: Autofill Profiles, Autofill, Extensions, Sessions, Extension settings, History Delete Directives, Web Apps, Saved Tab Group, WebAuthn Credentials, Collection, Edge Hub App Usage, Edge Wallet, Edge Workspace, Encryption Keys
2026-03-05 12:56:56.310: [INFO][SyncManagerImpl::ConfigureSyncer] Types to download: Autofill Profiles, Autofill, Extensions, Sessions, Extension settings, History Delete Directives, Web Apps, Saved Tab Group, WebAuthn Credentials, Collection, Edge Hub App Usage, Edge Wallet, Edge Workspace, Encryption Keys with reason: 4
2026-03-05 12:56:56.310: [INFO][SyncSchedulerImpl::DoConfigurationSyncCycleJob] Blocked types:  and types to download: Autofill Profiles, Autofill, Extensions, Sessions, Extension settings, History Delete Directives, Web Apps, Saved Tab Group, WebAuthn Credentials, Collection, Edge Hub App Usage, Edge Wallet, Edge Workspace, Encryption Keys
2026-03-05 12:57:00.027: [INFO][SyncEngineBackend::DoFinishConfigureDataTypes] Failed to download types:  and succeeded types: Autofill Profiles, Autofill, Extensions, Sessions, Extension settings, History Delete Directives, Web Apps, Saved Tab Group, WebAuthn Credentials, Collection, Edge Hub App Usage, Edge Wallet, Edge Workspace, Encryption Keys
2026-03-05 12:57:00.032: [INFO][Sync] ConfigurationDone, failed: , succeeded: Autofill Profiles, Autofill, Extensions, Sessions, Extension settings, History Delete Directives, Web Apps, Saved Tab Group, WebAuthn Credentials, Collection, Edge Hub App Usage, Edge Wallet, Edge Workspace, Encryption Keys, remaining count: 1
2026-03-05 12:57:00.037: [INFO][Sync] Prepare to configure types: History, Encryption Keys
2026-03-05 12:57:00.037: [INFO][SyncManagerImpl::ConfigureSyncer] Types to download: History, Encryption Keys with reason: 4
2026-03-05 12:57:00.037: [INFO][SyncSchedulerImpl::DoConfigurationSyncCycleJob] Blocked types:  and types to download: History, Encryption Keys
2026-03-05 12:57:04.354: [INFO][SyncEngineBackend::DoFinishConfigureDataTypes] Failed to download types:  and succeeded types: History, Encryption Keys
2026-03-05 12:57:04.365: [INFO][Sync] ConfigurationDone, failed: , succeeded: History, Encryption Keys, remaining count: 0
2026-03-05 12:57:04.368: [INFO][Sync]     Configuration completed, state: 3
2026-03-05 12:57:04.368: [INFO][Sync] Configured DataTypeManager: Ok
2026-03-05 12:57:04.372: [INFO][SyncEngineBackend::DoStartSyncing] Start syncing
2026-03-05 13:00:31.632: [INFO][Sync] Reset engine, reason: 0
2026-03-05 13:00:31.632: [INFO][Sync] Reset engine with reason: 0
2026-03-05 13:01:34.882: [INFO][Sync] SyncState after authenticated was: FeatureCanStart
2026-03-05 13:01:35.301: [INFO][SyncAuthManager::SetLastAuthError] Current auth error: None
2026-03-05 13:01:35.301: [INFO][SyncAuthManager::EdgeLogTokenErrorState] Token error with: None for account type: AAD
2026-03-05 13:01:35.301: [INFO][Sync] Credentials changed for: EdgeSyncKeyDataScope
2026-03-05 13:01:35.301: [INFO][Sync] Try to start sync engine
2026-03-05 13:01:35.303: [INFO][SyncManagerImpl::NudgeForInitialDownload] Initial download nudge for Encryption Keys
2026-03-05 13:01:35.303: [INFO][SyncEngineBackend::LoadAndConnectNigoriController] Load and connect Nigori controller
2026-03-05 13:01:35.303: [INFO][SyncEngineBackend::DoInitialize] Control Types added: Encryption Keys
2026-03-05 13:01:35.303: [INFO][SyncManagerImpl::ConfigureSyncer] Types to download: Encryption Keys with reason: 3
2026-03-05 13:01:35.303: [INFO][SyncEngineBackend::DoUpdateKeyDataCredentials] Update key data credentials
2026-03-05 13:01:35.303: [INFO][SyncSchedulerImpl::DoConfigurationSyncCycleJob] Configure job was blocked
2026-03-05 13:01:35.340: [INFO][SyncAuthManager::SetLastAuthError] Current auth error: None
2026-03-05 13:01:35.340: [INFO][SyncAuthManager::EdgeLogTokenErrorState] Token error with: None for account type: AAD
2026-03-05 13:01:35.341: [INFO][Sync] Credentials changed for: EdgeSyncScopeNew
2026-03-05 13:01:35.341: [INFO][SyncEngineBackend::DoUpdateCredentials] Update credentials
2026-03-05 13:01:35.341: [INFO][SyncEngineBackend::DoUpdateKeyDataCredentials] Update key data credentials
2026-03-05 13:01:35.341: [INFO][SyncSchedulerImpl::DoConfigurationSyncCycleJob] Blocked types:  and types to download: Encryption Keys
2026-03-05 13:01:36.348: [INFO][Sync] Started DataTypeManager configuration, reason: 4
2026-03-05 13:01:36.348: [INFO][Sync] Configuring for: Bookmarks, Preferences, Passwords, Autofill Profiles, Autofill, Extensions, Sessions, Extension settings, History Delete Directives, Device Info, User Consents, Send Tab To Self, Web Apps, History, Saved Tab Group, WebAuthn Credentials, Collection, Edge E Drop, Edge Hub App Usage, Edge Wallet, Edge Workspace, Encryption Keys, reason: 4, current state: 0
2026-03-05 13:01:36.348: [INFO][SyncEngineBackend::DoStartConfiguration] Start configuration
2026-03-05 13:01:36.352: [INFO][Sync] Configure, desired: Bookmarks, Preferences, Passwords, Autofill Profiles, Autofill, Extensions, Sessions, Extension settings, History Delete Directives, Device Info, User Consents, Send Tab To Self, Web Apps, History, Saved Tab Group, WebAuthn Credentials, Collection, Edge E Drop, Edge Hub App Usage, Edge Wallet, Edge Workspace, Encryption Keys; Allow fail: 
2026-03-05 13:01:36.352: [INFO][Sync] Loading: Bookmarks
2026-03-05 13:01:36.352: [INFO][Sync] Loading: Preferences
2026-03-05 13:01:36.352: [INFO][Sync] Loading: Passwords
2026-03-05 13:01:36.352: [INFO][Sync] Loading: Autofill Profiles
2026-03-05 13:01:36.352: [INFO][Sync] Loading: Autofill
2026-03-05 13:01:36.352: [INFO][Sync] Loading: Extensions
2026-03-05 13:01:36.352: [INFO][Sync] Loading: Sessions
2026-03-05 13:01:36.352: [INFO][Sync] Loading: Extension settings
2026-03-05 13:01:36.352: [INFO][Sync] Loading: History Delete Directives
2026-03-05 13:01:36.352: [INFO][Sync] Loading: Device Info
2026-03-05 13:01:36.352: [INFO][Sync] Loading: User Consents
2026-03-05 13:01:36.352: [INFO][Sync] Loading: Send Tab To Self
2026-03-05 13:01:36.352: [INFO][Sync] Loading: Web Apps
2026-03-05 13:01:36.352: [INFO][Sync] Loading: History
2026-03-05 13:01:36.352: [INFO][Sync] Loading: Saved Tab Group
2026-03-05 13:01:36.352: [INFO][Sync] Loading: WebAuthn Credentials
2026-03-05 13:01:36.352: [INFO][Sync] Loading: Collection
2026-03-05 13:01:36.352: [INFO][Sync] Loading: Edge E Drop
2026-03-05 13:01:36.352: [INFO][Sync] Loading: Edge Hub App Usage
2026-03-05 13:01:36.352: [INFO][Sync] Loading: Edge Wallet
2026-03-05 13:01:36.352: [INFO][Sync] Loading: Edge Workspace
2026-03-05 13:01:36.359: [INFO][Sync] All data types are ready for configure.
2026-03-05 13:01:36.359: [INFO][SyncManagerImpl::NudgeForInitialDownload] Initial download nudge for Passwords
2026-03-05 13:01:36.359: [INFO][SyncManagerImpl::ConfigureSyncer] Types to download:  with reason: 4
2026-03-05 13:01:36.359: [INFO][SyncEngineBackend::DoFinishConfigureDataTypes] Failed to download types:  and succeeded types: 
2026-03-05 13:01:36.365: [INFO][Sync] ConfigurationDone, failed: , succeeded: , remaining count: 4
2026-03-05 13:01:36.365: [INFO][Sync] Prepare to configure types: Passwords, Encryption Keys
2026-03-05 13:01:36.365: [INFO][SyncManagerImpl::ConfigureSyncer] Types to download: Passwords, Encryption Keys with reason: 4
2026-03-05 13:01:36.365: [INFO][SyncSchedulerImpl::DoConfigurationSyncCycleJob] Blocked types:  and types to download: Passwords, Encryption Keys
2026-03-05 13:01:36.835: [INFO][SyncEngineBackend::DoFinishConfigureDataTypes] Failed to download types:  and succeeded types: Passwords, Encryption Keys
2026-03-05 13:01:36.838: [INFO][Sync] ConfigurationDone, failed: , succeeded: Passwords, Encryption Keys, remaining count: 3
2026-03-05 13:01:36.839: [INFO][SyncManagerImpl::ConfigureSyncer] Types to download:  with reason: 4
2026-03-05 13:01:36.839: [INFO][SyncEngineBackend::DoFinishConfigureDataTypes] Failed to download types:  and succeeded types: 
2026-03-05 13:01:36.844: [INFO][Sync] ConfigurationDone, failed: , succeeded: , remaining count: 2
2026-03-05 13:01:36.844: [INFO][SyncManagerImpl::ConfigureSyncer] Types to download:  with reason: 4
2026-03-05 13:01:36.844: [INFO][SyncEngineBackend::DoFinishConfigureDataTypes] Failed to download types:  and succeeded types: 
2026-03-05 13:01:36.844: [INFO][Sync] ConfigurationDone, failed: , succeeded: , remaining count: 1
2026-03-05 13:01:36.848: [INFO][SyncManagerImpl::ConfigureSyncer] Types to download:  with reason: 4
2026-03-05 13:01:36.848: [INFO][SyncEngineBackend::DoFinishConfigureDataTypes] Failed to download types:  and succeeded types: 
2026-03-05 13:01:36.849: [INFO][Sync] ConfigurationDone, failed: , succeeded: , remaining count: 0
2026-03-05 13:01:36.854: [INFO][Sync]     Configuration completed, state: 3
2026-03-05 13:01:36.854: [INFO][Sync] Configured DataTypeManager: Ok
2026-03-05 13:01:36.859: [INFO][SyncEngineBackend::DoStartSyncing] Start syncing
2026-03-05 13:03:40.988: [INFO][Sync] Reset engine, reason: 0
2026-03-05 13:03:40.988: [INFO][Sync] Reset engine with reason: 0
2026-03-05 13:07:04.083: [INFO][Sync] Reset engine, reason: 8
2026-03-05 13:07:04.083: [INFO][Sync] Stopped: Bookmarks
2026-03-05 13:07:04.083: [INFO][Sync] Stopped: Preferences
2026-03-05 13:07:04.083: [INFO][Sync] Stopped: Passwords
2026-03-05 13:07:04.083: [INFO][Sync] Stopped: Autofill Profiles
2026-03-05 13:07:04.083: [INFO][Sync] Stopped: Autofill
2026-03-05 13:07:04.083: [INFO][Sync] Stopped: Extensions
2026-03-05 13:07:04.083: [INFO][Sync] Stopped: Sessions
2026-03-05 13:07:04.083: [INFO][Sync] Stopped: Extension settings
2026-03-05 13:07:04.083: [INFO][Sync] Stopped: History Delete Directives
2026-03-05 13:07:04.083: [INFO][Sync] Stopped: Device Info
2026-03-05 13:07:04.083: [INFO][Sync] Stopped: User Consents
2026-03-05 13:07:04.083: [INFO][Sync] Stopped: Send Tab To Self
2026-03-05 13:07:04.083: [INFO][Sync] Stopped: Web Apps
2026-03-05 13:07:04.083: [INFO][Sync] Stopped: History
2026-03-05 13:07:04.083: [INFO][Sync] Stopped: Saved Tab Group
2026-03-05 13:07:04.083: [INFO][Sync] Stopped: WebAuthn Credentials
2026-03-05 13:07:04.083: [INFO][Sync] Stopped: Collection
2026-03-05 13:07:04.083: [INFO][Sync] Stopped: Edge E Drop
2026-03-05 13:07:04.083: [INFO][Sync] Stopped: Edge Hub App Usage
2026-03-05 13:07:04.083: [INFO][Sync] Stopped: Edge Wallet
2026-03-05 13:07:04.083: [INFO][Sync] Stopped: Edge Workspace
2026-03-05 13:07:04.083: [INFO][Sync] SyncState after authenticated was: NotSignedIn
2026-03-05 13:07:04.268: [INFO][Sync] Reset engine, reason: 8
2026-03-05 13:07:04.268: [INFO][Sync] Stopped: Bookmarks
2026-03-05 13:07:04.268: [INFO][Sync] Stopped: Preferences
2026-03-05 13:07:04.268: [INFO][Sync] Stopped: Passwords
2026-03-05 13:07:04.268: [INFO][Sync] Stopped: Autofill Profiles
2026-03-05 13:07:04.268: [INFO][Sync] Stopped: Autofill
2026-03-05 13:07:04.268: [INFO][Sync] Stopped: Extensions
2026-03-05 13:07:04.268: [INFO][Sync] Stopped: Sessions
2026-03-05 13:07:04.268: [INFO][Sync] Stopped: Extension settings
2026-03-05 13:07:04.268: [INFO][Sync] Stopped: History Delete Directives
2026-03-05 13:07:04.268: [INFO][Sync] Stopped: Device Info
2026-03-05 13:07:04.268: [INFO][Sync] Stopped: User Consents
2026-03-05 13:07:04.268: [INFO][Sync] Stopped: Send Tab To Self
2026-03-05 13:07:04.268: [INFO][Sync] Stopped: Web Apps
2026-03-05 13:07:04.268: [INFO][Sync] Stopped: History
2026-03-05 13:07:04.268: [INFO][Sync] Stopped: Saved Tab Group
2026-03-05 13:07:04.268: [INFO][Sync] Stopped: WebAuthn Credentials
2026-03-05 13:07:04.268: [INFO][Sync] Stopped: Collection
2026-03-05 13:07:04.268: [INFO][Sync] Stopped: Edge E Drop
2026-03-05 13:07:04.268: [INFO][Sync] Stopped: Edge Hub App Usage
2026-03-05 13:07:04.268: [INFO][Sync] Stopped: Edge Wallet
2026-03-05 13:07:04.268: [INFO][Sync] Stopped: Edge Workspace
2026-03-05 13:07:04.840: [INFO][Sync] Try to start sync engine
2026-03-05 13:07:04.841: [INFO][SyncManagerImpl::NudgeForInitialDownload] Initial download nudge for Encryption Keys
2026-03-05 13:07:04.841: [INFO][SyncEngineBackend::LoadAndConnectNigoriController] Load and connect Nigori controller
2026-03-05 13:07:04.841: [INFO][SyncEngineBackend::DoInitialize] Control Types added: Encryption Keys
2026-03-05 13:07:04.841: [INFO][SyncManagerImpl::ConfigureSyncer] Types to download: Encryption Keys with reason: 3
2026-03-05 13:07:04.841: [INFO][SyncSchedulerImpl::DoConfigurationSyncCycleJob] Configure job was blocked
2026-03-05 13:07:04.880: [INFO][SyncAuthManager::SetLastAuthError] Current auth error: None
2026-03-05 13:07:04.880: [INFO][SyncAuthManager::EdgeLogTokenErrorState] Token error with: None for account type: AAD
2026-03-05 13:07:04.881: [INFO][Sync] Credentials changed for: EdgeSyncScopeNew
2026-03-05 13:07:04.884: [INFO][SyncAuthManager::SetLastAuthError] Current auth error: None
2026-03-05 13:07:04.884: [INFO][SyncAuthManager::EdgeLogTokenErrorState] Token error with: None for account type: AAD
2026-03-05 13:07:04.884: [INFO][Sync] Credentials changed for: EdgeSyncKeyDataScope
2026-03-05 13:07:04.884: [INFO][SyncEngineBackend::DoUpdateKeyDataCredentials] Update key data credentials
2026-03-05 13:07:04.884: [INFO][SyncEngineBackend::DoUpdateCredentials] Update credentials
2026-03-05 13:07:04.884: [INFO][SyncSchedulerImpl::DoConfigurationSyncCycleJob] Blocked types:  and types to download: Encryption Keys
2026-03-05 13:07:06.018: [INFO][Sync] Started DataTypeManager configuration, reason: 4
2026-03-05 13:07:06.018: [INFO][Sync] Configuring for: Bookmarks, Preferences, Passwords, Autofill Profiles, Autofill, Extensions, Sessions, Extension settings, History Delete Directives, Device Info, User Consents, Send Tab To Self, Web Apps, History, Saved Tab Group, WebAuthn Credentials, Collection, Edge E Drop, Edge Hub App Usage, Edge Wallet, Edge Workspace, Encryption Keys, reason: 4, current state: 0
2026-03-05 13:07:06.018: [INFO][SyncEngineBackend::DoStartConfiguration] Start configuration
2026-03-05 13:07:06.021: [INFO][Sync] Configure, desired: Bookmarks, Preferences, Passwords, Autofill Profiles, Autofill, Extensions, Sessions, Extension settings, History Delete Directives, Device Info, User Consents, Send Tab To Self, Web Apps, History, Saved Tab Group, WebAuthn Credentials, Collection, Edge E Drop, Edge Hub App Usage, Edge Wallet, Edge Workspace, Encryption Keys; Allow fail: 
2026-03-05 13:07:06.022: [INFO][Sync] Loading: Bookmarks
2026-03-05 13:07:06.022: [INFO][Sync] Loading: Preferences
2026-03-05 13:07:06.022: [INFO][Sync] Loading: Passwords
2026-03-05 13:07:06.022: [INFO][Sync] Loading: Autofill Profiles
2026-03-05 13:07:06.022: [INFO][Sync] Loading: Autofill
2026-03-05 13:07:06.022: [INFO][Sync] Loading: Extensions
2026-03-05 13:07:06.022: [INFO][Sync] Loading: Sessions
2026-03-05 13:07:06.022: [INFO][Sync] Loading: Extension settings
2026-03-05 13:07:06.022: [INFO][Sync] Loading: History Delete Directives
2026-03-05 13:07:06.022: [INFO][Sync] Loading: Device Info
2026-03-05 13:07:06.022: [INFO][Sync] Loading: User Consents
2026-03-05 13:07:06.022: [INFO][Sync] Loading: Send Tab To Self
2026-03-05 13:07:06.022: [INFO][Sync] Loading: Web Apps
2026-03-05 13:07:06.022: [INFO][Sync] Loading: History
2026-03-05 13:07:06.022: [INFO][Sync] Loading: Saved Tab Group
2026-03-05 13:07:06.022: [INFO][Sync] Loading: WebAuthn Credentials
2026-03-05 13:07:06.022: [INFO][Sync] Loading: Collection
2026-03-05 13:07:06.022: [INFO][Sync] Loading: Edge E Drop
2026-03-05 13:07:06.022: [INFO][Sync] Loading: Edge Hub App Usage
2026-03-05 13:07:06.022: [INFO][Sync] Loading: Edge Wallet
2026-03-05 13:07:06.022: [INFO][Sync] Loading: Edge Workspace
2026-03-05 13:07:06.027: [INFO][Sync] All data types are ready for configure.
2026-03-05 13:07:06.027: [INFO][SyncManagerImpl::NudgeForInitialDownload] Initial download nudge for Bookmarks
2026-03-05 13:07:06.027: [INFO][SyncManagerImpl::NudgeForInitialDownload] Initial download nudge for Preferences
2026-03-05 13:07:06.027: [INFO][SyncManagerImpl::NudgeForInitialDownload] Initial download nudge for Passwords
2026-03-05 13:07:06.027: [INFO][SyncManagerImpl::NudgeForInitialDownload] Initial download nudge for Autofill Profiles
2026-03-05 13:07:06.027: [INFO][SyncManagerImpl::NudgeForInitialDownload] Initial download nudge for Autofill
2026-03-05 13:07:06.027: [INFO][SyncManagerImpl::NudgeForInitialDownload] Initial download nudge for Extensions
2026-03-05 13:07:06.027: [INFO][SyncManagerImpl::NudgeForInitialDownload] Initial download nudge for Sessions
2026-03-05 13:07:06.027: [INFO][SyncManagerImpl::NudgeForInitialDownload] Initial download nudge for Extension settings
2026-03-05 13:07:06.027: [INFO][SyncManagerImpl::NudgeForInitialDownload] Initial download nudge for History Delete Directives
2026-03-05 13:07:06.027: [INFO][SyncManagerImpl::NudgeForInitialDownload] Initial download nudge for Device Info
2026-03-05 13:07:06.027: [INFO][SyncManagerImpl::NudgeForInitialDownload] Initial download nudge for Send Tab To Self
2026-03-05 13:07:06.027: [INFO][SyncManagerImpl::NudgeForInitialDownload] Initial download nudge for Web Apps
2026-03-05 13:07:06.027: [INFO][SyncManagerImpl::NudgeForInitialDownload] Initial download nudge for History
2026-03-05 13:07:06.027: [INFO][SyncManagerImpl::NudgeForInitialDownload] Initial download nudge for Saved Tab Group
2026-03-05 13:07:06.027: [INFO][SyncManagerImpl::NudgeForInitialDownload] Initial download nudge for WebAuthn Credentials
2026-03-05 13:07:06.027: [INFO][SyncManagerImpl::NudgeForInitialDownload] Initial download nudge for Collection
2026-03-05 13:07:06.027: [INFO][SyncManagerImpl::NudgeForInitialDownload] Initial download nudge for Edge E Drop
2026-03-05 13:07:06.028: [INFO][SyncManagerImpl::NudgeForInitialDownload] Initial download nudge for Edge Hub App Usage
2026-03-05 13:07:06.028: [INFO][SyncManagerImpl::NudgeForInitialDownload] Initial download nudge for Edge Wallet
2026-03-05 13:07:06.028: [INFO][SyncManagerImpl::NudgeForInitialDownload] Initial download nudge for Edge Workspace
2026-03-05 13:07:06.028: [INFO][SyncManagerImpl::ConfigureSyncer] Types to download:  with reason: 4
2026-03-05 13:07:06.028: [INFO][SyncEngineBackend::DoFinishConfigureDataTypes] Failed to download types:  and succeeded types: 
2026-03-05 13:07:06.028: [INFO][Sync] ConfigurationDone, failed: , succeeded: , remaining count: 4
2026-03-05 13:07:06.028: [INFO][Sync] Prepare to configure types: Preferences, Passwords, Device Info, Send Tab To Self, Edge E Drop, Encryption Keys
2026-03-05 13:07:06.028: [INFO][SyncManagerImpl::ConfigureSyncer] Types to download: Preferences, Passwords, Device Info, Send Tab To Self, Edge E Drop, Encryption Keys with reason: 4
2026-03-05 13:07:06.028: [INFO][SyncSchedulerImpl::DoConfigurationSyncCycleJob] Blocked types:  and types to download: Preferences, Passwords, Device Info, Send Tab To Self, Edge E Drop, Encryption Keys
2026-03-05 13:07:06.192: [INFO][SyncEngineBackend::DoFinishConfigureDataTypes] Failed to download types:  and succeeded types: Preferences, Passwords, Device Info, Send Tab To Self, Edge E Drop, Encryption Keys
2026-03-05 13:07:06.197: [INFO][Sync] ConfigurationDone, failed: , succeeded: Preferences, Passwords, Device Info, Send Tab To Self, Edge E Drop, Encryption Keys, remaining count: 3
2026-03-05 13:07:06.197: [INFO][Sync] Prepare to configure types: Bookmarks, Encryption Keys
2026-03-05 13:07:06.197: [INFO][SyncManagerImpl::ConfigureSyncer] Types to download: Bookmarks, Encryption Keys with reason: 4
2026-03-05 13:07:06.197: [INFO][SyncSchedulerImpl::DoConfigurationSyncCycleJob] Blocked types:  and types to download: Bookmarks, Encryption Keys
2026-03-05 13:07:06.445: [INFO][SyncEngineBackend::DoFinishConfigureDataTypes] Failed to download types:  and succeeded types: Bookmarks, Encryption Keys
2026-03-05 13:07:06.450: [INFO][Sync] ConfigurationDone, failed: , succeeded: Bookmarks, Encryption Keys, remaining count: 2
2026-03-05 13:07:06.450: [INFO][Sync] Prepare to configure types: Autofill Profiles, Autofill, Extensions, Sessions, Extension settings, History Delete Directives, Web Apps, Saved Tab Group, WebAuthn Credentials, Collection, Edge Hub App Usage, Edge Wallet, Edge Workspace, Encryption Keys
2026-03-05 13:07:06.450: [INFO][SyncManagerImpl::ConfigureSyncer] Types to download: Autofill Profiles, Autofill, Extensions, Sessions, Extension settings, History Delete Directives, Web Apps, Saved Tab Group, WebAuthn Credentials, Collection, Edge Hub App Usage, Edge Wallet, Edge Workspace, Encryption Keys with reason: 4
2026-03-05 13:07:06.450: [INFO][SyncSchedulerImpl::DoConfigurationSyncCycleJob] Blocked types:  and types to download: Autofill Profiles, Autofill, Extensions, Sessions, Extension settings, History Delete Directives, Web Apps, Saved Tab Group, WebAuthn Credentials, Collection, Edge Hub App Usage, Edge Wallet, Edge Workspace, Encryption Keys
2026-03-05 13:07:09.800: [INFO][SyncEngineBackend::DoFinishConfigureDataTypes] Failed to download types:  and succeeded types: Autofill Profiles, Autofill, Extensions, Sessions, Extension settings, History Delete Directives, Web Apps, Saved Tab Group, WebAuthn Credentials, Collection, Edge Hub App Usage, Edge Wallet, Edge Workspace, Encryption Keys
2026-03-05 13:07:09.804: [INFO][Sync] ConfigurationDone, failed: , succeeded: Autofill Profiles, Autofill, Extensions, Sessions, Extension settings, History Delete Directives, Web Apps, Saved Tab Group, WebAuthn Credentials, Collection, Edge Hub App Usage, Edge Wallet, Edge Workspace, Encryption Keys, remaining count: 1
2026-03-05 13:07:09.809: [INFO][Sync] Prepare to configure types: History, Encryption Keys
2026-03-05 13:07:09.809: [INFO][SyncManagerImpl::ConfigureSyncer] Types to download: History, Encryption Keys with reason: 4
2026-03-05 13:07:09.809: [INFO][SyncSchedulerImpl::DoConfigurationSyncCycleJob] Blocked types:  and types to download: History, Encryption Keys
2026-03-05 13:07:14.320: [INFO][SyncEngineBackend::DoFinishConfigureDataTypes] Failed to download types:  and succeeded types: History, Encryption Keys
2026-03-05 13:07:14.324: [INFO][Sync] ConfigurationDone, failed: , succeeded: History, Encryption Keys, remaining count: 0
2026-03-05 13:07:14.327: [INFO][Sync]     Configuration completed, state: 3
2026-03-05 13:07:14.327: [INFO][Sync] Configured DataTypeManager: Ok
2026-03-05 13:07:14.330: [INFO][SyncEngineBackend::DoStartSyncing] Start syncing
2026-03-05 14:19:51.769: [INFO][Sync] Connection status changed to: 2
2026-03-05 14:19:51.769: [INFO][SyncSchedulerImpl::OnSyncNetworkError] Syncer error: HTTP error (401)
2026-03-05 14:19:51.769: [INFO][Commit::ReportFullCommitFailure] Commit Sessions, History failed with error: AuthError
2026-03-05 14:19:51.770: [INFO][SyncSchedulerImpl::DoNudgeSyncCycleJob] Syncer error: HTTP error (401)
2026-03-05 14:19:51.779: [WARN][Sync] NetworkError: HTTP error (401)
2026-03-05 14:19:51.796: [INFO][SyncAuthManager::SetLastAuthError] Current auth error: None
2026-03-05 14:19:51.796: [INFO][SyncAuthManager::EdgeLogTokenErrorState] Token error with: None for account type: AAD
2026-03-05 14:19:51.797: [INFO][Sync] Credentials changed for: EdgeSyncScopeNew
2026-03-05 14:19:52.964: [INFO][SyncAuthManager::SetLastAuthError] Current auth error: None
2026-03-05 14:19:52.964: [INFO][SyncAuthManager::EdgeLogTokenErrorState] Token error with: None for account type: AAD
2026-03-05 14:19:52.964: [INFO][Sync] Credentials changed for: EdgeSyncKeyDataScope
2026-03-05 14:19:52.964: [INFO][SyncEngineBackend::DoUpdateKeyDataCredentials] Update key data credentials
2026-03-05 14:19:52.964: [INFO][SyncEngineBackend::DoUpdateCredentials] Update credentials
2026-03-05 14:21:16.012: [INFO][Sync] Reset engine, reason: 0
2026-03-05 14:21:16.012: [INFO][Sync] Reset engine with reason: 0
